>>>>>>>>>>>>>>>> [['void', 'ns3::empty', 'ns3::empty', 'ns3::empty', 'ns3::empty', 'ns3::empty', 'ns3::empty', 'ns3::empty', 'ns3::empty', 'ns3::empty'], ['bool', 'ns3::Ptr<ns3::NetDevice>', 'ns3::Ptr<ns3::Packet const>', 'unsigned short', 'ns3::Address const&', 'ns3::Address const&', 'ns3::NetDevice::PacketType', 'ns3::empty', 'ns3::empty', 'ns3::empty'], ['bool', 'ns3::Ptr<ns3::NetDevice>', 'ns3::Ptr<ns3::Packet const>', 'unsigned short', 'ns3::Address const&', 'ns3::empty', 'ns3::empty', 'ns3::empty', 'ns3::empty', 'ns3::empty'], ['void', 'ns3::Ptr<ns3::Packet>', 'ns3::WifiMacHeader const*', 'ns3::empty', 'ns3::empty', 'ns3::empty', 'ns3::empty', 'ns3::empty', 'ns3::empty', 'ns3::empty'], ['void', 'ns3::Ptr<ns3::NetDevice>', 'ns3::Ptr<ns3::Packet const>', 'unsigned short', 'ns3::Address const&', 'ns3::Address const&', 'ns3::NetDevice::PacketType', 'ns3::empty', 'ns3::empty', 'ns3::empty'], ['void', 'ns3::WifiMacHeader const&', 'ns3::empty', 'ns3::empty', 'ns3::empty', 'ns3::empty', 'ns3::empty', 'ns3::empty', 'ns3::empty', 'ns3::empty'], ['void', 'ns3::Ptr<ns3::Packet>', 'ns3::Mac48Address', 'ns3::Mac48Address', 'ns3::empty', 'ns3::empty', 'ns3::empty', 'ns3::empty', 'ns3::empty', 'ns3::empty'], ['void', 'ns3::Mac48Address', 'unsigned char', 'ns3::empty', 'ns3::empty', 'ns3::empty', 'ns3::empty', 'ns3::empty', 'ns3::empty', 'ns3::empty'], ['void', 'ns3::Mac48Address', 'unsigned char', 'bool', 'ns3::empty', 'ns3::empty', 'ns3::empty', 'ns3::empty', 'ns3::empty', 'ns3::empty']]
bindings/python/ns3modulegen-modular.py:27: UserWarning: exception TypeLookupError(['std::pair< ns3::Ptr< ns3::Packet >, ns3::AmsduSubframeHeader >'],) in wrapper <pybindgen.Container 'std::list< std::pair< ns3::Ptr< ns3::Packet >, ns3::AmsduSubframeHeader > >'>
  warnings.warn("exception %r in wrapper %s" % (exception, wrapper))
***** registering callback handler: 'ns3::Callback< void, ns3::empty, ns3::empty, ns3::empty, ns3::empty, ns3::empty, ns3::empty, ns3::empty, ns3::empty, ns3::empty >'
***** registering callback handler: 'ns3::Callback< bool, ns3::Ptr< ns3::NetDevice >, ns3::Ptr< ns3::Packet const >, unsigned short, ns3::Address const &, ns3::Address const &, ns3::NetDevice::PacketType, ns3::empty, ns3::empty, ns3::empty >'
***** registering callback handler: 'ns3::Callback< bool, ns3::Ptr< ns3::NetDevice >, ns3::Ptr< ns3::Packet const >, unsigned short, ns3::Address const &, ns3::empty, ns3::empty, ns3::empty, ns3::empty, ns3::empty >'
***** registering callback handler: 'ns3::Callback< void, ns3::Ptr< ns3::Packet >, ns3::WifiMacHeader const *, ns3::empty, ns3::empty, ns3::empty, ns3::empty, ns3::empty, ns3::empty, ns3::empty >'
***** registering callback handler: 'ns3::Callback< void, ns3::Ptr< ns3::NetDevice >, ns3::Ptr< ns3::Packet const >, unsigned short, ns3::Address const &, ns3::Address const &, ns3::NetDevice::PacketType, ns3::empty, ns3::empty, ns3::empty >'
***** registering callback handler: 'ns3::Callback< void, ns3::WifiMacHeader const &, ns3::empty, ns3::empty, ns3::empty, ns3::empty, ns3::empty, ns3::empty, ns3::empty, ns3::empty >'
***** registering callback handler: 'ns3::Callback< void, ns3::Ptr< ns3::Packet >, ns3::Mac48Address, ns3::Mac48Address, ns3::empty, ns3::empty, ns3::empty, ns3::empty, ns3::empty, ns3::empty >'
***** registering callback handler: 'ns3::Callback< void, ns3::Mac48Address, unsigned char, ns3::empty, ns3::empty, ns3::empty, ns3::empty, ns3::empty, ns3::empty, ns3::empty >'
***** registering callback handler: 'ns3::Callback< void, ns3::Mac48Address, unsigned char, bool, ns3::empty, ns3::empty, ns3::empty, ns3::empty, ns3::empty, ns3::empty >'
/home/tommaso/OldNS3/ns-allinone-3.17/ns-3.17/src/wifi/bindings/modulegen__gcc_LP64.py:838: Warning: exception TypeConfigurationError('direction not given',) in wrapper <pybindgen.cppmethod.CppConstructor object at 0x7f431f77f6d0>
  cls.add_constructor([param('uint8_t', 'type'), param('uint8_t const *', 'buffer'), param('uint8_t', 'len')])
/home/tommaso/OldNS3/ns-allinone-3.17/ns-3.17/src/wifi/bindings/modulegen__gcc_LP64.py:849: Warning: exception TypeConfigurationError('direction not given',) in wrapper public: retval? ???::CopyAllFrom (params?);
  [param('uint8_t const *', 'buffer'), param('uint8_t', 'len')])
/home/tommaso/OldNS3/ns-allinone-3.17/ns-3.17/src/wifi/bindings/modulegen__gcc_LP64.py:854: Warning: exception TypeConfigurationError('direction not given',) in wrapper public: retval? ???::CopyAllTo (params?) const;
  is_const=True)
/home/tommaso/OldNS3/ns-allinone-3.17/ns-3.17/src/wifi/bindings/modulegen__gcc_LP64.py:858: Warning: exception TypeConfigurationError('direction not given',) in wrapper public: retval? ???::CopyFrom (params?);
  [param('uint8_t const *', 'buffer'), param('uint8_t', 'len')])
/home/tommaso/OldNS3/ns-allinone-3.17/ns-3.17/src/wifi/bindings/modulegen__gcc_LP64.py:863: Warning: exception TypeConfigurationError('direction not given',) in wrapper public: retval? ???::CopyTo (params?) const;
  is_const=True)
/home/tommaso/OldNS3/ns-allinone-3.17/ns-3.17/src/wifi/bindings/modulegen__gcc_LP64.py:1055: Warning: exception TypeLookupError(['std::_List_const_iterator< ns3::AttributeConstructionList::Item >'],) in wrapper public: retval? ???::Begin (params?) const;
  is_const=True)
/home/tommaso/OldNS3/ns-allinone-3.17/ns-3.17/src/wifi/bindings/modulegen__gcc_LP64.py:1060: Warning: exception TypeLookupError(['std::_List_const_iterator< ns3::AttributeConstructionList::Item >'],) in wrapper public: retval? ???::End (params?) const;
  is_const=True)
/home/tommaso/OldNS3/ns-allinone-3.17/ns-3.17/src/wifi/bindings/modulegen__gcc_LP64.py:1179: Warning: exception TypeConfigurationError('Missing transfer_ownership option',) in wrapper public: retval? ???::FillBlockAckBitmap (params?);
  [param('ns3::CtrlBAckResponseHeader *', 'blockAckHeader')])
/home/tommaso/OldNS3/ns-allinone-3.17/ns-3.17/src/wifi/bindings/modulegen__gcc_LP64.py:1296: Warning: exception TypeLookupError(['ns3::MacTxMiddle *'],) in wrapper public: retval? ???::SetTxMiddle (params?);
  [param('ns3::MacTxMiddle *', 'txMiddle')])
/home/tommaso/OldNS3/ns-allinone-3.17/ns-3.17/src/wifi/bindings/modulegen__gcc_LP64.py:1349: Warning: exception TypeLookupError(['std::ostream *'],) in wrapper public: retval? ???::CopyData (params?) const;
  is_const=True)
/home/tommaso/OldNS3/ns-allinone-3.17/ns-3.17/src/wifi/bindings/modulegen__gcc_LP64.py:1354: Warning: exception TypeConfigurationError('direction not given',) in wrapper public: retval? ???::CopyData (params?) const;
  is_const=True)
/home/tommaso/OldNS3/ns-allinone-3.17/ns-3.17/src/wifi/bindings/modulegen__gcc_LP64.py:1368: Warning: exception TypeConfigurationError('direction not given',) in wrapper public: retval? ???::Deserialize (params?);
  [param('uint8_t const *', 'buffer'), param('uint32_t', 'size')])
/home/tommaso/OldNS3/ns-allinone-3.17/ns-3.17/src/wifi/bindings/modulegen__gcc_LP64.py:1398: Warning: exception TypeLookupError(['uint8_t *'],) in wrapper public: retval? ???::PeekData (params?) const;
  is_const=True)
/home/tommaso/OldNS3/ns-allinone-3.17/ns-3.17/src/wifi/bindings/modulegen__gcc_LP64.py:1411: Warning: exception TypeConfigurationError('direction not given',) in wrapper public: retval? ???::Serialize (params?) const;
  is_const=True)
/home/tommaso/OldNS3/ns-allinone-3.17/ns-3.17/src/wifi/bindings/modulegen__gcc_LP64.py:1466: Warning: exception TypeConfigurationError('direction not given',) in wrapper public: retval? ???::Read (params?);
  [param('uint8_t *', 'buffer'), param('uint32_t', 'size')])
/home/tommaso/OldNS3/ns-allinone-3.17/ns-3.17/src/wifi/bindings/modulegen__gcc_LP64.py:1510: Warning: exception TypeConfigurationError('direction not given',) in wrapper public: retval? ???::Write (params?);
  [param('uint8_t const *', 'buffer'), param('uint32_t', 'size')])
/home/tommaso/OldNS3/ns-allinone-3.17/ns-3.17/src/wifi/bindings/modulegen__gcc_LP64.py:1735: Warning: exception TypeConfigurationError('Missing transfer_ownership option',) in wrapper public: retval? ???::Add (params?);
  [param('ns3::DcfState *', 'dcf')])
/home/tommaso/OldNS3/ns-allinone-3.17/ns-3.17/src/wifi/bindings/modulegen__gcc_LP64.py:1792: Warning: exception TypeConfigurationError('Missing transfer_ownership option',) in wrapper public: retval? ???::RequestAccess (params?);
  [param('ns3::DcfState *', 'state')])
/home/tommaso/OldNS3/ns-allinone-3.17/ns-3.17/src/wifi/bindings/modulegen__gcc_LP64.py:1931: Warning: exception TypeLookupError(['ns3::Ptr< ns3::EventImpl > &'],) in wrapper <pybindgen.cppmethod.CppConstructor object at 0x7f431f445190>
  cls.add_constructor([param('ns3::Ptr< ns3::EventImpl > const &', 'impl'), param('uint64_t', 'ts'), param('uint32_t', 'context'), param('uint32_t', 'uid')])
/home/tommaso/OldNS3/ns-allinone-3.17/ns-3.17/src/wifi/bindings/modulegen__gcc_LP64.py:1965: Warning: exception TypeConfigurationError('Either caller_owns_return or self.reference_existing_object must be given',) in wrapper public: retval? ???::PeekEventImpl (params?) const;
  is_const=True)
/home/tommaso/OldNS3/ns-allinone-3.17/ns-3.17/src/wifi/bindings/modulegen__gcc_LP64.py:1974: Warning: exception TypeLookupError(['ns3::Ptr< ns3::InterferenceHelper::Event >', 'ns3::InterferenceHelper::Event *'],) in wrapper public: retval? ???::Add (params?);
  [param('uint32_t', 'size'), param('ns3::WifiMode', 'payloadMode'), param('ns3::WifiPreamble', 'preamble'), param('ns3::Time', 'duration'), param('double', 'rxPower')])
/home/tommaso/OldNS3/ns-allinone-3.17/ns-3.17/src/wifi/bindings/modulegen__gcc_LP64.py:1978: Warning: exception TypeLookupError(['ns3::Ptr< ns3::InterferenceHelper::Event >', 'ns3::InterferenceHelper::Event *'],) in wrapper public: retval? ???::CalculateSnrPer (params?);
  [param('ns3::Ptr< ns3::InterferenceHelper::Event >', 'event')])
/home/tommaso/OldNS3/ns-allinone-3.17/ns-3.17/src/wifi/bindings/modulegen__gcc_LP64.py:2053: Warning: exception TypeConfigurationError('direction not given',) in wrapper public: retval? ???::Deserialize (params?);
  is_static=True)
/home/tommaso/OldNS3/ns-allinone-3.17/ns-3.17/src/wifi/bindings/modulegen__gcc_LP64.py:2118: Warning: exception TypeLookupError(['std::ostream &'],) in wrapper public: retval? ???::Print (params?) const;
  is_const=True)
/home/tommaso/OldNS3/ns-allinone-3.17/ns-3.17/src/wifi/bindings/modulegen__gcc_LP64.py:2123: Warning: exception TypeConfigurationError('direction not given',) in wrapper public: retval? ???::Serialize (params?) const;
  is_const=True)
/home/tommaso/OldNS3/ns-allinone-3.17/ns-3.17/src/wifi/bindings/modulegen__gcc_LP64.py:2190: Warning: exception TypeLookupError(['std::ostream &'],) in wrapper public: retval? ???::Print (params?) const;
  is_const=True)
/home/tommaso/OldNS3/ns-allinone-3.17/ns-3.17/src/wifi/bindings/modulegen__gcc_LP64.py:2207: Warning: exception TypeConfigurationError('direction not given',) in wrapper <pybindgen.cppmethod.CppConstructor object at 0x7f431f3c7a90>
  cls.add_constructor([param('uint8_t *', 'address')])
/home/tommaso/OldNS3/ns-allinone-3.17/ns-3.17/src/wifi/bindings/modulegen__gcc_LP64.py:2225: Warning: exception TypeConfigurationError('direction not given',) in wrapper public: retval? ???::Deserialize (params?);
  is_static=True)
/home/tommaso/OldNS3/ns-allinone-3.17/ns-3.17/src/wifi/bindings/modulegen__gcc_LP64.py:2250: Warning: exception TypeConfigurationError('direction not given',) in wrapper public: retval? ???::GetBytes (params?) const;
  is_const=True)
/home/tommaso/OldNS3/ns-allinone-3.17/ns-3.17/src/wifi/bindings/modulegen__gcc_LP64.py:2354: Warning: exception TypeLookupError(['std::ostream &'],) in wrapper public: retval? ???::Print (params?) const;
  is_const=True)
/home/tommaso/OldNS3/ns-allinone-3.17/ns-3.17/src/wifi/bindings/modulegen__gcc_LP64.py:2359: Warning: exception TypeConfigurationError('direction not given',) in wrapper public: retval? ???::Serialize (params?) const;
  is_const=True)
/home/tommaso/OldNS3/ns-allinone-3.17/ns-3.17/src/wifi/bindings/modulegen__gcc_LP64.py:2367: Warning: exception TypeConfigurationError('direction not given',) in wrapper public: retval? ???::Set (params?);
  [param('uint8_t *', 'address')])
/home/tommaso/OldNS3/ns-allinone-3.17/ns-3.17/src/wifi/bindings/modulegen__gcc_LP64.py:2377: Warning: exception TypeConfigurationError('direction not given',) in wrapper <pybindgen.cppmethod.CppConstructor object at 0x7f431f39d110>
  cls.add_constructor([param('uint8_t *', 'prefix')])
/home/tommaso/OldNS3/ns-allinone-3.17/ns-3.17/src/wifi/bindings/modulegen__gcc_LP64.py:2390: Warning: exception TypeConfigurationError('direction not given',) in wrapper public: retval? ???::GetBytes (params?) const;
  is_const=True)
/home/tommaso/OldNS3/ns-allinone-3.17/ns-3.17/src/wifi/bindings/modulegen__gcc_LP64.py:2425: Warning: exception TypeLookupError(['std::ostream &'],) in wrapper public: retval? ???::Print (params?) const;
  is_const=True)
/home/tommaso/OldNS3/ns-allinone-3.17/ns-3.17/src/wifi/bindings/modulegen__gcc_LP64.py:2452: Warning: exception TypeConfigurationError('direction not given',) in wrapper public: retval? ???::CopyFrom (params?);
  [param('uint8_t const *', 'buffer')])
/home/tommaso/OldNS3/ns-allinone-3.17/ns-3.17/src/wifi/bindings/modulegen__gcc_LP64.py:2457: Warning: exception TypeConfigurationError('direction not given',) in wrapper public: retval? ???::CopyTo (params?) const;
  is_const=True)
/home/tommaso/OldNS3/ns-allinone-3.17/ns-3.17/src/wifi/bindings/modulegen__gcc_LP64.py:2763: Warning: exception TypeLookupError(['__gnu_cxx::__normal_iterator< ns3::Ptr< ns3::NetDevice > const, std::vector< ns3::Ptr< ns3::NetDevice > > >'],) in wrapper public: retval? ???::Begin (params?) const;
  is_const=True)
/home/tommaso/OldNS3/ns-allinone-3.17/ns-3.17/src/wifi/bindings/modulegen__gcc_LP64.py:2768: Warning: exception TypeLookupError(['__gnu_cxx::__normal_iterator< ns3::Ptr< ns3::NetDevice > const, std::vector< ns3::Ptr< ns3::NetDevice > > >'],) in wrapper public: retval? ???::End (params?) const;
  is_const=True)
/home/tommaso/OldNS3/ns-allinone-3.17/ns-3.17/src/wifi/bindings/modulegen__gcc_LP64.py:2814: Warning: exception TypeLookupError(['__gnu_cxx::__normal_iterator< ns3::Ptr< ns3::Node > const, std::vector< ns3::Ptr< ns3::Node > > >'],) in wrapper public: retval? ???::Begin (params?) const;
  is_const=True)
/home/tommaso/OldNS3/ns-allinone-3.17/ns-3.17/src/wifi/bindings/modulegen__gcc_LP64.py:2827: Warning: exception TypeLookupError(['__gnu_cxx::__normal_iterator< ns3::Ptr< ns3::Node > const, std::vector< ns3::Ptr< ns3::Node > > >'],) in wrapper public: retval? ???::End (params?) const;
  is_const=True)
/home/tommaso/OldNS3/ns-allinone-3.17/ns-3.17/src/wifi/bindings/modulegen__gcc_LP64.py:2915: Warning: exception TypeConfigurationError('Missing transfer_ownership option',) in wrapper public: retval? ???::Delete (params?);
  is_static=True)
/home/tommaso/OldNS3/ns-allinone-3.17/ns-3.17/src/wifi/bindings/modulegen__gcc_LP64.py:3034: Warning: exception TypeConfigurationError('direction not given',) in wrapper public: retval? ???::Deserialize (params?);
  [param('uint8_t const *', 'buffer'), param('uint32_t', 'size')])
/home/tommaso/OldNS3/ns-allinone-3.17/ns-3.17/src/wifi/bindings/modulegen__gcc_LP64.py:3075: Warning: exception TypeConfigurationError('direction not given',) in wrapper public: retval? ???::Serialize (params?) const;
  is_const=True)
bindings/python/ns3modulegen-modular.py:27: UserWarning: exception TypeLookupError(['uint8_t [ 20 ]'],) in wrapper None
  warnings.warn("exception %r in wrapper %s" % (exception, wrapper))
bindings/python/ns3modulegen-modular.py:27: UserWarning: exception TypeConfigurationError('Either caller_owns_return or self.reference_existing_object must be given',) in wrapper None
  warnings.warn("exception %r in wrapper %s" % (exception, wrapper))
/home/tommaso/OldNS3/ns-allinone-3.17/ns-3.17/src/wifi/bindings/modulegen__gcc_LP64.py:3202: Warning: exception TypeLookupError(['uint32_t &'],) in wrapper public: retval? ???::Diff (params?);
  is_static=True)
/home/tommaso/OldNS3/ns-allinone-3.17/ns-3.17/src/wifi/bindings/modulegen__gcc_LP64.py:3256: Warning: exception TypeConfigurationError('direction not given',) in wrapper public: retval? ???::Read (params?);
  [param('uint8_t * const', 'data'), param('uint32_t', 'maxBytes'), param('uint32_t &', 'tsSec'), param('uint32_t &', 'tsUsec'), param('uint32_t &', 'inclLen'), param('uint32_t &', 'origLen'), param('uint32_t &', 'readLen')])
/home/tommaso/OldNS3/ns-allinone-3.17/ns-3.17/src/wifi/bindings/modulegen__gcc_LP64.py:3260: Warning: exception TypeConfigurationError('direction not given',) in wrapper public: retval? ???::Write (params?);
  [param('uint32_t', 'tsSec'), param('uint32_t', 'tsUsec'), param('uint8_t const * const', 'data'), param('uint32_t', 'totalLen')])
/home/tommaso/OldNS3/ns-allinone-3.17/ns-3.17/src/wifi/bindings/modulegen__gcc_LP64.py:3415: Warning: exception TypeLookupError(['ns3::Ptr< ns3::SimulatorImpl >', 'ns3::SimulatorImpl *'],) in wrapper public: retval? ???::GetImplementation (params?);
  is_static=True)
/home/tommaso/OldNS3/ns-allinone-3.17/ns-3.17/src/wifi/bindings/modulegen__gcc_LP64.py:3450: Warning: exception TypeLookupError(['ns3::Ptr< ns3::SimulatorImpl >', 'ns3::SimulatorImpl *'],) in wrapper public: retval? ???::SetImplementation (params?);
  is_static=True)
/home/tommaso/OldNS3/ns-allinone-3.17/ns-3.17/src/wifi/bindings/modulegen__gcc_LP64.py:3527: Warning: exception TypeLookupError(['std::ostream &'],) in wrapper public: virtual retval? ???::Print (params?) const = 0;
  is_pure_virtual=True, is_const=True, is_virtual=True)
/home/tommaso/OldNS3/ns-allinone-3.17/ns-3.17/src/wifi/bindings/modulegen__gcc_LP64.py:3539: Warning: exception TypeConfigurationError('direction not given',) in wrapper <pybindgen.cppmethod.CppConstructor object at 0x7f431f0aa4d0>
  cls.add_constructor([param('uint8_t *', 'start'), param('uint8_t *', 'end')])
/home/tommaso/OldNS3/ns-allinone-3.17/ns-3.17/src/wifi/bindings/modulegen__gcc_LP64.py:3547: Warning: exception TypeConfigurationError('direction not given',) in wrapper public: retval? ???::Read (params?);
  [param('uint8_t *', 'buffer'), param('uint32_t', 'size')])
/home/tommaso/OldNS3/ns-allinone-3.17/ns-3.17/src/wifi/bindings/modulegen__gcc_LP64.py:3575: Warning: exception TypeConfigurationError('direction not given',) in wrapper public: retval? ???::Write (params?);
  [param('uint8_t const *', 'buffer'), param('uint32_t', 'size')])
/home/tommaso/OldNS3/ns-allinone-3.17/ns-3.17/src/wifi/bindings/modulegen__gcc_LP64.py:3640: Warning: exception TypeLookupError(['ns3::Callback< ns3::ObjectBase *, ns3::empty, ns3::empty, ns3::empty, ns3::empty, ns3::empty, ns3::empty, ns3::empty, ns3::empty, ns3::empty >'],) in wrapper public: retval? ???::GetConstructor (params?) const;
  is_const=True)
bindings/python/ns3modulegen-modular.py:27: UserWarning: exception TypeLookupError(['short unsigned int'],) in wrapper None
  warnings.warn("exception %r in wrapper %s" % (exception, wrapper))
/home/tommaso/OldNS3/ns-allinone-3.17/ns-3.17/src/wifi/bindings/modulegen__gcc_LP64.py:4230: Warning: exception TypeLookupError(['std::ostream &'],) in wrapper public: virtual retval? ???::Print (params?) const = 0;
  is_pure_virtual=True, is_const=True, is_virtual=True)
/home/tommaso/OldNS3/ns-allinone-3.17/ns-3.17/src/wifi/bindings/modulegen__gcc_LP64.py:4258: Warning: exception TypeLookupError(['std::ostream &'],) in wrapper public: virtual retval? ???::Print (params?) const = 0;
  is_pure_virtual=True, is_const=True, is_virtual=True)
/home/tommaso/OldNS3/ns-allinone-3.17/ns-3.17/src/wifi/bindings/modulegen__gcc_LP64.py:4325: Warning: exception TypeLookupError(['std::ostream &'],) in wrapper public: virtual retval? ???::Print (params?) const;
  is_const=True, is_virtual=True)
/home/tommaso/OldNS3/ns-allinone-3.17/ns-3.17/src/wifi/bindings/modulegen__gcc_LP64.py:4420: Warning: exception TypeLookupError(['std::ostream &'],) in wrapper public: virtual retval? ???::Print (params?) const;
  is_const=True, is_virtual=True)
/home/tommaso/OldNS3/ns-allinone-3.17/ns-3.17/src/wifi/bindings/modulegen__gcc_LP64.py:4500: Warning: exception TypeLookupError(['std::ostream &'],) in wrapper public: virtual retval? ???::Print (params?) const;
  is_const=True, is_virtual=True)
/home/tommaso/OldNS3/ns-allinone-3.17/ns-3.17/src/wifi/bindings/modulegen__gcc_LP64.py:4557: Warning: exception TypeLookupError(['std::ostream &'],) in wrapper public: virtual retval? ???::Print (params?) const;
  is_const=True, is_virtual=True)
/home/tommaso/OldNS3/ns-allinone-3.17/ns-3.17/src/wifi/bindings/modulegen__gcc_LP64.py:4612: Warning: exception TypeLookupError(['std::ostream &'],) in wrapper public: virtual retval? ???::Print (params?) const;
  is_const=True, is_virtual=True)
/home/tommaso/OldNS3/ns-allinone-3.17/ns-3.17/src/wifi/bindings/modulegen__gcc_LP64.py:4671: Warning: exception TypeLookupError(['std::ostream &'],) in wrapper public: virtual retval? ???::Print (params?) const;
  is_const=True, is_virtual=True)
/home/tommaso/OldNS3/ns-allinone-3.17/ns-3.17/src/wifi/bindings/modulegen__gcc_LP64.py:4735: Warning: exception TypeLookupError(['std::ostream &'],) in wrapper public: virtual retval? ???::Print (params?) const;
  is_const=True, is_virtual=True)
/home/tommaso/OldNS3/ns-allinone-3.17/ns-3.17/src/wifi/bindings/modulegen__gcc_LP64.py:4887: Warning: exception TypeConfigurationError('direction not given',) in wrapper public: retval? ???::Write (params?);
  [param('ns3::Time', 't'), param('uint8_t const *', 'buffer'), param('uint32_t', 'length')])
/home/tommaso/OldNS3/ns-allinone-3.17/ns-3.17/src/wifi/bindings/modulegen__gcc_LP64.py:5017: Warning: exception TypeLookupError(['std::ostream &'],) in wrapper public: virtual retval? ???::Print (params?) const;
  is_const=True, is_virtual=True)
/home/tommaso/OldNS3/ns-allinone-3.17/ns-3.17/src/wifi/bindings/modulegen__gcc_LP64.py:5148: Warning: exception TypeLookupError(['ns3::RngStream *'],) in wrapper protected: retval? ???::Peek (params?) const;
  is_const=True, visibility='protected')
/home/tommaso/OldNS3/ns-allinone-3.17/ns-3.17/src/wifi/bindings/modulegen__gcc_LP64.py:5379: Warning: exception TypeLookupError(['std::ostream &'],) in wrapper public: virtual retval? ???::Print (params?) const;
  is_const=True, is_virtual=True)
/home/tommaso/OldNS3/ns-allinone-3.17/ns-3.17/src/wifi/bindings/modulegen__gcc_LP64.py:5619: Warning: exception TypeLookupError(['std::ostream &'],) in wrapper public: virtual retval? ???::Print (params?) const = 0;
  is_pure_virtual=True, is_const=True, is_virtual=True)
/home/tommaso/OldNS3/ns-allinone-3.17/ns-3.17/src/wifi/bindings/modulegen__gcc_LP64.py:5843: Warning: exception TypeLookupError(['std::ostream &'],) in wrapper public: virtual retval? ???::Print (params?) const;
  is_const=True, is_virtual=True)
/home/tommaso/OldNS3/ns-allinone-3.17/ns-3.17/src/wifi/bindings/modulegen__gcc_LP64.py:5913: Warning: exception TypeLookupError(['std::ostream &'],) in wrapper public: virtual retval? ???::Print (params?) const;
  is_const=True, is_virtual=True)
/home/tommaso/OldNS3/ns-allinone-3.17/ns-3.17/src/wifi/bindings/modulegen__gcc_LP64.py:5939: Warning: exception TypeLookupError(['__gnu_cxx::__normal_iterator< ns3::Ptr< ns3::WifiInformationElement >, std::vector< ns3::Ptr< ns3::WifiInformationElement > > >'],) in wrapper public: retval? ???::Begin (params?);
  [])
/home/tommaso/OldNS3/ns-allinone-3.17/ns-3.17/src/wifi/bindings/modulegen__gcc_LP64.py:5953: Warning: exception TypeLookupError(['__gnu_cxx::__normal_iterator< ns3::Ptr< ns3::WifiInformationElement >, std::vector< ns3::Ptr< ns3::WifiInformationElement > > >'],) in wrapper public: retval? ???::End (params?);
  [])
/home/tommaso/OldNS3/ns-allinone-3.17/ns-3.17/src/wifi/bindings/modulegen__gcc_LP64.py:5978: Warning: exception TypeLookupError(['std::ostream &'],) in wrapper public: virtual retval? ???::Print (params?) const;
  is_const=True, is_virtual=True)
/home/tommaso/OldNS3/ns-allinone-3.17/ns-3.17/src/wifi/bindings/modulegen__gcc_LP64.py:6469: Warning: exception TypeLookupError(['std::ostream &'],) in wrapper public: virtual retval? ???::Print (params?) const;
  is_const=True, is_virtual=True)
/home/tommaso/OldNS3/ns-allinone-3.17/ns-3.17/src/wifi/bindings/modulegen__gcc_LP64.py:6637: Warning: exception TypeConfigurationError('Missing transfer_ownership option',) in wrapper public: retval? ???::Dequeue (params?);
  [param('ns3::WifiMacHeader *', 'hdr')])
/home/tommaso/OldNS3/ns-allinone-3.17/ns-3.17/src/wifi/bindings/modulegen__gcc_LP64.py:6641: Warning: exception TypeConfigurationError('Missing transfer_ownership option',) in wrapper public: retval? ???::DequeueByTidAndAddress (params?);
  [param('ns3::WifiMacHeader *', 'hdr'), param('uint8_t', 'tid'), param('ns3::WifiMacHeader::AddressType', 'type'), param('ns3::Mac48Address', 'addr')])
/home/tommaso/OldNS3/ns-allinone-3.17/ns-3.17/src/wifi/bindings/modulegen__gcc_LP64.py:6645: Warning: exception TypeConfigurationError('Missing transfer_ownership option',) in wrapper public: retval? ???::DequeueFirstAvailable (params?);
  [param('ns3::WifiMacHeader *', 'hdr'), param('ns3::Time &', 'tStamp'), param('ns3::QosBlockedDestinations const *', 'blockedPackets')])
/home/tommaso/OldNS3/ns-allinone-3.17/ns-3.17/src/wifi/bindings/modulegen__gcc_LP64.py:6684: Warning: exception TypeConfigurationError('Missing transfer_ownership option',) in wrapper public: retval? ???::Peek (params?);
  [param('ns3::WifiMacHeader *', 'hdr')])
/home/tommaso/OldNS3/ns-allinone-3.17/ns-3.17/src/wifi/bindings/modulegen__gcc_LP64.py:6688: Warning: exception TypeConfigurationError('Missing transfer_ownership option',) in wrapper public: retval? ???::PeekByTidAndAddress (params?);
  [param('ns3::WifiMacHeader *', 'hdr'), param('uint8_t', 'tid'), param('ns3::WifiMacHeader::AddressType', 'type'), param('ns3::Mac48Address', 'addr')])
/home/tommaso/OldNS3/ns-allinone-3.17/ns-3.17/src/wifi/bindings/modulegen__gcc_LP64.py:6692: Warning: exception TypeConfigurationError('Missing transfer_ownership option',) in wrapper public: retval? ???::PeekFirstAvailable (params?);
  [param('ns3::WifiMacHeader *', 'hdr'), param('ns3::Time &', 'tStamp'), param('ns3::QosBlockedDestinations const *', 'blockedPackets')])
/home/tommaso/OldNS3/ns-allinone-3.17/ns-3.17/src/wifi/bindings/modulegen__gcc_LP64.py:7057: Warning: exception TypeConfigurationError('Missing transfer_ownership option',) in wrapper public: virtual retval? ???::RegisterListener (params?) = 0;
  is_pure_virtual=True, is_virtual=True)
/home/tommaso/OldNS3/ns-allinone-3.17/ns-3.17/src/wifi/bindings/modulegen__gcc_LP64.py:7072: Warning: exception TypeLookupError(['ns3::Callback< void, ns3::Ptr< ns3::Packet const >, double, ns3::empty, ns3::empty, ns3::empty, ns3::empty, ns3::empty, ns3::empty, ns3::empty >'],) in wrapper public: virtual retval? ???::SetReceiveErrorCallback (params?) = 0;
  is_pure_virtual=True, is_virtual=True)
/home/tommaso/OldNS3/ns-allinone-3.17/ns-3.17/src/wifi/bindings/modulegen__gcc_LP64.py:7077: Warning: exception TypeLookupError(['ns3::Callback< void, ns3::Ptr< ns3::Packet >, double, ns3::WifiMode, ns3::WifiPreamble, ns3::empty, ns3::empty, ns3::empty, ns3::empty, ns3::empty >'],) in wrapper public: virtual retval? ???::SetReceiveOkCallback (params?) = 0;
  is_pure_virtual=True, is_virtual=True)
/home/tommaso/OldNS3/ns-allinone-3.17/ns-3.17/src/wifi/bindings/modulegen__gcc_LP64.py:7297: Warning: exception TypeConfigurationError('Either caller_owns_return or self.reference_existing_object must be given',) in wrapper private: virtual retval? ???::DoCreateStation (params?) const = 0;
  is_pure_virtual=True, is_const=True, visibility='private', is_virtual=True)
/home/tommaso/OldNS3/ns-allinone-3.17/ns-3.17/src/wifi/bindings/modulegen__gcc_LP64.py:7302: Warning: exception TypeConfigurationError('Missing transfer_ownership option',) in wrapper private: virtual retval? ???::DoGetDataMode (params?) = 0;
  is_pure_virtual=True, visibility='private', is_virtual=True)
/home/tommaso/OldNS3/ns-allinone-3.17/ns-3.17/src/wifi/bindings/modulegen__gcc_LP64.py:7307: Warning: exception TypeConfigurationError('Missing transfer_ownership option',) in wrapper private: virtual retval? ???::DoGetRtsMode (params?) = 0;
  is_pure_virtual=True, visibility='private', is_virtual=True)
/home/tommaso/OldNS3/ns-allinone-3.17/ns-3.17/src/wifi/bindings/modulegen__gcc_LP64.py:7312: Warning: exception TypeConfigurationError('Missing transfer_ownership option',) in wrapper private: virtual retval? ???::DoNeedDataRetransmission (params?);
  visibility='private', is_virtual=True)
/home/tommaso/OldNS3/ns-allinone-3.17/ns-3.17/src/wifi/bindings/modulegen__gcc_LP64.py:7317: Warning: exception TypeConfigurationError('Missing transfer_ownership option',) in wrapper private: virtual retval? ???::DoNeedFragmentation (params?);
  visibility='private', is_virtual=True)
/home/tommaso/OldNS3/ns-allinone-3.17/ns-3.17/src/wifi/bindings/modulegen__gcc_LP64.py:7322: Warning: exception TypeConfigurationError('Missing transfer_ownership option',) in wrapper private: virtual retval? ???::DoNeedRts (params?);
  visibility='private', is_virtual=True)
/home/tommaso/OldNS3/ns-allinone-3.17/ns-3.17/src/wifi/bindings/modulegen__gcc_LP64.py:7327: Warning: exception TypeConfigurationError('Missing transfer_ownership option',) in wrapper private: virtual retval? ???::DoNeedRtsRetransmission (params?);
  visibility='private', is_virtual=True)
/home/tommaso/OldNS3/ns-allinone-3.17/ns-3.17/src/wifi/bindings/modulegen__gcc_LP64.py:7332: Warning: exception TypeConfigurationError('Missing transfer_ownership option',) in wrapper private: virtual retval? ???::DoReportDataFailed (params?) = 0;
  is_pure_virtual=True, visibility='private', is_virtual=True)
/home/tommaso/OldNS3/ns-allinone-3.17/ns-3.17/src/wifi/bindings/modulegen__gcc_LP64.py:7337: Warning: exception TypeConfigurationError('Missing transfer_ownership option',) in wrapper private: virtual retval? ???::DoReportDataOk (params?) = 0;
  is_pure_virtual=True, visibility='private', is_virtual=True)
/home/tommaso/OldNS3/ns-allinone-3.17/ns-3.17/src/wifi/bindings/modulegen__gcc_LP64.py:7342: Warning: exception TypeConfigurationError('Missing transfer_ownership option',) in wrapper private: virtual retval? ???::DoReportFinalDataFailed (params?) = 0;
  is_pure_virtual=True, visibility='private', is_virtual=True)
/home/tommaso/OldNS3/ns-allinone-3.17/ns-3.17/src/wifi/bindings/modulegen__gcc_LP64.py:7347: Warning: exception TypeConfigurationError('Missing transfer_ownership option',) in wrapper private: virtual retval? ???::DoReportFinalRtsFailed (params?) = 0;
  is_pure_virtual=True, visibility='private', is_virtual=True)
/home/tommaso/OldNS3/ns-allinone-3.17/ns-3.17/src/wifi/bindings/modulegen__gcc_LP64.py:7352: Warning: exception TypeConfigurationError('Missing transfer_ownership option',) in wrapper private: virtual retval? ???::DoReportRtsFailed (params?) = 0;
  is_pure_virtual=True, visibility='private', is_virtual=True)
/home/tommaso/OldNS3/ns-allinone-3.17/ns-3.17/src/wifi/bindings/modulegen__gcc_LP64.py:7357: Warning: exception TypeConfigurationError('Missing transfer_ownership option',) in wrapper private: virtual retval? ???::DoReportRtsOk (params?) = 0;
  is_pure_virtual=True, visibility='private', is_virtual=True)
/home/tommaso/OldNS3/ns-allinone-3.17/ns-3.17/src/wifi/bindings/modulegen__gcc_LP64.py:7362: Warning: exception TypeConfigurationError('Missing transfer_ownership option',) in wrapper private: virtual retval? ???::DoReportRxOk (params?) = 0;
  is_pure_virtual=True, visibility='private', is_virtual=True)
/home/tommaso/OldNS3/ns-allinone-3.17/ns-3.17/src/wifi/bindings/modulegen__gcc_LP64.py:7503: Warning: exception TypeLookupError(['ns3::Callback< void, ns3::Ptr< ns3::Packet >, double, ns3::WifiMode, ns3::WifiPreamble, ns3::empty, ns3::empty, ns3::empty, ns3::empty, ns3::empty >'],) in wrapper public: virtual retval? ???::SetReceiveOkCallback (params?);
  is_virtual=True)
/home/tommaso/OldNS3/ns-allinone-3.17/ns-3.17/src/wifi/bindings/modulegen__gcc_LP64.py:7508: Warning: exception TypeLookupError(['ns3::Callback< void, ns3::Ptr< ns3::Packet const >, double, ns3::empty, ns3::empty, ns3::empty, ns3::empty, ns3::empty, ns3::empty, ns3::empty >'],) in wrapper public: virtual retval? ???::SetReceiveErrorCallback (params?);
  is_virtual=True)
/home/tommaso/OldNS3/ns-allinone-3.17/ns-3.17/src/wifi/bindings/modulegen__gcc_LP64.py:7518: Warning: exception TypeConfigurationError('Missing transfer_ownership option',) in wrapper public: virtual retval? ???::RegisterListener (params?);
  is_virtual=True)
/home/tommaso/OldNS3/ns-allinone-3.17/ns-3.17/src/wifi/bindings/modulegen__gcc_LP64.py:7686: Warning: exception TypeConfigurationError('Either caller_owns_return or self.reference_existing_object must be given',) in wrapper private: virtual retval? ???::DoCreateStation (params?) const;
  is_const=True, visibility='private', is_virtual=True)
/home/tommaso/OldNS3/ns-allinone-3.17/ns-3.17/src/wifi/bindings/modulegen__gcc_LP64.py:7691: Warning: exception TypeConfigurationError('Missing transfer_ownership option',) in wrapper private: virtual retval? ???::DoGetDataMode (params?);
  visibility='private', is_virtual=True)
/home/tommaso/OldNS3/ns-allinone-3.17/ns-3.17/src/wifi/bindings/modulegen__gcc_LP64.py:7696: Warning: exception TypeConfigurationError('Missing transfer_ownership option',) in wrapper private: virtual retval? ???::DoGetRtsMode (params?);
  visibility='private', is_virtual=True)
/home/tommaso/OldNS3/ns-allinone-3.17/ns-3.17/src/wifi/bindings/modulegen__gcc_LP64.py:7701: Warning: exception TypeConfigurationError('Missing transfer_ownership option',) in wrapper private: virtual retval? ???::DoReportDataFailed (params?);
  visibility='private', is_virtual=True)
/home/tommaso/OldNS3/ns-allinone-3.17/ns-3.17/src/wifi/bindings/modulegen__gcc_LP64.py:7706: Warning: exception TypeConfigurationError('Missing transfer_ownership option',) in wrapper private: virtual retval? ???::DoReportDataOk (params?);
  visibility='private', is_virtual=True)
/home/tommaso/OldNS3/ns-allinone-3.17/ns-3.17/src/wifi/bindings/modulegen__gcc_LP64.py:7711: Warning: exception TypeConfigurationError('Missing transfer_ownership option',) in wrapper private: virtual retval? ???::DoReportFinalDataFailed (params?);
  visibility='private', is_virtual=True)
/home/tommaso/OldNS3/ns-allinone-3.17/ns-3.17/src/wifi/bindings/modulegen__gcc_LP64.py:7716: Warning: exception TypeConfigurationError('Missing transfer_ownership option',) in wrapper private: virtual retval? ???::DoReportFinalRtsFailed (params?);
  visibility='private', is_virtual=True)
/home/tommaso/OldNS3/ns-allinone-3.17/ns-3.17/src/wifi/bindings/modulegen__gcc_LP64.py:7721: Warning: exception TypeConfigurationError('Missing transfer_ownership option',) in wrapper private: virtual retval? ???::DoReportRtsFailed (params?);
  visibility='private', is_virtual=True)
/home/tommaso/OldNS3/ns-allinone-3.17/ns-3.17/src/wifi/bindings/modulegen__gcc_LP64.py:7726: Warning: exception TypeConfigurationError('Missing transfer_ownership option',) in wrapper private: virtual retval? ???::DoReportRtsOk (params?);
  visibility='private', is_virtual=True)
/home/tommaso/OldNS3/ns-allinone-3.17/ns-3.17/src/wifi/bindings/modulegen__gcc_LP64.py:7731: Warning: exception TypeConfigurationError('Missing transfer_ownership option',) in wrapper private: virtual retval? ???::DoReportRxOk (params?);
  visibility='private', is_virtual=True)
/home/tommaso/OldNS3/ns-allinone-3.17/ns-3.17/src/wifi/bindings/modulegen__gcc_LP64.py:7753: Warning: exception TypeConfigurationError('Either caller_owns_return or self.reference_existing_object must be given',) in wrapper private: virtual retval? ???::DoCreateStation (params?) const;
  is_const=True, visibility='private', is_virtual=True)
/home/tommaso/OldNS3/ns-allinone-3.17/ns-3.17/src/wifi/bindings/modulegen__gcc_LP64.py:7758: Warning: exception TypeConfigurationError('Missing transfer_ownership option',) in wrapper private: virtual retval? ???::DoGetDataMode (params?);
  visibility='private', is_virtual=True)
/home/tommaso/OldNS3/ns-allinone-3.17/ns-3.17/src/wifi/bindings/modulegen__gcc_LP64.py:7763: Warning: exception TypeConfigurationError('Missing transfer_ownership option',) in wrapper private: virtual retval? ???::DoGetRtsMode (params?);
  visibility='private', is_virtual=True)
/home/tommaso/OldNS3/ns-allinone-3.17/ns-3.17/src/wifi/bindings/modulegen__gcc_LP64.py:7768: Warning: exception TypeConfigurationError('Missing transfer_ownership option',) in wrapper private: virtual retval? ???::DoNeedRts (params?);
  visibility='private', is_virtual=True)
/home/tommaso/OldNS3/ns-allinone-3.17/ns-3.17/src/wifi/bindings/modulegen__gcc_LP64.py:7773: Warning: exception TypeConfigurationError('Missing transfer_ownership option',) in wrapper private: virtual retval? ???::DoReportDataFailed (params?);
  visibility='private', is_virtual=True)
/home/tommaso/OldNS3/ns-allinone-3.17/ns-3.17/src/wifi/bindings/modulegen__gcc_LP64.py:7778: Warning: exception TypeConfigurationError('Missing transfer_ownership option',) in wrapper private: virtual retval? ???::DoReportDataOk (params?);
  visibility='private', is_virtual=True)
/home/tommaso/OldNS3/ns-allinone-3.17/ns-3.17/src/wifi/bindings/modulegen__gcc_LP64.py:7783: Warning: exception TypeConfigurationError('Missing transfer_ownership option',) in wrapper private: virtual retval? ???::DoReportFinalDataFailed (params?);
  visibility='private', is_virtual=True)
/home/tommaso/OldNS3/ns-allinone-3.17/ns-3.17/src/wifi/bindings/modulegen__gcc_LP64.py:7788: Warning: exception TypeConfigurationError('Missing transfer_ownership option',) in wrapper private: virtual retval? ???::DoReportFinalRtsFailed (params?);
  visibility='private', is_virtual=True)
/home/tommaso/OldNS3/ns-allinone-3.17/ns-3.17/src/wifi/bindings/modulegen__gcc_LP64.py:7793: Warning: exception TypeConfigurationError('Missing transfer_ownership option',) in wrapper private: virtual retval? ???::DoReportRtsFailed (params?);
  visibility='private', is_virtual=True)
/home/tommaso/OldNS3/ns-allinone-3.17/ns-3.17/src/wifi/bindings/modulegen__gcc_LP64.py:7798: Warning: exception TypeConfigurationError('Missing transfer_ownership option',) in wrapper private: virtual retval? ???::DoReportRtsOk (params?);
  visibility='private', is_virtual=True)
/home/tommaso/OldNS3/ns-allinone-3.17/ns-3.17/src/wifi/bindings/modulegen__gcc_LP64.py:7803: Warning: exception TypeConfigurationError('Missing transfer_ownership option',) in wrapper private: virtual retval? ???::DoReportRxOk (params?);
  visibility='private', is_virtual=True)
/home/tommaso/OldNS3/ns-allinone-3.17/ns-3.17/src/wifi/bindings/modulegen__gcc_LP64.py:7825: Warning: exception TypeConfigurationError('Either caller_owns_return or self.reference_existing_object must be given',) in wrapper private: virtual retval? ???::DoCreateStation (params?) const;
  is_const=True, visibility='private', is_virtual=True)
/home/tommaso/OldNS3/ns-allinone-3.17/ns-3.17/src/wifi/bindings/modulegen__gcc_LP64.py:7830: Warning: exception TypeConfigurationError('Missing transfer_ownership option',) in wrapper private: virtual retval? ???::DoGetDataMode (params?);
  visibility='private', is_virtual=True)
/home/tommaso/OldNS3/ns-allinone-3.17/ns-3.17/src/wifi/bindings/modulegen__gcc_LP64.py:7835: Warning: exception TypeConfigurationError('Missing transfer_ownership option',) in wrapper private: virtual retval? ???::DoGetRtsMode (params?);
  visibility='private', is_virtual=True)
/home/tommaso/OldNS3/ns-allinone-3.17/ns-3.17/src/wifi/bindings/modulegen__gcc_LP64.py:7840: Warning: exception TypeConfigurationError('Missing transfer_ownership option',) in wrapper private: virtual retval? ???::DoReportDataFailed (params?);
  visibility='private', is_virtual=True)
/home/tommaso/OldNS3/ns-allinone-3.17/ns-3.17/src/wifi/bindings/modulegen__gcc_LP64.py:7845: Warning: exception TypeConfigurationError('Missing transfer_ownership option',) in wrapper private: virtual retval? ???::DoReportDataOk (params?);
  visibility='private', is_virtual=True)
/home/tommaso/OldNS3/ns-allinone-3.17/ns-3.17/src/wifi/bindings/modulegen__gcc_LP64.py:7850: Warning: exception TypeConfigurationError('Missing transfer_ownership option',) in wrapper private: virtual retval? ???::DoReportFinalDataFailed (params?);
  visibility='private', is_virtual=True)
/home/tommaso/OldNS3/ns-allinone-3.17/ns-3.17/src/wifi/bindings/modulegen__gcc_LP64.py:7855: Warning: exception TypeConfigurationError('Missing transfer_ownership option',) in wrapper private: virtual retval? ???::DoReportFinalRtsFailed (params?);
  visibility='private', is_virtual=True)
/home/tommaso/OldNS3/ns-allinone-3.17/ns-3.17/src/wifi/bindings/modulegen__gcc_LP64.py:7860: Warning: exception TypeConfigurationError('Missing transfer_ownership option',) in wrapper private: virtual retval? ???::DoReportRtsFailed (params?);
  visibility='private', is_virtual=True)
/home/tommaso/OldNS3/ns-allinone-3.17/ns-3.17/src/wifi/bindings/modulegen__gcc_LP64.py:7865: Warning: exception TypeConfigurationError('Missing transfer_ownership option',) in wrapper private: virtual retval? ???::DoReportRtsOk (params?);
  visibility='private', is_virtual=True)
/home/tommaso/OldNS3/ns-allinone-3.17/ns-3.17/src/wifi/bindings/modulegen__gcc_LP64.py:7870: Warning: exception TypeConfigurationError('Missing transfer_ownership option',) in wrapper private: virtual retval? ???::DoReportRxOk (params?);
  visibility='private', is_virtual=True)
/home/tommaso/OldNS3/ns-allinone-3.17/ns-3.17/src/wifi/bindings/modulegen__gcc_LP64.py:7922: Warning: exception TypeLookupError(['std::ostream &'],) in wrapper public: virtual retval? ???::Print (params?) const;
  is_const=True, is_virtual=True)
/home/tommaso/OldNS3/ns-allinone-3.17/ns-3.17/src/wifi/bindings/modulegen__gcc_LP64.py:7956: Warning: exception TypeConfigurationError('Either caller_owns_return or self.reference_existing_object must be given',) in wrapper private: virtual retval? ???::DoCreateStation (params?) const;
  is_const=True, visibility='private', is_virtual=True)
/home/tommaso/OldNS3/ns-allinone-3.17/ns-3.17/src/wifi/bindings/modulegen__gcc_LP64.py:7961: Warning: exception TypeConfigurationError('Missing transfer_ownership option',) in wrapper private: virtual retval? ???::DoGetDataMode (params?);
  visibility='private', is_virtual=True)
/home/tommaso/OldNS3/ns-allinone-3.17/ns-3.17/src/wifi/bindings/modulegen__gcc_LP64.py:7966: Warning: exception TypeConfigurationError('Missing transfer_ownership option',) in wrapper private: virtual retval? ???::DoGetRtsMode (params?);
  visibility='private', is_virtual=True)
/home/tommaso/OldNS3/ns-allinone-3.17/ns-3.17/src/wifi/bindings/modulegen__gcc_LP64.py:7971: Warning: exception TypeConfigurationError('Missing transfer_ownership option',) in wrapper private: virtual retval? ???::DoReportDataFailed (params?);
  visibility='private', is_virtual=True)
/home/tommaso/OldNS3/ns-allinone-3.17/ns-3.17/src/wifi/bindings/modulegen__gcc_LP64.py:7976: Warning: exception TypeConfigurationError('Missing transfer_ownership option',) in wrapper private: virtual retval? ???::DoReportDataOk (params?);
  visibility='private', is_virtual=True)
/home/tommaso/OldNS3/ns-allinone-3.17/ns-3.17/src/wifi/bindings/modulegen__gcc_LP64.py:7981: Warning: exception TypeConfigurationError('Missing transfer_ownership option',) in wrapper private: virtual retval? ???::DoReportFinalDataFailed (params?);
  visibility='private', is_virtual=True)
/home/tommaso/OldNS3/ns-allinone-3.17/ns-3.17/src/wifi/bindings/modulegen__gcc_LP64.py:7986: Warning: exception TypeConfigurationError('Missing transfer_ownership option',) in wrapper private: virtual retval? ???::DoReportFinalRtsFailed (params?);
  visibility='private', is_virtual=True)
/home/tommaso/OldNS3/ns-allinone-3.17/ns-3.17/src/wifi/bindings/modulegen__gcc_LP64.py:7991: Warning: exception TypeConfigurationError('Missing transfer_ownership option',) in wrapper private: virtual retval? ???::DoReportRtsFailed (params?);
  visibility='private', is_virtual=True)
/home/tommaso/OldNS3/ns-allinone-3.17/ns-3.17/src/wifi/bindings/modulegen__gcc_LP64.py:7996: Warning: exception TypeConfigurationError('Missing transfer_ownership option',) in wrapper private: virtual retval? ???::DoReportRtsOk (params?);
  visibility='private', is_virtual=True)
/home/tommaso/OldNS3/ns-allinone-3.17/ns-3.17/src/wifi/bindings/modulegen__gcc_LP64.py:8001: Warning: exception TypeConfigurationError('Missing transfer_ownership option',) in wrapper private: virtual retval? ???::DoReportRxOk (params?);
  visibility='private', is_virtual=True)
/home/tommaso/OldNS3/ns-allinone-3.17/ns-3.17/src/wifi/bindings/modulegen__gcc_LP64.py:8217: Warning: exception TypeConfigurationError('Either caller_owns_return or self.reference_existing_object must be given',) in wrapper private: virtual retval? ???::DoCreateStation (params?) const;
  is_const=True, visibility='private', is_virtual=True)
/home/tommaso/OldNS3/ns-allinone-3.17/ns-3.17/src/wifi/bindings/modulegen__gcc_LP64.py:8222: Warning: exception TypeConfigurationError('Missing transfer_ownership option',) in wrapper private: virtual retval? ???::DoGetDataMode (params?);
  visibility='private', is_virtual=True)
/home/tommaso/OldNS3/ns-allinone-3.17/ns-3.17/src/wifi/bindings/modulegen__gcc_LP64.py:8227: Warning: exception TypeConfigurationError('Missing transfer_ownership option',) in wrapper private: virtual retval? ???::DoGetRtsMode (params?);
  visibility='private', is_virtual=True)
/home/tommaso/OldNS3/ns-allinone-3.17/ns-3.17/src/wifi/bindings/modulegen__gcc_LP64.py:8232: Warning: exception TypeConfigurationError('Missing transfer_ownership option',) in wrapper private: virtual retval? ???::DoNeedRts (params?);
  visibility='private', is_virtual=True)
/home/tommaso/OldNS3/ns-allinone-3.17/ns-3.17/src/wifi/bindings/modulegen__gcc_LP64.py:8237: Warning: exception TypeConfigurationError('Missing transfer_ownership option',) in wrapper private: virtual retval? ???::DoReportDataFailed (params?);
  visibility='private', is_virtual=True)
/home/tommaso/OldNS3/ns-allinone-3.17/ns-3.17/src/wifi/bindings/modulegen__gcc_LP64.py:8242: Warning: exception TypeConfigurationError('Missing transfer_ownership option',) in wrapper private: virtual retval? ???::DoReportDataOk (params?);
  visibility='private', is_virtual=True)
/home/tommaso/OldNS3/ns-allinone-3.17/ns-3.17/src/wifi/bindings/modulegen__gcc_LP64.py:8247: Warning: exception TypeConfigurationError('Missing transfer_ownership option',) in wrapper private: virtual retval? ???::DoReportFinalDataFailed (params?);
  visibility='private', is_virtual=True)
/home/tommaso/OldNS3/ns-allinone-3.17/ns-3.17/src/wifi/bindings/modulegen__gcc_LP64.py:8252: Warning: exception TypeConfigurationError('Missing transfer_ownership option',) in wrapper private: virtual retval? ???::DoReportFinalRtsFailed (params?);
  visibility='private', is_virtual=True)
/home/tommaso/OldNS3/ns-allinone-3.17/ns-3.17/src/wifi/bindings/modulegen__gcc_LP64.py:8257: Warning: exception TypeConfigurationError('Missing transfer_ownership option',) in wrapper private: virtual retval? ???::DoReportRtsFailed (params?);
  visibility='private', is_virtual=True)
/home/tommaso/OldNS3/ns-allinone-3.17/ns-3.17/src/wifi/bindings/modulegen__gcc_LP64.py:8262: Warning: exception TypeConfigurationError('Missing transfer_ownership option',) in wrapper private: virtual retval? ???::DoReportRtsOk (params?);
  visibility='private', is_virtual=True)
/home/tommaso/OldNS3/ns-allinone-3.17/ns-3.17/src/wifi/bindings/modulegen__gcc_LP64.py:8267: Warning: exception TypeConfigurationError('Missing transfer_ownership option',) in wrapper private: virtual retval? ???::DoReportRxOk (params?);
  visibility='private', is_virtual=True)
/home/tommaso/OldNS3/ns-allinone-3.17/ns-3.17/src/wifi/bindings/modulegen__gcc_LP64.py:8349: Warning: exception TypeConfigurationError('Either caller_owns_return or self.reference_existing_object must be given',) in wrapper private: virtual retval? ???::DoCreateStation (params?) const;
  is_const=True, visibility='private', is_virtual=True)
/home/tommaso/OldNS3/ns-allinone-3.17/ns-3.17/src/wifi/bindings/modulegen__gcc_LP64.py:8354: Warning: exception TypeConfigurationError('Missing transfer_ownership option',) in wrapper private: virtual retval? ???::DoGetDataMode (params?);
  visibility='private', is_virtual=True)
/home/tommaso/OldNS3/ns-allinone-3.17/ns-3.17/src/wifi/bindings/modulegen__gcc_LP64.py:8359: Warning: exception TypeConfigurationError('Missing transfer_ownership option',) in wrapper private: virtual retval? ???::DoGetRtsMode (params?);
  visibility='private', is_virtual=True)
/home/tommaso/OldNS3/ns-allinone-3.17/ns-3.17/src/wifi/bindings/modulegen__gcc_LP64.py:8364: Warning: exception TypeConfigurationError('Missing transfer_ownership option',) in wrapper private: virtual retval? ???::DoReportDataFailed (params?);
  visibility='private', is_virtual=True)
/home/tommaso/OldNS3/ns-allinone-3.17/ns-3.17/src/wifi/bindings/modulegen__gcc_LP64.py:8369: Warning: exception TypeConfigurationError('Missing transfer_ownership option',) in wrapper private: virtual retval? ???::DoReportDataOk (params?);
  visibility='private', is_virtual=True)
/home/tommaso/OldNS3/ns-allinone-3.17/ns-3.17/src/wifi/bindings/modulegen__gcc_LP64.py:8374: Warning: exception TypeConfigurationError('Missing transfer_ownership option',) in wrapper private: virtual retval? ???::DoReportFinalDataFailed (params?);
  visibility='private', is_virtual=True)
/home/tommaso/OldNS3/ns-allinone-3.17/ns-3.17/src/wifi/bindings/modulegen__gcc_LP64.py:8379: Warning: exception TypeConfigurationError('Missing transfer_ownership option',) in wrapper private: virtual retval? ???::DoReportFinalRtsFailed (params?);
  visibility='private', is_virtual=True)
/home/tommaso/OldNS3/ns-allinone-3.17/ns-3.17/src/wifi/bindings/modulegen__gcc_LP64.py:8384: Warning: exception TypeConfigurationError('Missing transfer_ownership option',) in wrapper private: virtual retval? ???::DoReportRtsFailed (params?);
  visibility='private', is_virtual=True)
/home/tommaso/OldNS3/ns-allinone-3.17/ns-3.17/src/wifi/bindings/modulegen__gcc_LP64.py:8389: Warning: exception TypeConfigurationError('Missing transfer_ownership option',) in wrapper private: virtual retval? ???::DoReportRtsOk (params?);
  visibility='private', is_virtual=True)
/home/tommaso/OldNS3/ns-allinone-3.17/ns-3.17/src/wifi/bindings/modulegen__gcc_LP64.py:8394: Warning: exception TypeConfigurationError('Missing transfer_ownership option',) in wrapper private: virtual retval? ???::DoReportRxOk (params?);
  visibility='private', is_virtual=True)
/home/tommaso/OldNS3/ns-allinone-3.17/ns-3.17/src/wifi/bindings/modulegen__gcc_LP64.py:8579: Warning: exception TypeLookupError(['std::ostream &'],) in wrapper public: virtual retval? ???::Print (params?) const;
  is_const=True, is_virtual=True)
/home/tommaso/OldNS3/ns-allinone-3.17/ns-3.17/src/wifi/bindings/modulegen__gcc_LP64.py:8617: Warning: exception TypeLookupError(['uint16_t *'],) in wrapper public: retval? ???::GetBitmap (params?) const;
  is_const=True)
/home/tommaso/OldNS3/ns-allinone-3.17/ns-3.17/src/wifi/bindings/modulegen__gcc_LP64.py:8687: Warning: exception TypeLookupError(['std::ostream &'],) in wrapper public: virtual retval? ???::Print (params?) const;
  is_const=True, is_virtual=True)
/home/tommaso/OldNS3/ns-allinone-3.17/ns-3.17/src/wifi/bindings/modulegen__gcc_LP64.py:8846: Warning: exception TypeLookupError(['ns3::MacTxMiddle *'],) in wrapper public: retval? ???::SetTxMiddle (params?);
  [param('ns3::MacTxMiddle *', 'txMiddle')])
/home/tommaso/OldNS3/ns-allinone-3.17/ns-3.17/src/wifi/bindings/modulegen__gcc_LP64.py:8850: Warning: exception TypeConfigurationError('Missing transfer_ownership option',) in wrapper public: retval? ???::SetManager (params?);
  [param('ns3::DcfManager *', 'manager')])
/home/tommaso/OldNS3/ns-allinone-3.17/ns-3.17/src/wifi/bindings/modulegen__gcc_LP64.py:9030: Warning: exception TypeConfigurationError('Missing transfer_ownership option',) in wrapper public: retval? ???::GetFragmentPacket (params?);
  [param('ns3::WifiMacHeader *', 'hdr')])
/home/tommaso/OldNS3/ns-allinone-3.17/ns-3.17/src/wifi/bindings/modulegen__gcc_LP64.py:9263: Warning: exception TypeConfigurationError('Missing transfer_ownership option',) in wrapper <pybindgen.cppmethod.CppConstructor object at 0x7f431e215450>
  cls.add_constructor([param('ns3::SupportedRates *', 'rates')])
/home/tommaso/OldNS3/ns-allinone-3.17/ns-3.17/src/wifi/bindings/modulegen__gcc_LP64.py:9428: Warning: exception TypeConfigurationError('Either caller_owns_return or self.reference_existing_object must be given',) in wrapper private: virtual retval? ???::DoCreateStation (params?) const;
  is_const=True, visibility='private', is_virtual=True)
/home/tommaso/OldNS3/ns-allinone-3.17/ns-3.17/src/wifi/bindings/modulegen__gcc_LP64.py:9433: Warning: exception TypeConfigurationError('Missing transfer_ownership option',) in wrapper private: virtual retval? ???::DoGetDataMode (params?);
  visibility='private', is_virtual=True)
/home/tommaso/OldNS3/ns-allinone-3.17/ns-3.17/src/wifi/bindings/modulegen__gcc_LP64.py:9438: Warning: exception TypeConfigurationError('Missing transfer_ownership option',) in wrapper private: virtual retval? ???::DoGetRtsMode (params?);
  visibility='private', is_virtual=True)
/home/tommaso/OldNS3/ns-allinone-3.17/ns-3.17/src/wifi/bindings/modulegen__gcc_LP64.py:9443: Warning: exception TypeConfigurationError('Missing transfer_ownership option',) in wrapper private: virtual retval? ???::DoReportDataFailed (params?);
  visibility='private', is_virtual=True)
/home/tommaso/OldNS3/ns-allinone-3.17/ns-3.17/src/wifi/bindings/modulegen__gcc_LP64.py:9448: Warning: exception TypeConfigurationError('Missing transfer_ownership option',) in wrapper private: virtual retval? ???::DoReportDataOk (params?);
  visibility='private', is_virtual=True)
/home/tommaso/OldNS3/ns-allinone-3.17/ns-3.17/src/wifi/bindings/modulegen__gcc_LP64.py:9453: Warning: exception TypeConfigurationError('Missing transfer_ownership option',) in wrapper private: virtual retval? ???::DoReportFinalDataFailed (params?);
  visibility='private', is_virtual=True)
/home/tommaso/OldNS3/ns-allinone-3.17/ns-3.17/src/wifi/bindings/modulegen__gcc_LP64.py:9458: Warning: exception TypeConfigurationError('Missing transfer_ownership option',) in wrapper private: virtual retval? ???::DoReportFinalRtsFailed (params?);
  visibility='private', is_virtual=True)
/home/tommaso/OldNS3/ns-allinone-3.17/ns-3.17/src/wifi/bindings/modulegen__gcc_LP64.py:9463: Warning: exception TypeConfigurationError('Missing transfer_ownership option',) in wrapper private: virtual retval? ???::DoReportRtsFailed (params?);
  visibility='private', is_virtual=True)
/home/tommaso/OldNS3/ns-allinone-3.17/ns-3.17/src/wifi/bindings/modulegen__gcc_LP64.py:9468: Warning: exception TypeConfigurationError('Missing transfer_ownership option',) in wrapper private: virtual retval? ???::DoReportRtsOk (params?);
  visibility='private', is_virtual=True)
/home/tommaso/OldNS3/ns-allinone-3.17/ns-3.17/src/wifi/bindings/modulegen__gcc_LP64.py:9473: Warning: exception TypeConfigurationError('Missing transfer_ownership option',) in wrapper private: virtual retval? ???::DoReportRxOk (params?);
  visibility='private', is_virtual=True)
/home/tommaso/OldNS3/ns-allinone-3.17/ns-3.17/src/wifi/bindings/modulegen__gcc_LP64.py:9718: Warning: exception TypeLookupError(['std::complex< double >'],) in wrapper public: retval? ???::GetComplexGain (params?) const;
  is_const=True)
/home/tommaso/OldNS3/ns-allinone-3.17/ns-3.17/src/wifi/bindings/modulegen__gcc_LP64.py:9966: Warning: exception TypeConfigurationError('Missing transfer_ownership option',) in wrapper public: retval? ???::RegisterBlockAckListenerForAc (params?);
  [param('ns3::AcIndex', 'ac'), param('ns3::MacLowBlockAckEventListener *', 'listener')])
/home/tommaso/OldNS3/ns-allinone-3.17/ns-3.17/src/wifi/bindings/modulegen__gcc_LP64.py:9970: Warning: exception TypeConfigurationError('Missing transfer_ownership option',) in wrapper public: retval? ???::RegisterDcfListener (params?);
  [param('ns3::MacLowDcfListener *', 'listener')])
/home/tommaso/OldNS3/ns-allinone-3.17/ns-3.17/src/wifi/bindings/modulegen__gcc_LP64.py:10026: Warning: exception TypeConfigurationError('Missing transfer_ownership option',) in wrapper public: retval? ???::StartTransmission (params?);
  [param('ns3::Ptr< ns3::Packet const >', 'packet'), param('ns3::WifiMacHeader const *', 'hdr'), param('ns3::MacLowTransmissionParameters', 'parameters'), param('ns3::MacLowTransmissionListener *', 'listener')])
/home/tommaso/OldNS3/ns-allinone-3.17/ns-3.17/src/wifi/bindings/modulegen__gcc_LP64.py:10092: Warning: exception TypeConfigurationError('Either caller_owns_return or self.reference_existing_object must be given',) in wrapper private: virtual retval? ???::DoCreateStation (params?) const;
  is_const=True, visibility='private', is_virtual=True)
/home/tommaso/OldNS3/ns-allinone-3.17/ns-3.17/src/wifi/bindings/modulegen__gcc_LP64.py:10097: Warning: exception TypeConfigurationError('Missing transfer_ownership option',) in wrapper private: virtual retval? ???::DoGetDataMode (params?);
  visibility='private', is_virtual=True)
/home/tommaso/OldNS3/ns-allinone-3.17/ns-3.17/src/wifi/bindings/modulegen__gcc_LP64.py:10102: Warning: exception TypeConfigurationError('Missing transfer_ownership option',) in wrapper private: virtual retval? ???::DoGetRtsMode (params?);
  visibility='private', is_virtual=True)
/home/tommaso/OldNS3/ns-allinone-3.17/ns-3.17/src/wifi/bindings/modulegen__gcc_LP64.py:10107: Warning: exception TypeConfigurationError('Missing transfer_ownership option',) in wrapper private: virtual retval? ???::DoReportDataFailed (params?);
  visibility='private', is_virtual=True)
/home/tommaso/OldNS3/ns-allinone-3.17/ns-3.17/src/wifi/bindings/modulegen__gcc_LP64.py:10112: Warning: exception TypeConfigurationError('Missing transfer_ownership option',) in wrapper private: virtual retval? ???::DoReportDataOk (params?);
  visibility='private', is_virtual=True)
/home/tommaso/OldNS3/ns-allinone-3.17/ns-3.17/src/wifi/bindings/modulegen__gcc_LP64.py:10117: Warning: exception TypeConfigurationError('Missing transfer_ownership option',) in wrapper private: virtual retval? ???::DoReportFinalDataFailed (params?);
  visibility='private', is_virtual=True)
/home/tommaso/OldNS3/ns-allinone-3.17/ns-3.17/src/wifi/bindings/modulegen__gcc_LP64.py:10122: Warning: exception TypeConfigurationError('Missing transfer_ownership option',) in wrapper private: virtual retval? ???::DoReportFinalRtsFailed (params?);
  visibility='private', is_virtual=True)
/home/tommaso/OldNS3/ns-allinone-3.17/ns-3.17/src/wifi/bindings/modulegen__gcc_LP64.py:10127: Warning: exception TypeConfigurationError('Missing transfer_ownership option',) in wrapper private: virtual retval? ???::DoReportRtsFailed (params?);
  visibility='private', is_virtual=True)
/home/tommaso/OldNS3/ns-allinone-3.17/ns-3.17/src/wifi/bindings/modulegen__gcc_LP64.py:10132: Warning: exception TypeConfigurationError('Missing transfer_ownership option',) in wrapper private: virtual retval? ???::DoReportRtsOk (params?);
  visibility='private', is_virtual=True)
/home/tommaso/OldNS3/ns-allinone-3.17/ns-3.17/src/wifi/bindings/modulegen__gcc_LP64.py:10137: Warning: exception TypeConfigurationError('Missing transfer_ownership option',) in wrapper private: virtual retval? ???::DoReportRxOk (params?);
  visibility='private', is_virtual=True)
/home/tommaso/OldNS3/ns-allinone-3.17/ns-3.17/src/wifi/bindings/modulegen__gcc_LP64.py:10224: Warning: exception TypeLookupError(['std::list< std::pair< ns3::Ptr< ns3::Packet >, ns3::AmsduSubframeHeader > >'],) in wrapper public: retval? ???::Deaggregate (params?);
  is_static=True)
/home/tommaso/OldNS3/ns-allinone-3.17/ns-3.17/src/wifi/bindings/modulegen__gcc_LP64.py:10455: Warning: exception TypeLookupError(['ns3::Ptr< ns3::Application >', 'ns3::Application *'],) in wrapper public: retval? ???::AddApplication (params?);
  [param('ns3::Ptr< ns3::Application >', 'application')])
/home/tommaso/OldNS3/ns-allinone-3.17/ns-3.17/src/wifi/bindings/modulegen__gcc_LP64.py:10469: Warning: exception TypeLookupError(['ns3::Ptr< ns3::Application >', 'ns3::Application *'],) in wrapper public: retval? ???::GetApplication (params?) const;
  is_const=True)
/home/tommaso/OldNS3/ns-allinone-3.17/ns-3.17/src/wifi/bindings/modulegen__gcc_LP64.py:10503: Warning: exception TypeLookupError(['ns3::Callback< void, ns3::Ptr< ns3::NetDevice >, ns3::empty, ns3::empty, ns3::empty, ns3::empty, ns3::empty, ns3::empty, ns3::empty, ns3::empty >'],) in wrapper public: retval? ???::RegisterDeviceAdditionListener (params?);
  [param('ns3::Callback< void, ns3::Ptr< ns3::NetDevice >, ns3::empty, ns3::empty, ns3::empty, ns3::empty, ns3::empty, ns3::empty, ns3::empty, ns3::empty >', 'listener')])
/home/tommaso/OldNS3/ns-allinone-3.17/ns-3.17/src/wifi/bindings/modulegen__gcc_LP64.py:10511: Warning: exception TypeLookupError(['ns3::Callback< void, ns3::Ptr< ns3::NetDevice >, ns3::empty, ns3::empty, ns3::empty, ns3::empty, ns3::empty, ns3::empty, ns3::empty, ns3::empty >'],) in wrapper public: retval? ???::UnregisterDeviceAdditionListener (params?);
  [param('ns3::Callback< void, ns3::Ptr< ns3::NetDevice >, ns3::empty, ns3::empty, ns3::empty, ns3::empty, ns3::empty, ns3::empty, ns3::empty, ns3::empty >', 'listener')])
/home/tommaso/OldNS3/ns-allinone-3.17/ns-3.17/src/wifi/bindings/modulegen__gcc_LP64.py:10652: Warning: exception TypeConfigurationError('Either caller_owns_return or self.reference_existing_object must be given',) in wrapper private: virtual retval? ???::DoCreateStation (params?) const;
  is_const=True, visibility='private', is_virtual=True)
/home/tommaso/OldNS3/ns-allinone-3.17/ns-3.17/src/wifi/bindings/modulegen__gcc_LP64.py:10657: Warning: exception TypeConfigurationError('Missing transfer_ownership option',) in wrapper private: virtual retval? ???::DoGetDataMode (params?);
  visibility='private', is_virtual=True)
/home/tommaso/OldNS3/ns-allinone-3.17/ns-3.17/src/wifi/bindings/modulegen__gcc_LP64.py:10662: Warning: exception TypeConfigurationError('Missing transfer_ownership option',) in wrapper private: virtual retval? ???::DoGetRtsMode (params?);
  visibility='private', is_virtual=True)
/home/tommaso/OldNS3/ns-allinone-3.17/ns-3.17/src/wifi/bindings/modulegen__gcc_LP64.py:10667: Warning: exception TypeConfigurationError('Missing transfer_ownership option',) in wrapper private: virtual retval? ???::DoReportDataFailed (params?);
  visibility='private', is_virtual=True)
/home/tommaso/OldNS3/ns-allinone-3.17/ns-3.17/src/wifi/bindings/modulegen__gcc_LP64.py:10672: Warning: exception TypeConfigurationError('Missing transfer_ownership option',) in wrapper private: virtual retval? ???::DoReportDataOk (params?);
  visibility='private', is_virtual=True)
/home/tommaso/OldNS3/ns-allinone-3.17/ns-3.17/src/wifi/bindings/modulegen__gcc_LP64.py:10677: Warning: exception TypeConfigurationError('Missing transfer_ownership option',) in wrapper private: virtual retval? ???::DoReportFinalDataFailed (params?);
  visibility='private', is_virtual=True)
/home/tommaso/OldNS3/ns-allinone-3.17/ns-3.17/src/wifi/bindings/modulegen__gcc_LP64.py:10682: Warning: exception TypeConfigurationError('Missing transfer_ownership option',) in wrapper private: virtual retval? ???::DoReportFinalRtsFailed (params?);
  visibility='private', is_virtual=True)
/home/tommaso/OldNS3/ns-allinone-3.17/ns-3.17/src/wifi/bindings/modulegen__gcc_LP64.py:10687: Warning: exception TypeConfigurationError('Missing transfer_ownership option',) in wrapper private: virtual retval? ???::DoReportRtsFailed (params?);
  visibility='private', is_virtual=True)
/home/tommaso/OldNS3/ns-allinone-3.17/ns-3.17/src/wifi/bindings/modulegen__gcc_LP64.py:10692: Warning: exception TypeConfigurationError('Missing transfer_ownership option',) in wrapper private: virtual retval? ???::DoReportRtsOk (params?);
  visibility='private', is_virtual=True)
/home/tommaso/OldNS3/ns-allinone-3.17/ns-3.17/src/wifi/bindings/modulegen__gcc_LP64.py:10697: Warning: exception TypeConfigurationError('Missing transfer_ownership option',) in wrapper private: virtual retval? ???::DoReportRxOk (params?);
  visibility='private', is_virtual=True)
/home/tommaso/OldNS3/ns-allinone-3.17/ns-3.17/src/wifi/bindings/modulegen__gcc_LP64.py:10711: Warning: exception TypeLookupError(['std::ostream *'],) in wrapper <pybindgen.cppmethod.CppConstructor object at 0x7f431de72bd0>
  cls.add_constructor([param('std::ostream *', 'os')])
/home/tommaso/OldNS3/ns-allinone-3.17/ns-3.17/src/wifi/bindings/modulegen__gcc_LP64.py:10715: Warning: exception TypeLookupError(['std::ostream *'],) in wrapper public: retval? ???::GetStream (params?);
  [])
/home/tommaso/OldNS3/ns-allinone-3.17/ns-3.17/src/wifi/bindings/modulegen__gcc_LP64.py:10727: Warning: exception TypeConfigurationError('direction not given',) in wrapper <pybindgen.cppmethod.CppConstructor object at 0x7f431de5c6d0>
  cls.add_constructor([param('uint8_t const *', 'buffer'), param('uint32_t', 'size'), param('bool', 'magic')])
/home/tommaso/OldNS3/ns-allinone-3.17/ns-3.17/src/wifi/bindings/modulegen__gcc_LP64.py:10729: Warning: exception TypeConfigurationError('direction not given',) in wrapper <pybindgen.cppmethod.CppConstructor object at 0x7f431de51990>
  cls.add_constructor([param('uint8_t const *', 'buffer'), param('uint32_t', 'size')])
/home/tommaso/OldNS3/ns-allinone-3.17/ns-3.17/src/wifi/bindings/modulegen__gcc_LP64.py:10770: Warning: exception TypeConfigurationError('direction not given',) in wrapper public: retval? ???::CopyData (params?) const;
  is_const=True)
/home/tommaso/OldNS3/ns-allinone-3.17/ns-3.17/src/wifi/bindings/modulegen__gcc_LP64.py:10775: Warning: exception TypeLookupError(['std::ostream *'],) in wrapper public: retval? ???::CopyData (params?) const;
  is_const=True)
/home/tommaso/OldNS3/ns-allinone-3.17/ns-3.17/src/wifi/bindings/modulegen__gcc_LP64.py:10830: Warning: exception TypeLookupError(['uint8_t *'],) in wrapper public: retval? ???::PeekData (params?) const;
  deprecated=True, is_const=True)
/home/tommaso/OldNS3/ns-allinone-3.17/ns-3.17/src/wifi/bindings/modulegen__gcc_LP64.py:10849: Warning: exception TypeLookupError(['std::ostream &'],) in wrapper public: retval? ???::Print (params?) const;
  is_const=True)
/home/tommaso/OldNS3/ns-allinone-3.17/ns-3.17/src/wifi/bindings/modulegen__gcc_LP64.py:10854: Warning: exception TypeLookupError(['std::ostream &'],) in wrapper public: retval? ???::PrintByteTags (params?) const;
  is_const=True)
/home/tommaso/OldNS3/ns-allinone-3.17/ns-3.17/src/wifi/bindings/modulegen__gcc_LP64.py:10859: Warning: exception TypeLookupError(['std::ostream &'],) in wrapper public: retval? ???::PrintPacketTags (params?) const;
  is_const=True)
/home/tommaso/OldNS3/ns-allinone-3.17/ns-3.17/src/wifi/bindings/modulegen__gcc_LP64.py:10892: Warning: exception TypeConfigurationError('direction not given',) in wrapper public: retval? ???::Serialize (params?) const;
  is_const=True)
/home/tommaso/OldNS3/ns-allinone-3.17/ns-3.17/src/wifi/bindings/modulegen__gcc_LP64.py:11191: Warning: exception TypeConfigurationError('Either caller_owns_return or self.reference_existing_object must be given',) in wrapper private: virtual retval? ???::DoCreateStation (params?) const;
  is_const=True, visibility='private', is_virtual=True)
/home/tommaso/OldNS3/ns-allinone-3.17/ns-3.17/src/wifi/bindings/modulegen__gcc_LP64.py:11196: Warning: exception TypeConfigurationError('Missing transfer_ownership option',) in wrapper private: virtual retval? ???::DoGetDataMode (params?);
  visibility='private', is_virtual=True)
/home/tommaso/OldNS3/ns-allinone-3.17/ns-3.17/src/wifi/bindings/modulegen__gcc_LP64.py:11201: Warning: exception TypeConfigurationError('Missing transfer_ownership option',) in wrapper private: virtual retval? ???::DoGetRtsMode (params?);
  visibility='private', is_virtual=True)
/home/tommaso/OldNS3/ns-allinone-3.17/ns-3.17/src/wifi/bindings/modulegen__gcc_LP64.py:11206: Warning: exception TypeConfigurationError('Missing transfer_ownership option',) in wrapper private: virtual retval? ???::DoNeedRts (params?);
  visibility='private', is_virtual=True)
/home/tommaso/OldNS3/ns-allinone-3.17/ns-3.17/src/wifi/bindings/modulegen__gcc_LP64.py:11211: Warning: exception TypeConfigurationError('Missing transfer_ownership option',) in wrapper private: virtual retval? ???::DoReportDataFailed (params?);
  visibility='private', is_virtual=True)
/home/tommaso/OldNS3/ns-allinone-3.17/ns-3.17/src/wifi/bindings/modulegen__gcc_LP64.py:11216: Warning: exception TypeConfigurationError('Missing transfer_ownership option',) in wrapper private: virtual retval? ???::DoReportDataOk (params?);
  visibility='private', is_virtual=True)
/home/tommaso/OldNS3/ns-allinone-3.17/ns-3.17/src/wifi/bindings/modulegen__gcc_LP64.py:11221: Warning: exception TypeConfigurationError('Missing transfer_ownership option',) in wrapper private: virtual retval? ???::DoReportFinalDataFailed (params?);
  visibility='private', is_virtual=True)
/home/tommaso/OldNS3/ns-allinone-3.17/ns-3.17/src/wifi/bindings/modulegen__gcc_LP64.py:11226: Warning: exception TypeConfigurationError('Missing transfer_ownership option',) in wrapper private: virtual retval? ???::DoReportFinalRtsFailed (params?);
  visibility='private', is_virtual=True)
/home/tommaso/OldNS3/ns-allinone-3.17/ns-3.17/src/wifi/bindings/modulegen__gcc_LP64.py:11231: Warning: exception TypeConfigurationError('Missing transfer_ownership option',) in wrapper private: virtual retval? ???::DoReportRtsFailed (params?);
  visibility='private', is_virtual=True)
/home/tommaso/OldNS3/ns-allinone-3.17/ns-3.17/src/wifi/bindings/modulegen__gcc_LP64.py:11236: Warning: exception TypeConfigurationError('Missing transfer_ownership option',) in wrapper private: virtual retval? ???::DoReportRtsOk (params?);
  visibility='private', is_virtual=True)
/home/tommaso/OldNS3/ns-allinone-3.17/ns-3.17/src/wifi/bindings/modulegen__gcc_LP64.py:11241: Warning: exception TypeConfigurationError('Missing transfer_ownership option',) in wrapper private: virtual retval? ???::DoReportRxOk (params?);
  visibility='private', is_virtual=True)
/home/tommaso/OldNS3/ns-allinone-3.17/ns-3.17/src/wifi/bindings/modulegen__gcc_LP64.py:12070: Warning: exception TypeConfigurationError('Missing transfer_ownership option',) in wrapper public: retval? ???::SetManager (params?);
  [param('ns3::DcfManager *', 'manager')])
/home/tommaso/OldNS3/ns-allinone-3.17/pybindgen-0.16.0.825/pybindgen/cppclass_typehandlers.py:1098: UserWarning: Returning shared pointers is dangerous!  The C++ API should be redesigned to avoid this situation.
  warnings.warn("Returning shared pointers is dangerous!"
/home/tommaso/OldNS3/ns-allinone-3.17/ns-3.17/src/wifi/bindings/modulegen__gcc_LP64.py:6138: Warning: exception NotSupportedError('Reverse wrappers for ns3::Callback<...> types (python using callbacks defined in C++) not implemented.',) in wrapper public: virtual void ns3::WifiMac::SetForwardUpCallback (ns3::Callback< void, ns3::Ptr< ns3::Packet >, ns3::Mac48Address, ns3::Mac48Address, ns3::empty, ns3::empty, ns3::empty, ns3::empty, ns3::empty, ns3::empty > upCallback) = 0;
  is_pure_virtual=True, is_virtual=True)
/home/tommaso/OldNS3/ns-allinone-3.17/ns-3.17/src/wifi/bindings/modulegen__gcc_LP64.py:11084: Warning: exception NotSupportedError('Reverse wrappers for ns3::Callback<...> types (python using callbacks defined in C++) not implemented.',) in wrapper public: virtual void ns3::RegularWifiMac::SetForwardUpCallback (ns3::Callback< void, ns3::Ptr< ns3::Packet >, ns3::Mac48Address, ns3::Mac48Address, ns3::empty, ns3::empty, ns3::empty, ns3::empty, ns3::empty, ns3::empty > upCallback);
  is_virtual=True)
/home/tommaso/OldNS3/ns-allinone-3.17/ns-3.17/src/wifi/bindings/modulegen__gcc_LP64.py:11089: Warning: exception NotSupportedError('Reverse wrappers for ns3::Callback<...> types (python using callbacks defined in C++) not implemented.',) in wrapper public: virtual void ns3::RegularWifiMac::SetLinkUpCallback (ns3::Callback< void, ns3::empty, ns3::empty, ns3::empty, ns3::empty, ns3::empty, ns3::empty, ns3::empty, ns3::empty, ns3::empty > linkUp);
  is_virtual=True)
/home/tommaso/OldNS3/ns-allinone-3.17/ns-3.17/src/wifi/bindings/modulegen__gcc_LP64.py:11094: Warning: exception NotSupportedError('Reverse wrappers for ns3::Callback<...> types (python using callbacks defined in C++) not implemented.',) in wrapper public: virtual void ns3::RegularWifiMac::SetLinkDownCallback (ns3::Callback< void, ns3::empty, ns3::empty, ns3::empty, ns3::empty, ns3::empty, ns3::empty, ns3::empty, ns3::empty, ns3::empty > linkDown);
  is_virtual=True)
bindings/python/ns3modulegen-modular.py:27: UserWarning: exception NotSupportedError('Reverse wrappers for ns3::Callback<...> types (python using callbacks defined in C++) not implemented.',) in wrapper public: virtual void ns3::RegularWifiMac::SetForwardUpCallback (ns3::Callback< void, ns3::Ptr< ns3::Packet >, ns3::Mac48Address, ns3::Mac48Address, ns3::empty, ns3::empty, ns3::empty, ns3::empty, ns3::empty, ns3::empty > upCallback);
  warnings.warn("exception %r in wrapper %s" % (exception, wrapper))
bindings/python/ns3modulegen-modular.py:27: UserWarning: exception NotSupportedError('Reverse wrappers for ns3::Callback<...> types (python using callbacks defined in C++) not implemented.',) in wrapper public: virtual void ns3::RegularWifiMac::SetLinkDownCallback (ns3::Callback< void, ns3::empty, ns3::empty, ns3::empty, ns3::empty, ns3::empty, ns3::empty, ns3::empty, ns3::empty, ns3::empty > linkDown);
  warnings.warn("exception %r in wrapper %s" % (exception, wrapper))
bindings/python/ns3modulegen-modular.py:27: UserWarning: exception NotSupportedError('Reverse wrappers for ns3::Callback<...> types (python using callbacks defined in C++) not implemented.',) in wrapper public: virtual void ns3::RegularWifiMac::SetLinkUpCallback (ns3::Callback< void, ns3::empty, ns3::empty, ns3::empty, ns3::empty, ns3::empty, ns3::empty, ns3::empty, ns3::empty, ns3::empty > linkUp);
  warnings.warn("exception %r in wrapper %s" % (exception, wrapper))
/home/tommaso/OldNS3/ns-allinone-3.17/ns-3.17/src/wifi/bindings/modulegen__gcc_LP64.py:11684: Warning: exception NotSupportedError('Reverse wrappers for ns3::Callback<...> types (python using callbacks defined in C++) not implemented.',) in wrapper public: virtual void ns3::WifiNetDevice::AddLinkChangeCallback (ns3::Callback< void, ns3::empty, ns3::empty, ns3::empty, ns3::empty, ns3::empty, ns3::empty, ns3::empty, ns3::empty, ns3::empty > callback);
  is_virtual=True)
/home/tommaso/OldNS3/ns-allinone-3.17/ns-3.17/src/wifi/bindings/modulegen__gcc_LP64.py:11817: Warning: exception NotSupportedError('Reverse wrappers for ns3::Callback<...> types (python using callbacks defined in C++) not implemented.',) in wrapper public: virtual void ns3::WifiNetDevice::SetPromiscReceiveCallback (ns3::Callback< bool, ns3::Ptr< ns3::NetDevice >, ns3::Ptr< ns3::Packet const >, unsigned short, ns3::Address const &, ns3::Address const &, ns3::NetDevice::PacketType, ns3::empty, ns3::empty, ns3::empty > cb);
  is_virtual=True)
/home/tommaso/OldNS3/ns-allinone-3.17/ns-3.17/src/wifi/bindings/modulegen__gcc_LP64.py:11822: Warning: exception NotSupportedError('Reverse wrappers for ns3::Callback<...> types (python using callbacks defined in C++) not implemented.',) in wrapper public: virtual void ns3::WifiNetDevice::SetReceiveCallback (ns3::Callback< bool, ns3::Ptr< ns3::NetDevice >, ns3::Ptr< ns3::Packet const >, unsigned short, ns3::Address const &, ns3::empty, ns3::empty, ns3::empty, ns3::empty, ns3::empty > cb);
  is_virtual=True)
/home/tommaso/OldNS3/ns-allinone-3.17/ns-3.17/src/wifi/bindings/modulegen__gcc_LP64.py:11959: Warning: exception NotSupportedError('Reverse wrappers for ns3::Callback<...> types (python using callbacks defined in C++) not implemented.',) in wrapper public: virtual void ns3::AdhocWifiMac::SetLinkUpCallback (ns3::Callback< void, ns3::empty, ns3::empty, ns3::empty, ns3::empty, ns3::empty, ns3::empty, ns3::empty, ns3::empty, ns3::empty > linkUp);
  is_virtual=True)
/home/tommaso/OldNS3/ns-allinone-3.17/ns-3.17/src/wifi/bindings/modulegen__gcc_LP64.py:11989: Warning: exception NotSupportedError('Reverse wrappers for ns3::Callback<...> types (python using callbacks defined in C++) not implemented.',) in wrapper public: virtual void ns3::ApWifiMac::SetLinkUpCallback (ns3::Callback< void, ns3::empty, ns3::empty, ns3::empty, ns3::empty, ns3::empty, ns3::empty, ns3::empty, ns3::empty, ns3::empty > linkUp);
  is_virtual=True)
bindings/python/ns3modulegen-modular.py:27: UserWarning: exception CodeGenerationError('ns3::DcfState cannot be constructed (class has pure virtual methods)',) in wrapper <pybindgen.CppClass 'ns3::DcfState'>
  warnings.warn("exception %r in wrapper %s" % (exception, wrapper))
bindings/python/ns3modulegen-modular.py:27: UserWarning: exception CodeGenerationError('ns3::MacLowBlockAckEventListener cannot be constructed (class has pure virtual methods)',) in wrapper <pybindgen.CppClass 'ns3::MacLowBlockAckEventListener'>
  warnings.warn("exception %r in wrapper %s" % (exception, wrapper))
bindings/python/ns3modulegen-modular.py:27: UserWarning: exception CodeGenerationError('ns3::MacLowDcfListener cannot be constructed (class has pure virtual methods)',) in wrapper <pybindgen.CppClass 'ns3::MacLowDcfListener'>
  warnings.warn("exception %r in wrapper %s" % (exception, wrapper))
bindings/python/ns3modulegen-modular.py:27: UserWarning: exception CodeGenerationError('ns3::MacLowTransmissionListener cannot be constructed (class has pure virtual methods)',) in wrapper <pybindgen.CppClass 'ns3::MacLowTransmissionListener'>
  warnings.warn("exception %r in wrapper %s" % (exception, wrapper))
bindings/python/ns3modulegen-modular.py:27: UserWarning: exception CodeGenerationError('ns3::WifiMacHelper cannot be constructed (class has pure virtual methods)',) in wrapper <pybindgen.CppClass 'ns3::WifiMacHelper'>
  warnings.warn("exception %r in wrapper %s" % (exception, wrapper))
bindings/python/ns3modulegen-modular.py:27: UserWarning: exception CodeGenerationError('ns3::WifiPhyHelper cannot be constructed (class has pure virtual methods)',) in wrapper <pybindgen.CppClass 'ns3::WifiPhyHelper'>
  warnings.warn("exception %r in wrapper %s" % (exception, wrapper))
bindings/python/ns3modulegen-modular.py:27: UserWarning: exception CodeGenerationError('ns3::WifiPhyListener cannot be constructed (class has pure virtual methods)',) in wrapper <pybindgen.CppClass 'ns3::WifiPhyListener'>
  warnings.warn("exception %r in wrapper %s" % (exception, wrapper))
bindings/python/ns3modulegen-modular.py:27: UserWarning: exception CodeGenerationError('ns3::WifiInformationElement cannot be constructed (have pure virtual methods but no helper class)',) in wrapper <pybindgen.CppClass 'ns3::WifiInformationElement'>
  warnings.warn("exception %r in wrapper %s" % (exception, wrapper))
bindings/python/ns3modulegen-modular.py:27: UserWarning: exception CodeGenerationError('ns3::WifiMac cannot be constructed (have pure virtual methods but no helper class)',) in wrapper <pybindgen.CppClass 'ns3::WifiMac'>
  warnings.warn("exception %r in wrapper %s" % (exception, wrapper))
bindings/python/ns3modulegen-modular.py:27: UserWarning: exception CodeGenerationError('ns3::WifiPhy cannot be constructed (have pure virtual methods but no helper class)',) in wrapper <pybindgen.CppClass 'ns3::WifiPhy'>
  warnings.warn("exception %r in wrapper %s" % (exception, wrapper))
bindings/python/ns3modulegen-modular.py:27: UserWarning: exception CodeGenerationError('ns3::WifiRemoteStationManager cannot be constructed (have pure virtual methods but no helper class)',) in wrapper <pybindgen.CppClass 'ns3::WifiRemoteStationManager'>
  warnings.warn("exception %r in wrapper %s" % (exception, wrapper))
bindings/python/ns3modulegen-modular.py:27: UserWarning: exception CodeGenerationError('ns3::Dcf cannot be constructed (class has pure virtual methods)',) in wrapper <pybindgen.CppClass 'ns3::Dcf'>
  warnings.warn("exception %r in wrapper %s" % (exception, wrapper))
bindings/python/ns3modulegen-modular.py:27: UserWarning: exception CodeGenerationError('ns3::ErrorRateModel cannot be constructed (class has pure virtual methods)',) in wrapper <pybindgen.CppClass 'ns3::ErrorRateModel'>
  warnings.warn("exception %r in wrapper %s" % (exception, wrapper))
bindings/python/ns3modulegen-modular.py:27: UserWarning: exception CodeGenerationError('ns3::MsduAggregator cannot be constructed (class has pure virtual methods)',) in wrapper <pybindgen.CppClass 'ns3::MsduAggregator'>
  warnings.warn("exception %r in wrapper %s" % (exception, wrapper))
/home/tommaso/OldNS3/ns-allinone-3.17/ns-3.17/src/wifi/bindings/modulegen__gcc_LP64.py:801: Warning: exception NotSupportedError('Reverse wrappers for ns3::Callback<...> types (python using callbacks defined in C++) not implemented.',) in wrapper public: virtual void ns3::RegularWifiMac::SetForwardUpCallback (ns3::Callback< void, ns3::Ptr< ns3::Packet >, ns3::Mac48Address, ns3::Mac48Address, ns3::empty, ns3::empty, ns3::empty, ns3::empty, ns3::empty, ns3::empty > upCallback);
  register_Ns3RegularWifiMac_methods(root_module, root_module['ns3::RegularWifiMac'])
/home/tommaso/OldNS3/ns-allinone-3.17/ns-3.17/src/wifi/bindings/modulegen__gcc_LP64.py:801: Warning: exception NotSupportedError('Reverse wrappers for ns3::Callback<...> types (python using callbacks defined in C++) not implemented.',) in wrapper public: virtual void ns3::RegularWifiMac::SetLinkUpCallback (ns3::Callback< void, ns3::empty, ns3::empty, ns3::empty, ns3::empty, ns3::empty, ns3::empty, ns3::empty, ns3::empty, ns3::empty > linkUp);
  register_Ns3RegularWifiMac_methods(root_module, root_module['ns3::RegularWifiMac'])
/home/tommaso/OldNS3/ns-allinone-3.17/ns-3.17/src/wifi/bindings/modulegen__gcc_LP64.py:801: Warning: exception NotSupportedError('Reverse wrappers for ns3::Callback<...> types (python using callbacks defined in C++) not implemented.',) in wrapper public: virtual void ns3::RegularWifiMac::SetLinkDownCallback (ns3::Callback< void, ns3::empty, ns3::empty, ns3::empty, ns3::empty, ns3::empty, ns3::empty, ns3::empty, ns3::empty, ns3::empty > linkDown);
  register_Ns3RegularWifiMac_methods(root_module, root_module['ns3::RegularWifiMac'])
bindings/python/ns3modulegen-modular.py:27: UserWarning: exception CodeGenerationError('ns3::SsidChecker cannot be constructed (have pure virtual methods but no helper class)',) in wrapper <pybindgen.CppClass 'ns3::SsidChecker'>
  warnings.warn("exception %r in wrapper %s" % (exception, wrapper))
bindings/python/ns3modulegen-modular.py:27: UserWarning: exception CodeGenerationError('ns3::WifiChannel cannot be constructed (have pure virtual methods but no helper class)',) in wrapper <pybindgen.CppClass 'ns3::WifiChannel'>
  warnings.warn("exception %r in wrapper %s" % (exception, wrapper))
bindings/python/ns3modulegen-modular.py:27: UserWarning: exception CodeGenerationError('ns3::WifiModeChecker cannot be constructed (have pure virtual methods but no helper class)',) in wrapper <pybindgen.CppClass 'ns3::WifiModeChecker'>
  warnings.warn("exception %r in wrapper %s" % (exception, wrapper))
/home/tommaso/OldNS3/ns-allinone-3.17/ns-3.17/src/wifi/bindings/modulegen__gcc_LP64.py:820: Warning: exception NotSupportedError('Reverse wrappers for ns3::Callback<...> types (python using callbacks defined in C++) not implemented.',) in wrapper public: virtual void ns3::WifiNetDevice::AddLinkChangeCallback (ns3::Callback< void, ns3::empty, ns3::empty, ns3::empty, ns3::empty, ns3::empty, ns3::empty, ns3::empty, ns3::empty, ns3::empty > callback);
  register_Ns3WifiNetDevice_methods(root_module, root_module['ns3::WifiNetDevice'])
/home/tommaso/OldNS3/ns-allinone-3.17/ns-3.17/src/wifi/bindings/modulegen__gcc_LP64.py:820: Warning: exception NotSupportedError('Reverse wrappers for ns3::Callback<...> types (python using callbacks defined in C++) not implemented.',) in wrapper public: virtual void ns3::WifiNetDevice::SetPromiscReceiveCallback (ns3::Callback< bool, ns3::Ptr< ns3::NetDevice >, ns3::Ptr< ns3::Packet const >, unsigned short, ns3::Address const &, ns3::Address const &, ns3::NetDevice::PacketType, ns3::empty, ns3::empty, ns3::empty > cb);
  register_Ns3WifiNetDevice_methods(root_module, root_module['ns3::WifiNetDevice'])
/home/tommaso/OldNS3/ns-allinone-3.17/ns-3.17/src/wifi/bindings/modulegen__gcc_LP64.py:820: Warning: exception NotSupportedError('Reverse wrappers for ns3::Callback<...> types (python using callbacks defined in C++) not implemented.',) in wrapper public: virtual void ns3::WifiNetDevice::SetReceiveCallback (ns3::Callback< bool, ns3::Ptr< ns3::NetDevice >, ns3::Ptr< ns3::Packet const >, unsigned short, ns3::Address const &, ns3::empty, ns3::empty, ns3::empty, ns3::empty, ns3::empty > cb);
  register_Ns3WifiNetDevice_methods(root_module, root_module['ns3::WifiNetDevice'])
/home/tommaso/OldNS3/ns-allinone-3.17/ns-3.17/src/wifi/bindings/modulegen__gcc_LP64.py:825: Warning: exception NotSupportedError('Reverse wrappers for ns3::Callback<...> types (python using callbacks defined in C++) not implemented.',) in wrapper public: virtual void ns3::AdhocWifiMac::SetLinkUpCallback (ns3::Callback< void, ns3::empty, ns3::empty, ns3::empty, ns3::empty, ns3::empty, ns3::empty, ns3::empty, ns3::empty, ns3::empty > linkUp);
  register_Ns3AdhocWifiMac_methods(root_module, root_module['ns3::AdhocWifiMac'])
/home/tommaso/OldNS3/ns-allinone-3.17/ns-3.17/src/wifi/bindings/modulegen__gcc_LP64.py:826: Warning: exception NotSupportedError('Reverse wrappers for ns3::Callback<...> types (python using callbacks defined in C++) not implemented.',) in wrapper public: virtual void ns3::ApWifiMac::SetLinkUpCallback (ns3::Callback< void, ns3::empty, ns3::empty, ns3::empty, ns3::empty, ns3::empty, ns3::empty, ns3::empty, ns3::empty, ns3::empty > linkUp);
  register_Ns3ApWifiMac_methods(root_module, root_module['ns3::ApWifiMac'])
