>>>>>>>>>>>>>>>> [['bool', 'ns3::Ptr<ns3::NetDevice>', 'ns3::Ptr<ns3::Packet const>', 'unsigned short', 'ns3::Address const&', 'ns3::Address const&', 'ns3::NetDevice::PacketType', 'ns3::empty', 'ns3::empty', 'ns3::empty'], ['bool', 'ns3::Ptr<ns3::NetDevice>', 'ns3::Ptr<ns3::Packet const>', 'unsigned short', 'ns3::Address const&', 'ns3::empty', 'ns3::empty', 'ns3::empty', 'ns3::empty', 'ns3::empty'], ['void', 'ns3::empty', 'ns3::empty', 'ns3::empty', 'ns3::empty', 'ns3::empty', 'ns3::empty', 'ns3::empty', 'ns3::empty', 'ns3::empty'], ['void', 'unsigned char*', 'int', 'ns3::empty', 'ns3::empty', 'ns3::empty', 'ns3::empty', 'ns3::empty', 'ns3::empty', 'ns3::empty'], ['void', 'ns3::Ptr<ns3::NetDevice>', 'ns3::Ptr<ns3::Packet const>', 'unsigned short', 'ns3::Address const&', 'ns3::Address const&', 'ns3::NetDevice::PacketType', 'ns3::empty', 'ns3::empty', 'ns3::empty']]
***** registering callback handler: 'ns3::Callback< bool, ns3::Ptr< ns3::NetDevice >, ns3::Ptr< ns3::Packet const >, unsigned short, ns3::Address const &, ns3::Address const &, ns3::NetDevice::PacketType, ns3::empty, ns3::empty, ns3::empty >'
***** registering callback handler: 'ns3::Callback< bool, ns3::Ptr< ns3::NetDevice >, ns3::Ptr< ns3::Packet const >, unsigned short, ns3::Address const &, ns3::empty, ns3::empty, ns3::empty, ns3::empty, ns3::empty >'
***** registering callback handler: 'ns3::Callback< void, ns3::empty, ns3::empty, ns3::empty, ns3::empty, ns3::empty, ns3::empty, ns3::empty, ns3::empty, ns3::empty >'
/home/tommaso/OldNS3/ns-allinone-3.17/ns-3.17/bindings/python/ns3modulegen_core_customizations.py:225: Warning: ***** Unable to register callback; parameter 'unsigned char* arg1' error (used in ns3::Callback< void, unsigned char*, int, ns3::empty, ns3::empty, ns3::empty, ns3::empty, ns3::empty, ns3::empty, ns3::empty >): TypeLookupError(['unsigned char *'],)
  Warning)
***** registering callback handler: 'ns3::Callback< void, ns3::Ptr< ns3::NetDevice >, ns3::Ptr< ns3::Packet const >, unsigned short, ns3::Address const &, ns3::Address const &, ns3::NetDevice::PacketType, ns3::empty, ns3::empty, ns3::empty >'
/home/tommaso/OldNS3/ns-allinone-3.17/ns-3.17/src/fd-net-device/bindings/modulegen__gcc_LP64.py:388: Warning: exception TypeConfigurationError('direction not given',) in wrapper <pybindgen.cppmethod.CppConstructor object at 0x7f0eebd934d0>
  cls.add_constructor([param('uint8_t', 'type'), param('uint8_t const *', 'buffer'), param('uint8_t', 'len')])
/home/tommaso/OldNS3/ns-allinone-3.17/ns-3.17/src/fd-net-device/bindings/modulegen__gcc_LP64.py:399: Warning: exception TypeConfigurationError('direction not given',) in wrapper public: retval? ???::CopyAllFrom (params?);
  [param('uint8_t const *', 'buffer'), param('uint8_t', 'len')])
/home/tommaso/OldNS3/ns-allinone-3.17/ns-3.17/src/fd-net-device/bindings/modulegen__gcc_LP64.py:404: Warning: exception TypeConfigurationError('direction not given',) in wrapper public: retval? ???::CopyAllTo (params?) const;
  is_const=True)
/home/tommaso/OldNS3/ns-allinone-3.17/ns-3.17/src/fd-net-device/bindings/modulegen__gcc_LP64.py:408: Warning: exception TypeConfigurationError('direction not given',) in wrapper public: retval? ???::CopyFrom (params?);
  [param('uint8_t const *', 'buffer'), param('uint8_t', 'len')])
/home/tommaso/OldNS3/ns-allinone-3.17/ns-3.17/src/fd-net-device/bindings/modulegen__gcc_LP64.py:413: Warning: exception TypeConfigurationError('direction not given',) in wrapper public: retval? ???::CopyTo (params?) const;
  is_const=True)
/home/tommaso/OldNS3/ns-allinone-3.17/ns-3.17/src/fd-net-device/bindings/modulegen__gcc_LP64.py:582: Warning: exception TypeLookupError(['std::_List_const_iterator< ns3::AttributeConstructionList::Item >'],) in wrapper public: retval? ???::Begin (params?) const;
  is_const=True)
/home/tommaso/OldNS3/ns-allinone-3.17/ns-3.17/src/fd-net-device/bindings/modulegen__gcc_LP64.py:587: Warning: exception TypeLookupError(['std::_List_const_iterator< ns3::AttributeConstructionList::Item >'],) in wrapper public: retval? ???::End (params?) const;
  is_const=True)
/home/tommaso/OldNS3/ns-allinone-3.17/ns-3.17/src/fd-net-device/bindings/modulegen__gcc_LP64.py:638: Warning: exception TypeLookupError(['std::ostream *'],) in wrapper public: retval? ???::CopyData (params?) const;
  is_const=True)
/home/tommaso/OldNS3/ns-allinone-3.17/ns-3.17/src/fd-net-device/bindings/modulegen__gcc_LP64.py:643: Warning: exception TypeConfigurationError('direction not given',) in wrapper public: retval? ???::CopyData (params?) const;
  is_const=True)
/home/tommaso/OldNS3/ns-allinone-3.17/ns-3.17/src/fd-net-device/bindings/modulegen__gcc_LP64.py:657: Warning: exception TypeConfigurationError('direction not given',) in wrapper public: retval? ???::Deserialize (params?);
  [param('uint8_t const *', 'buffer'), param('uint32_t', 'size')])
/home/tommaso/OldNS3/ns-allinone-3.17/ns-3.17/src/fd-net-device/bindings/modulegen__gcc_LP64.py:687: Warning: exception TypeLookupError(['uint8_t *'],) in wrapper public: retval? ???::PeekData (params?) const;
  is_const=True)
/home/tommaso/OldNS3/ns-allinone-3.17/ns-3.17/src/fd-net-device/bindings/modulegen__gcc_LP64.py:700: Warning: exception TypeConfigurationError('direction not given',) in wrapper public: retval? ???::Serialize (params?) const;
  is_const=True)
/home/tommaso/OldNS3/ns-allinone-3.17/ns-3.17/src/fd-net-device/bindings/modulegen__gcc_LP64.py:755: Warning: exception TypeConfigurationError('direction not given',) in wrapper public: retval? ???::Read (params?);
  [param('uint8_t *', 'buffer'), param('uint32_t', 'size')])
/home/tommaso/OldNS3/ns-allinone-3.17/ns-3.17/src/fd-net-device/bindings/modulegen__gcc_LP64.py:799: Warning: exception TypeConfigurationError('direction not given',) in wrapper public: retval? ???::Write (params?);
  [param('uint8_t const *', 'buffer'), param('uint32_t', 'size')])
/home/tommaso/OldNS3/ns-allinone-3.17/ns-3.17/src/fd-net-device/bindings/modulegen__gcc_LP64.py:1020: Warning: exception TypeLookupError(['ns3::Ptr< ns3::EventImpl > &'],) in wrapper <pybindgen.cppmethod.CppConstructor object at 0x7f0eebc19450>
  cls.add_constructor([param('ns3::Ptr< ns3::EventImpl > const &', 'impl'), param('uint64_t', 'ts'), param('uint32_t', 'context'), param('uint32_t', 'uid')])
/home/tommaso/OldNS3/ns-allinone-3.17/ns-3.17/src/fd-net-device/bindings/modulegen__gcc_LP64.py:1054: Warning: exception TypeConfigurationError('Either caller_owns_return or self.reference_existing_object must be given',) in wrapper public: retval? ???::PeekEventImpl (params?) const;
  is_const=True)
/home/tommaso/OldNS3/ns-allinone-3.17/ns-3.17/src/fd-net-device/bindings/modulegen__gcc_LP64.py:1084: Warning: exception TypeConfigurationError('direction not given',) in wrapper public: retval? ???::Deserialize (params?);
  is_static=True)
/home/tommaso/OldNS3/ns-allinone-3.17/ns-3.17/src/fd-net-device/bindings/modulegen__gcc_LP64.py:1149: Warning: exception TypeLookupError(['std::ostream &'],) in wrapper public: retval? ???::Print (params?) const;
  is_const=True)
/home/tommaso/OldNS3/ns-allinone-3.17/ns-3.17/src/fd-net-device/bindings/modulegen__gcc_LP64.py:1154: Warning: exception TypeConfigurationError('direction not given',) in wrapper public: retval? ???::Serialize (params?) const;
  is_const=True)
/home/tommaso/OldNS3/ns-allinone-3.17/ns-3.17/src/fd-net-device/bindings/modulegen__gcc_LP64.py:1221: Warning: exception TypeLookupError(['std::ostream &'],) in wrapper public: retval? ???::Print (params?) const;
  is_const=True)
/home/tommaso/OldNS3/ns-allinone-3.17/ns-3.17/src/fd-net-device/bindings/modulegen__gcc_LP64.py:1238: Warning: exception TypeConfigurationError('direction not given',) in wrapper <pybindgen.cppmethod.CppConstructor object at 0x7f0eebb7eed0>
  cls.add_constructor([param('uint8_t *', 'address')])
/home/tommaso/OldNS3/ns-allinone-3.17/ns-3.17/src/fd-net-device/bindings/modulegen__gcc_LP64.py:1256: Warning: exception TypeConfigurationError('direction not given',) in wrapper public: retval? ???::Deserialize (params?);
  is_static=True)
/home/tommaso/OldNS3/ns-allinone-3.17/ns-3.17/src/fd-net-device/bindings/modulegen__gcc_LP64.py:1281: Warning: exception TypeConfigurationError('direction not given',) in wrapper public: retval? ???::GetBytes (params?) const;
  is_const=True)
/home/tommaso/OldNS3/ns-allinone-3.17/ns-3.17/src/fd-net-device/bindings/modulegen__gcc_LP64.py:1385: Warning: exception TypeLookupError(['std::ostream &'],) in wrapper public: retval? ???::Print (params?) const;
  is_const=True)
/home/tommaso/OldNS3/ns-allinone-3.17/ns-3.17/src/fd-net-device/bindings/modulegen__gcc_LP64.py:1390: Warning: exception TypeConfigurationError('direction not given',) in wrapper public: retval? ???::Serialize (params?) const;
  is_const=True)
/home/tommaso/OldNS3/ns-allinone-3.17/ns-3.17/src/fd-net-device/bindings/modulegen__gcc_LP64.py:1398: Warning: exception TypeConfigurationError('direction not given',) in wrapper public: retval? ???::Set (params?);
  [param('uint8_t *', 'address')])
/home/tommaso/OldNS3/ns-allinone-3.17/ns-3.17/src/fd-net-device/bindings/modulegen__gcc_LP64.py:1408: Warning: exception TypeConfigurationError('direction not given',) in wrapper <pybindgen.cppmethod.CppConstructor object at 0x7f0eebb4fd50>
  cls.add_constructor([param('uint8_t *', 'prefix')])
/home/tommaso/OldNS3/ns-allinone-3.17/ns-3.17/src/fd-net-device/bindings/modulegen__gcc_LP64.py:1421: Warning: exception TypeConfigurationError('direction not given',) in wrapper public: retval? ???::GetBytes (params?) const;
  is_const=True)
/home/tommaso/OldNS3/ns-allinone-3.17/ns-3.17/src/fd-net-device/bindings/modulegen__gcc_LP64.py:1456: Warning: exception TypeLookupError(['std::ostream &'],) in wrapper public: retval? ???::Print (params?) const;
  is_const=True)
/home/tommaso/OldNS3/ns-allinone-3.17/ns-3.17/src/fd-net-device/bindings/modulegen__gcc_LP64.py:1483: Warning: exception TypeConfigurationError('direction not given',) in wrapper public: retval? ???::CopyFrom (params?);
  [param('uint8_t const *', 'buffer')])
/home/tommaso/OldNS3/ns-allinone-3.17/ns-3.17/src/fd-net-device/bindings/modulegen__gcc_LP64.py:1488: Warning: exception TypeConfigurationError('direction not given',) in wrapper public: retval? ???::CopyTo (params?) const;
  is_const=True)
/home/tommaso/OldNS3/ns-allinone-3.17/ns-3.17/src/fd-net-device/bindings/modulegen__gcc_LP64.py:1558: Warning: exception TypeLookupError(['__gnu_cxx::__normal_iterator< ns3::Ptr< ns3::NetDevice > const, std::vector< ns3::Ptr< ns3::NetDevice > > >'],) in wrapper public: retval? ???::Begin (params?) const;
  is_const=True)
/home/tommaso/OldNS3/ns-allinone-3.17/ns-3.17/src/fd-net-device/bindings/modulegen__gcc_LP64.py:1563: Warning: exception TypeLookupError(['__gnu_cxx::__normal_iterator< ns3::Ptr< ns3::NetDevice > const, std::vector< ns3::Ptr< ns3::NetDevice > > >'],) in wrapper public: retval? ???::End (params?) const;
  is_const=True)
/home/tommaso/OldNS3/ns-allinone-3.17/ns-3.17/src/fd-net-device/bindings/modulegen__gcc_LP64.py:1609: Warning: exception TypeLookupError(['__gnu_cxx::__normal_iterator< ns3::Ptr< ns3::Node > const, std::vector< ns3::Ptr< ns3::Node > > >'],) in wrapper public: retval? ???::Begin (params?) const;
  is_const=True)
/home/tommaso/OldNS3/ns-allinone-3.17/ns-3.17/src/fd-net-device/bindings/modulegen__gcc_LP64.py:1622: Warning: exception TypeLookupError(['__gnu_cxx::__normal_iterator< ns3::Ptr< ns3::Node > const, std::vector< ns3::Ptr< ns3::Node > > >'],) in wrapper public: retval? ???::End (params?) const;
  is_const=True)
/home/tommaso/OldNS3/ns-allinone-3.17/ns-3.17/src/fd-net-device/bindings/modulegen__gcc_LP64.py:1710: Warning: exception TypeConfigurationError('Missing transfer_ownership option',) in wrapper public: retval? ???::Delete (params?);
  is_static=True)
/home/tommaso/OldNS3/ns-allinone-3.17/ns-3.17/src/fd-net-device/bindings/modulegen__gcc_LP64.py:1783: Warning: exception TypeConfigurationError('direction not given',) in wrapper public: retval? ???::Deserialize (params?);
  [param('uint8_t const *', 'buffer'), param('uint32_t', 'size')])
/home/tommaso/OldNS3/ns-allinone-3.17/ns-3.17/src/fd-net-device/bindings/modulegen__gcc_LP64.py:1824: Warning: exception TypeConfigurationError('direction not given',) in wrapper public: retval? ???::Serialize (params?) const;
  is_const=True)
bindings/python/ns3modulegen-modular.py:27: UserWarning: exception TypeLookupError(['uint8_t [ 20 ]'],) in wrapper None
  warnings.warn("exception %r in wrapper %s" % (exception, wrapper))
bindings/python/ns3modulegen-modular.py:27: UserWarning: exception TypeConfigurationError('Either caller_owns_return or self.reference_existing_object must be given',) in wrapper None
  warnings.warn("exception %r in wrapper %s" % (exception, wrapper))
/home/tommaso/OldNS3/ns-allinone-3.17/ns-3.17/src/fd-net-device/bindings/modulegen__gcc_LP64.py:1951: Warning: exception TypeLookupError(['uint32_t &'],) in wrapper public: retval? ???::Diff (params?);
  is_static=True)
/home/tommaso/OldNS3/ns-allinone-3.17/ns-3.17/src/fd-net-device/bindings/modulegen__gcc_LP64.py:2005: Warning: exception TypeConfigurationError('direction not given',) in wrapper public: retval? ???::Read (params?);
  [param('uint8_t * const', 'data'), param('uint32_t', 'maxBytes'), param('uint32_t &', 'tsSec'), param('uint32_t &', 'tsUsec'), param('uint32_t &', 'inclLen'), param('uint32_t &', 'origLen'), param('uint32_t &', 'readLen')])
/home/tommaso/OldNS3/ns-allinone-3.17/ns-3.17/src/fd-net-device/bindings/modulegen__gcc_LP64.py:2009: Warning: exception TypeConfigurationError('direction not given',) in wrapper public: retval? ???::Write (params?);
  [param('uint32_t', 'tsSec'), param('uint32_t', 'tsUsec'), param('uint8_t const * const', 'data'), param('uint32_t', 'totalLen')])
/home/tommaso/OldNS3/ns-allinone-3.17/ns-3.17/src/fd-net-device/bindings/modulegen__gcc_LP64.py:2118: Warning: exception TypeLookupError(['ns3::Ptr< ns3::SimulatorImpl >', 'ns3::SimulatorImpl *'],) in wrapper public: retval? ???::GetImplementation (params?);
  is_static=True)
/home/tommaso/OldNS3/ns-allinone-3.17/ns-3.17/src/fd-net-device/bindings/modulegen__gcc_LP64.py:2153: Warning: exception TypeLookupError(['ns3::Ptr< ns3::SimulatorImpl >', 'ns3::SimulatorImpl *'],) in wrapper public: retval? ???::SetImplementation (params?);
  is_static=True)
/home/tommaso/OldNS3/ns-allinone-3.17/ns-3.17/src/fd-net-device/bindings/modulegen__gcc_LP64.py:2241: Warning: exception TypeLookupError(['std::ostream &'],) in wrapper public: virtual retval? ???::Print (params?) const = 0;
  is_pure_virtual=True, is_const=True, is_virtual=True)
/home/tommaso/OldNS3/ns-allinone-3.17/ns-3.17/src/fd-net-device/bindings/modulegen__gcc_LP64.py:2253: Warning: exception TypeConfigurationError('direction not given',) in wrapper <pybindgen.cppmethod.CppConstructor object at 0x7f0eeb967550>
  cls.add_constructor([param('uint8_t *', 'start'), param('uint8_t *', 'end')])
/home/tommaso/OldNS3/ns-allinone-3.17/ns-3.17/src/fd-net-device/bindings/modulegen__gcc_LP64.py:2261: Warning: exception TypeConfigurationError('direction not given',) in wrapper public: retval? ???::Read (params?);
  [param('uint8_t *', 'buffer'), param('uint32_t', 'size')])
/home/tommaso/OldNS3/ns-allinone-3.17/ns-3.17/src/fd-net-device/bindings/modulegen__gcc_LP64.py:2289: Warning: exception TypeConfigurationError('direction not given',) in wrapper public: retval? ???::Write (params?);
  [param('uint8_t const *', 'buffer'), param('uint32_t', 'size')])
/home/tommaso/OldNS3/ns-allinone-3.17/ns-3.17/src/fd-net-device/bindings/modulegen__gcc_LP64.py:2354: Warning: exception TypeLookupError(['ns3::Callback< ns3::ObjectBase *, ns3::empty, ns3::empty, ns3::empty, ns3::empty, ns3::empty, ns3::empty, ns3::empty, ns3::empty, ns3::empty >'],) in wrapper public: retval? ???::GetConstructor (params?) const;
  is_const=True)
bindings/python/ns3modulegen-modular.py:27: UserWarning: exception TypeLookupError(['short unsigned int'],) in wrapper None
  warnings.warn("exception %r in wrapper %s" % (exception, wrapper))
/home/tommaso/OldNS3/ns-allinone-3.17/ns-3.17/src/fd-net-device/bindings/modulegen__gcc_LP64.py:2619: Warning: exception TypeLookupError(['std::ostream &'],) in wrapper public: virtual retval? ???::Print (params?) const = 0;
  is_pure_virtual=True, is_const=True, is_virtual=True)
/home/tommaso/OldNS3/ns-allinone-3.17/ns-3.17/src/fd-net-device/bindings/modulegen__gcc_LP64.py:2688: Warning: exception TypeLookupError(['std::ostream &'],) in wrapper public: virtual retval? ???::Print (params?) const = 0;
  is_pure_virtual=True, is_const=True, is_virtual=True)
/home/tommaso/OldNS3/ns-allinone-3.17/ns-3.17/src/fd-net-device/bindings/modulegen__gcc_LP64.py:2807: Warning: exception TypeConfigurationError('direction not given',) in wrapper public: retval? ???::Write (params?);
  [param('ns3::Time', 't'), param('uint8_t const *', 'buffer'), param('uint32_t', 'length')])
/home/tommaso/OldNS3/ns-allinone-3.17/ns-3.17/src/fd-net-device/bindings/modulegen__gcc_LP64.py:2979: Warning: exception TypeLookupError(['pthread_t'],) in wrapper public: retval? ???::Equals (params?);
  is_static=True)
/home/tommaso/OldNS3/ns-allinone-3.17/ns-3.17/src/fd-net-device/bindings/modulegen__gcc_LP64.py:2988: Warning: exception TypeLookupError(['pthread_t'],) in wrapper public: retval? ???::Self (params?);
  is_static=True)
/home/tommaso/OldNS3/ns-allinone-3.17/ns-3.17/src/fd-net-device/bindings/modulegen__gcc_LP64.py:3203: Warning: exception TypeLookupError(['std::ostream &'],) in wrapper public: virtual retval? ???::Print (params?) const = 0;
  is_pure_virtual=True, is_const=True, is_virtual=True)
/home/tommaso/OldNS3/ns-allinone-3.17/ns-3.17/src/fd-net-device/bindings/modulegen__gcc_LP64.py:3473: Warning: exception TypeLookupError(['ns3::Callback< void, unsigned char *, long, ns3::empty, ns3::empty, ns3::empty, ns3::empty, ns3::empty, ns3::empty, ns3::empty >'],) in wrapper public: retval? ???::Start (params?);
  [param('int', 'fd'), param('ns3::Callback< void, unsigned char *, long, ns3::empty, ns3::empty, ns3::empty, ns3::empty, ns3::empty, ns3::empty, ns3::empty >', 'readCallback')])
/home/tommaso/OldNS3/ns-allinone-3.17/ns-3.17/src/fd-net-device/bindings/modulegen__gcc_LP64.py:3482: Warning: exception TypeLookupError(['ns3::FdReader::Data'],) in wrapper protected: virtual retval? ???::DoRead (params?) = 0;
  is_pure_virtual=True, visibility='protected', is_virtual=True)
/home/tommaso/OldNS3/ns-allinone-3.17/ns-3.17/src/fd-net-device/bindings/modulegen__gcc_LP64.py:3709: Warning: exception TypeLookupError(['ns3::Ptr< ns3::Channel >', 'ns3::Channel *'],) in wrapper public: virtual retval? ???::GetChannel (params?) const = 0;
  is_pure_virtual=True, is_const=True, is_virtual=True)
/home/tommaso/OldNS3/ns-allinone-3.17/ns-3.17/src/fd-net-device/bindings/modulegen__gcc_LP64.py:3871: Warning: exception TypeLookupError(['ns3::Ptr< ns3::Application >', 'ns3::Application *'],) in wrapper public: retval? ???::AddApplication (params?);
  [param('ns3::Ptr< ns3::Application >', 'application')])
/home/tommaso/OldNS3/ns-allinone-3.17/ns-3.17/src/fd-net-device/bindings/modulegen__gcc_LP64.py:3885: Warning: exception TypeLookupError(['ns3::Ptr< ns3::Application >', 'ns3::Application *'],) in wrapper public: retval? ???::GetApplication (params?) const;
  is_const=True)
/home/tommaso/OldNS3/ns-allinone-3.17/ns-3.17/src/fd-net-device/bindings/modulegen__gcc_LP64.py:3919: Warning: exception TypeLookupError(['ns3::Callback< void, ns3::Ptr< ns3::NetDevice >, ns3::empty, ns3::empty, ns3::empty, ns3::empty, ns3::empty, ns3::empty, ns3::empty, ns3::empty >'],) in wrapper public: retval? ???::RegisterDeviceAdditionListener (params?);
  [param('ns3::Callback< void, ns3::Ptr< ns3::NetDevice >, ns3::empty, ns3::empty, ns3::empty, ns3::empty, ns3::empty, ns3::empty, ns3::empty, ns3::empty >', 'listener')])
/home/tommaso/OldNS3/ns-allinone-3.17/ns-3.17/src/fd-net-device/bindings/modulegen__gcc_LP64.py:3927: Warning: exception TypeLookupError(['ns3::Callback< void, ns3::Ptr< ns3::NetDevice >, ns3::empty, ns3::empty, ns3::empty, ns3::empty, ns3::empty, ns3::empty, ns3::empty, ns3::empty >'],) in wrapper public: retval? ???::UnregisterDeviceAdditionListener (params?);
  [param('ns3::Callback< void, ns3::Ptr< ns3::NetDevice >, ns3::empty, ns3::empty, ns3::empty, ns3::empty, ns3::empty, ns3::empty, ns3::empty, ns3::empty >', 'listener')])
/home/tommaso/OldNS3/ns-allinone-3.17/ns-3.17/src/fd-net-device/bindings/modulegen__gcc_LP64.py:3990: Warning: exception TypeLookupError(['std::ostream *'],) in wrapper <pybindgen.cppmethod.CppConstructor object at 0x7f0eeb4d1c50>
  cls.add_constructor([param('std::ostream *', 'os')])
/home/tommaso/OldNS3/ns-allinone-3.17/ns-3.17/src/fd-net-device/bindings/modulegen__gcc_LP64.py:3994: Warning: exception TypeLookupError(['std::ostream *'],) in wrapper public: retval? ???::GetStream (params?);
  [])
/home/tommaso/OldNS3/ns-allinone-3.17/ns-3.17/src/fd-net-device/bindings/modulegen__gcc_LP64.py:4006: Warning: exception TypeConfigurationError('direction not given',) in wrapper <pybindgen.cppmethod.CppConstructor object at 0x7f0eeb4df0d0>
  cls.add_constructor([param('uint8_t const *', 'buffer'), param('uint32_t', 'size'), param('bool', 'magic')])
/home/tommaso/OldNS3/ns-allinone-3.17/ns-3.17/src/fd-net-device/bindings/modulegen__gcc_LP64.py:4008: Warning: exception TypeConfigurationError('direction not given',) in wrapper <pybindgen.cppmethod.CppConstructor object at 0x7f0eeb4df3d0>
  cls.add_constructor([param('uint8_t const *', 'buffer'), param('uint32_t', 'size')])
/home/tommaso/OldNS3/ns-allinone-3.17/ns-3.17/src/fd-net-device/bindings/modulegen__gcc_LP64.py:4049: Warning: exception TypeConfigurationError('direction not given',) in wrapper public: retval? ???::CopyData (params?) const;
  is_const=True)
/home/tommaso/OldNS3/ns-allinone-3.17/ns-3.17/src/fd-net-device/bindings/modulegen__gcc_LP64.py:4054: Warning: exception TypeLookupError(['std::ostream *'],) in wrapper public: retval? ???::CopyData (params?) const;
  is_const=True)
/home/tommaso/OldNS3/ns-allinone-3.17/ns-3.17/src/fd-net-device/bindings/modulegen__gcc_LP64.py:4109: Warning: exception TypeLookupError(['uint8_t *'],) in wrapper public: retval? ???::PeekData (params?) const;
  deprecated=True, is_const=True)
/home/tommaso/OldNS3/ns-allinone-3.17/ns-3.17/src/fd-net-device/bindings/modulegen__gcc_LP64.py:4128: Warning: exception TypeLookupError(['std::ostream &'],) in wrapper public: retval? ???::Print (params?) const;
  is_const=True)
/home/tommaso/OldNS3/ns-allinone-3.17/ns-3.17/src/fd-net-device/bindings/modulegen__gcc_LP64.py:4133: Warning: exception TypeLookupError(['std::ostream &'],) in wrapper public: retval? ???::PrintByteTags (params?) const;
  is_const=True)
/home/tommaso/OldNS3/ns-allinone-3.17/ns-3.17/src/fd-net-device/bindings/modulegen__gcc_LP64.py:4138: Warning: exception TypeLookupError(['std::ostream &'],) in wrapper public: retval? ???::PrintPacketTags (params?) const;
  is_const=True)
/home/tommaso/OldNS3/ns-allinone-3.17/ns-3.17/src/fd-net-device/bindings/modulegen__gcc_LP64.py:4171: Warning: exception TypeConfigurationError('direction not given',) in wrapper public: retval? ???::Serialize (params?) const;
  is_const=True)
/home/tommaso/OldNS3/ns-allinone-3.17/ns-3.17/src/fd-net-device/bindings/modulegen__gcc_LP64.py:4396: Warning: exception TypeLookupError(['ns3::Ptr< ns3::Channel >', 'ns3::Channel *'],) in wrapper public: virtual retval? ???::GetChannel (params?) const;
  is_const=True, is_virtual=True)
/home/tommaso/OldNS3/ns-allinone-3.17/ns-3.17/src/fd-net-device/bindings/modulegen__gcc_LP64.py:4553: Warning: exception TypeLookupError(['ns3::FdReader::Data'],) in wrapper private: virtual retval? ???::DoRead (params?);
  visibility='private', is_virtual=True)
/home/tommaso/OldNS3/ns-allinone-3.17/pybindgen-0.16.0.825/pybindgen/cppclass_typehandlers.py:1098: UserWarning: Returning shared pointers is dangerous!  The C++ API should be redesigned to avoid this situation.
  warnings.warn("Returning shared pointers is dangerous!"
