>>>>>>>>>>>>>>>> [['bool', 'ns3::Ptr<ns3::NetDevice>', 'ns3::Ptr<ns3::Packet const>', 'unsigned short', 'ns3::Address const&', 'ns3::Address const&', 'ns3::NetDevice::PacketType', 'ns3::empty', 'ns3::empty', 'ns3::empty'], ['bool', 'ns3::Ptr<ns3::NetDevice>', 'ns3::Ptr<ns3::Packet const>', 'unsigned short', 'ns3::Address const&', 'ns3::empty', 'ns3::empty', 'ns3::empty', 'ns3::empty', 'ns3::empty'], ['void', 'ns3::Ptr<ns3::Socket>', 'ns3::empty', 'ns3::empty', 'ns3::empty', 'ns3::empty', 'ns3::empty', 'ns3::empty', 'ns3::empty', 'ns3::empty'], ['void', 'ns3::Ptr<ns3::Socket>', 'unsigned int', 'ns3::empty', 'ns3::empty', 'ns3::empty', 'ns3::empty', 'ns3::empty', 'ns3::empty', 'ns3::empty'], ['void', 'ns3::Ptr<ns3::Socket>', 'ns3::Address const&', 'ns3::empty', 'ns3::empty', 'ns3::empty', 'ns3::empty', 'ns3::empty', 'ns3::empty', 'ns3::empty'], ['bool', 'ns3::Ptr<ns3::Socket>', 'ns3::Address const&', 'ns3::empty', 'ns3::empty', 'ns3::empty', 'ns3::empty', 'ns3::empty', 'ns3::empty', 'ns3::empty'], ['void', 'ns3::Ptr<ns3::NetDevice>', 'ns3::Ptr<ns3::Packet const>', 'unsigned short', 'ns3::Address const&', 'ns3::Address const&', 'ns3::NetDevice::PacketType', 'ns3::empty', 'ns3::empty', 'ns3::empty']]
***** registering callback handler: 'ns3::Callback< bool, ns3::Ptr< ns3::NetDevice >, ns3::Ptr< ns3::Packet const >, unsigned short, ns3::Address const &, ns3::Address const &, ns3::NetDevice::PacketType, ns3::empty, ns3::empty, ns3::empty >'
***** registering callback handler: 'ns3::Callback< bool, ns3::Ptr< ns3::NetDevice >, ns3::Ptr< ns3::Packet const >, unsigned short, ns3::Address const &, ns3::empty, ns3::empty, ns3::empty, ns3::empty, ns3::empty >'
***** registering callback handler: 'ns3::Callback< void, ns3::Ptr< ns3::Socket >, ns3::empty, ns3::empty, ns3::empty, ns3::empty, ns3::empty, ns3::empty, ns3::empty, ns3::empty >'
***** registering callback handler: 'ns3::Callback< void, ns3::Ptr< ns3::Socket >, unsigned int, ns3::empty, ns3::empty, ns3::empty, ns3::empty, ns3::empty, ns3::empty, ns3::empty >'
***** registering callback handler: 'ns3::Callback< void, ns3::Ptr< ns3::Socket >, ns3::Address const &, ns3::empty, ns3::empty, ns3::empty, ns3::empty, ns3::empty, ns3::empty, ns3::empty >'
***** registering callback handler: 'ns3::Callback< bool, ns3::Ptr< ns3::Socket >, ns3::Address const &, ns3::empty, ns3::empty, ns3::empty, ns3::empty, ns3::empty, ns3::empty, ns3::empty >'
***** registering callback handler: 'ns3::Callback< void, ns3::Ptr< ns3::NetDevice >, ns3::Ptr< ns3::Packet const >, unsigned short, ns3::Address const &, ns3::Address const &, ns3::NetDevice::PacketType, ns3::empty, ns3::empty, ns3::empty >'
/home/tommaso/OldNS3/ns-allinone-3.17/ns-3.17/src/nix-vector-routing/bindings/modulegen__gcc_LP64.py:476: Warning: exception TypeConfigurationError('direction not given',) in wrapper <pybindgen.cppmethod.CppConstructor object at 0x7f2c7275d310>
  cls.add_constructor([param('uint8_t', 'type'), param('uint8_t const *', 'buffer'), param('uint8_t', 'len')])
/home/tommaso/OldNS3/ns-allinone-3.17/ns-3.17/src/nix-vector-routing/bindings/modulegen__gcc_LP64.py:487: Warning: exception TypeConfigurationError('direction not given',) in wrapper public: retval? ???::CopyAllFrom (params?);
  [param('uint8_t const *', 'buffer'), param('uint8_t', 'len')])
/home/tommaso/OldNS3/ns-allinone-3.17/ns-3.17/src/nix-vector-routing/bindings/modulegen__gcc_LP64.py:492: Warning: exception TypeConfigurationError('direction not given',) in wrapper public: retval? ???::CopyAllTo (params?) const;
  is_const=True)
/home/tommaso/OldNS3/ns-allinone-3.17/ns-3.17/src/nix-vector-routing/bindings/modulegen__gcc_LP64.py:496: Warning: exception TypeConfigurationError('direction not given',) in wrapper public: retval? ???::CopyFrom (params?);
  [param('uint8_t const *', 'buffer'), param('uint8_t', 'len')])
/home/tommaso/OldNS3/ns-allinone-3.17/ns-3.17/src/nix-vector-routing/bindings/modulegen__gcc_LP64.py:501: Warning: exception TypeConfigurationError('direction not given',) in wrapper public: retval? ???::CopyTo (params?) const;
  is_const=True)
/home/tommaso/OldNS3/ns-allinone-3.17/ns-3.17/src/nix-vector-routing/bindings/modulegen__gcc_LP64.py:551: Warning: exception TypeLookupError(['std::_List_const_iterator< ns3::AttributeConstructionList::Item >'],) in wrapper public: retval? ???::Begin (params?) const;
  is_const=True)
/home/tommaso/OldNS3/ns-allinone-3.17/ns-3.17/src/nix-vector-routing/bindings/modulegen__gcc_LP64.py:556: Warning: exception TypeLookupError(['std::_List_const_iterator< ns3::AttributeConstructionList::Item >'],) in wrapper public: retval? ???::End (params?) const;
  is_const=True)
/home/tommaso/OldNS3/ns-allinone-3.17/ns-3.17/src/nix-vector-routing/bindings/modulegen__gcc_LP64.py:607: Warning: exception TypeLookupError(['std::ostream *'],) in wrapper public: retval? ???::CopyData (params?) const;
  is_const=True)
/home/tommaso/OldNS3/ns-allinone-3.17/ns-3.17/src/nix-vector-routing/bindings/modulegen__gcc_LP64.py:612: Warning: exception TypeConfigurationError('direction not given',) in wrapper public: retval? ???::CopyData (params?) const;
  is_const=True)
/home/tommaso/OldNS3/ns-allinone-3.17/ns-3.17/src/nix-vector-routing/bindings/modulegen__gcc_LP64.py:626: Warning: exception TypeConfigurationError('direction not given',) in wrapper public: retval? ???::Deserialize (params?);
  [param('uint8_t const *', 'buffer'), param('uint32_t', 'size')])
/home/tommaso/OldNS3/ns-allinone-3.17/ns-3.17/src/nix-vector-routing/bindings/modulegen__gcc_LP64.py:656: Warning: exception TypeLookupError(['uint8_t *'],) in wrapper public: retval? ???::PeekData (params?) const;
  is_const=True)
/home/tommaso/OldNS3/ns-allinone-3.17/ns-3.17/src/nix-vector-routing/bindings/modulegen__gcc_LP64.py:669: Warning: exception TypeConfigurationError('direction not given',) in wrapper public: retval? ???::Serialize (params?) const;
  is_const=True)
/home/tommaso/OldNS3/ns-allinone-3.17/ns-3.17/src/nix-vector-routing/bindings/modulegen__gcc_LP64.py:724: Warning: exception TypeConfigurationError('direction not given',) in wrapper public: retval? ???::Read (params?);
  [param('uint8_t *', 'buffer'), param('uint32_t', 'size')])
/home/tommaso/OldNS3/ns-allinone-3.17/ns-3.17/src/nix-vector-routing/bindings/modulegen__gcc_LP64.py:768: Warning: exception TypeConfigurationError('direction not given',) in wrapper public: retval? ???::Write (params?);
  [param('uint8_t const *', 'buffer'), param('uint32_t', 'size')])
/home/tommaso/OldNS3/ns-allinone-3.17/ns-3.17/src/nix-vector-routing/bindings/modulegen__gcc_LP64.py:954: Warning: exception TypeLookupError(['ns3::Ptr< ns3::EventImpl > &'],) in wrapper <pybindgen.cppmethod.CppConstructor object at 0x7f2c72669b10>
  cls.add_constructor([param('ns3::Ptr< ns3::EventImpl > const &', 'impl'), param('uint64_t', 'ts'), param('uint32_t', 'context'), param('uint32_t', 'uid')])
/home/tommaso/OldNS3/ns-allinone-3.17/ns-3.17/src/nix-vector-routing/bindings/modulegen__gcc_LP64.py:988: Warning: exception TypeConfigurationError('Either caller_owns_return or self.reference_existing_object must be given',) in wrapper public: retval? ???::PeekEventImpl (params?) const;
  is_const=True)
/home/tommaso/OldNS3/ns-allinone-3.17/ns-3.17/src/nix-vector-routing/bindings/modulegen__gcc_LP64.py:1153: Warning: exception TypeConfigurationError('direction not given',) in wrapper public: retval? ???::Deserialize (params?);
  is_static=True)
/home/tommaso/OldNS3/ns-allinone-3.17/ns-3.17/src/nix-vector-routing/bindings/modulegen__gcc_LP64.py:1218: Warning: exception TypeLookupError(['std::ostream &'],) in wrapper public: retval? ???::Print (params?) const;
  is_const=True)
/home/tommaso/OldNS3/ns-allinone-3.17/ns-3.17/src/nix-vector-routing/bindings/modulegen__gcc_LP64.py:1223: Warning: exception TypeConfigurationError('direction not given',) in wrapper public: retval? ???::Serialize (params?) const;
  is_const=True)
/home/tommaso/OldNS3/ns-allinone-3.17/ns-3.17/src/nix-vector-routing/bindings/modulegen__gcc_LP64.py:1351: Warning: exception TypeLookupError(['std::ostream &'],) in wrapper public: retval? ???::Print (params?) const;
  is_const=True)
/home/tommaso/OldNS3/ns-allinone-3.17/ns-3.17/src/nix-vector-routing/bindings/modulegen__gcc_LP64.py:1367: Warning: exception TypeConfigurationError('Either caller_owns_return or self.reference_existing_object must be given',) in wrapper public: virtual retval? ???::Copy (params?) const = 0;
  is_pure_virtual=True, is_const=True, is_virtual=True)
/home/tommaso/OldNS3/ns-allinone-3.17/ns-3.17/src/nix-vector-routing/bindings/modulegen__gcc_LP64.py:1405: Warning: exception TypeConfigurationError('direction not given',) in wrapper <pybindgen.cppmethod.CppConstructor object at 0x7f2c725706d0>
  cls.add_constructor([param('uint8_t *', 'address')])
/home/tommaso/OldNS3/ns-allinone-3.17/ns-3.17/src/nix-vector-routing/bindings/modulegen__gcc_LP64.py:1423: Warning: exception TypeConfigurationError('direction not given',) in wrapper public: retval? ???::Deserialize (params?);
  is_static=True)
/home/tommaso/OldNS3/ns-allinone-3.17/ns-3.17/src/nix-vector-routing/bindings/modulegen__gcc_LP64.py:1448: Warning: exception TypeConfigurationError('direction not given',) in wrapper public: retval? ???::GetBytes (params?) const;
  is_const=True)
/home/tommaso/OldNS3/ns-allinone-3.17/ns-3.17/src/nix-vector-routing/bindings/modulegen__gcc_LP64.py:1552: Warning: exception TypeLookupError(['std::ostream &'],) in wrapper public: retval? ???::Print (params?) const;
  is_const=True)
/home/tommaso/OldNS3/ns-allinone-3.17/ns-3.17/src/nix-vector-routing/bindings/modulegen__gcc_LP64.py:1557: Warning: exception TypeConfigurationError('direction not given',) in wrapper public: retval? ???::Serialize (params?) const;
  is_const=True)
/home/tommaso/OldNS3/ns-allinone-3.17/ns-3.17/src/nix-vector-routing/bindings/modulegen__gcc_LP64.py:1565: Warning: exception TypeConfigurationError('direction not given',) in wrapper public: retval? ???::Set (params?);
  [param('uint8_t *', 'address')])
/home/tommaso/OldNS3/ns-allinone-3.17/ns-3.17/src/nix-vector-routing/bindings/modulegen__gcc_LP64.py:1630: Warning: exception TypeConfigurationError('direction not given',) in wrapper <pybindgen.cppmethod.CppConstructor object at 0x7f2c724dab50>
  cls.add_constructor([param('uint8_t *', 'prefix')])
/home/tommaso/OldNS3/ns-allinone-3.17/ns-3.17/src/nix-vector-routing/bindings/modulegen__gcc_LP64.py:1643: Warning: exception TypeConfigurationError('direction not given',) in wrapper public: retval? ???::GetBytes (params?) const;
  is_const=True)
/home/tommaso/OldNS3/ns-allinone-3.17/ns-3.17/src/nix-vector-routing/bindings/modulegen__gcc_LP64.py:1678: Warning: exception TypeLookupError(['std::ostream &'],) in wrapper public: retval? ???::Print (params?) const;
  is_const=True)
/home/tommaso/OldNS3/ns-allinone-3.17/ns-3.17/src/nix-vector-routing/bindings/modulegen__gcc_LP64.py:1705: Warning: exception TypeConfigurationError('direction not given',) in wrapper public: retval? ???::CopyFrom (params?);
  [param('uint8_t const *', 'buffer')])
/home/tommaso/OldNS3/ns-allinone-3.17/ns-3.17/src/nix-vector-routing/bindings/modulegen__gcc_LP64.py:1710: Warning: exception TypeConfigurationError('direction not given',) in wrapper public: retval? ???::CopyTo (params?) const;
  is_const=True)
/home/tommaso/OldNS3/ns-allinone-3.17/ns-3.17/src/nix-vector-routing/bindings/modulegen__gcc_LP64.py:1780: Warning: exception TypeLookupError(['__gnu_cxx::__normal_iterator< ns3::Ptr< ns3::NetDevice > const, std::vector< ns3::Ptr< ns3::NetDevice > > >'],) in wrapper public: retval? ???::Begin (params?) const;
  is_const=True)
/home/tommaso/OldNS3/ns-allinone-3.17/ns-3.17/src/nix-vector-routing/bindings/modulegen__gcc_LP64.py:1785: Warning: exception TypeLookupError(['__gnu_cxx::__normal_iterator< ns3::Ptr< ns3::NetDevice > const, std::vector< ns3::Ptr< ns3::NetDevice > > >'],) in wrapper public: retval? ???::End (params?) const;
  is_const=True)
/home/tommaso/OldNS3/ns-allinone-3.17/ns-3.17/src/nix-vector-routing/bindings/modulegen__gcc_LP64.py:1831: Warning: exception TypeLookupError(['__gnu_cxx::__normal_iterator< ns3::Ptr< ns3::Node > const, std::vector< ns3::Ptr< ns3::Node > > >'],) in wrapper public: retval? ???::Begin (params?) const;
  is_const=True)
/home/tommaso/OldNS3/ns-allinone-3.17/ns-3.17/src/nix-vector-routing/bindings/modulegen__gcc_LP64.py:1844: Warning: exception TypeLookupError(['__gnu_cxx::__normal_iterator< ns3::Ptr< ns3::Node > const, std::vector< ns3::Ptr< ns3::Node > > >'],) in wrapper public: retval? ???::End (params?) const;
  is_const=True)
/home/tommaso/OldNS3/ns-allinone-3.17/ns-3.17/src/nix-vector-routing/bindings/modulegen__gcc_LP64.py:1876: Warning: exception TypeLookupError(['__gnu_cxx::__normal_iterator< ns3::Ptr< ns3::Node > const, std::vector< ns3::Ptr< ns3::Node > > >'],) in wrapper public: retval? ???::Begin (params?);
  is_static=True)
/home/tommaso/OldNS3/ns-allinone-3.17/ns-3.17/src/nix-vector-routing/bindings/modulegen__gcc_LP64.py:1881: Warning: exception TypeLookupError(['__gnu_cxx::__normal_iterator< ns3::Ptr< ns3::Node > const, std::vector< ns3::Ptr< ns3::Node > > >'],) in wrapper public: retval? ???::End (params?);
  is_static=True)
/home/tommaso/OldNS3/ns-allinone-3.17/ns-3.17/src/nix-vector-routing/bindings/modulegen__gcc_LP64.py:1964: Warning: exception TypeConfigurationError('Missing transfer_ownership option',) in wrapper public: retval? ???::Delete (params?);
  is_static=True)
/home/tommaso/OldNS3/ns-allinone-3.17/ns-3.17/src/nix-vector-routing/bindings/modulegen__gcc_LP64.py:2037: Warning: exception TypeConfigurationError('direction not given',) in wrapper public: retval? ???::Deserialize (params?);
  [param('uint8_t const *', 'buffer'), param('uint32_t', 'size')])
/home/tommaso/OldNS3/ns-allinone-3.17/ns-3.17/src/nix-vector-routing/bindings/modulegen__gcc_LP64.py:2078: Warning: exception TypeConfigurationError('direction not given',) in wrapper public: retval? ???::Serialize (params?) const;
  is_const=True)
bindings/python/ns3modulegen-modular.py:27: UserWarning: exception TypeLookupError(['uint8_t [ 20 ]'],) in wrapper None
  warnings.warn("exception %r in wrapper %s" % (exception, wrapper))
bindings/python/ns3modulegen-modular.py:27: UserWarning: exception TypeConfigurationError('Either caller_owns_return or self.reference_existing_object must be given',) in wrapper None
  warnings.warn("exception %r in wrapper %s" % (exception, wrapper))
/home/tommaso/OldNS3/ns-allinone-3.17/ns-3.17/src/nix-vector-routing/bindings/modulegen__gcc_LP64.py:2229: Warning: exception TypeLookupError(['ns3::Ptr< ns3::SimulatorImpl >', 'ns3::SimulatorImpl *'],) in wrapper public: retval? ???::GetImplementation (params?);
  is_static=True)
/home/tommaso/OldNS3/ns-allinone-3.17/ns-3.17/src/nix-vector-routing/bindings/modulegen__gcc_LP64.py:2264: Warning: exception TypeLookupError(['ns3::Ptr< ns3::SimulatorImpl >', 'ns3::SimulatorImpl *'],) in wrapper public: retval? ???::SetImplementation (params?);
  is_static=True)
/home/tommaso/OldNS3/ns-allinone-3.17/ns-3.17/src/nix-vector-routing/bindings/modulegen__gcc_LP64.py:2306: Warning: exception TypeLookupError(['std::ostream &'],) in wrapper public: virtual retval? ???::Print (params?) const = 0;
  is_pure_virtual=True, is_const=True, is_virtual=True)
/home/tommaso/OldNS3/ns-allinone-3.17/ns-3.17/src/nix-vector-routing/bindings/modulegen__gcc_LP64.py:2318: Warning: exception TypeConfigurationError('direction not given',) in wrapper <pybindgen.cppmethod.CppConstructor object at 0x7f2c72381950>
  cls.add_constructor([param('uint8_t *', 'start'), param('uint8_t *', 'end')])
/home/tommaso/OldNS3/ns-allinone-3.17/ns-3.17/src/nix-vector-routing/bindings/modulegen__gcc_LP64.py:2326: Warning: exception TypeConfigurationError('direction not given',) in wrapper public: retval? ???::Read (params?);
  [param('uint8_t *', 'buffer'), param('uint32_t', 'size')])
/home/tommaso/OldNS3/ns-allinone-3.17/ns-3.17/src/nix-vector-routing/bindings/modulegen__gcc_LP64.py:2354: Warning: exception TypeConfigurationError('direction not given',) in wrapper public: retval? ???::Write (params?);
  [param('uint8_t const *', 'buffer'), param('uint32_t', 'size')])
/home/tommaso/OldNS3/ns-allinone-3.17/ns-3.17/src/nix-vector-routing/bindings/modulegen__gcc_LP64.py:2503: Warning: exception TypeLookupError(['ns3::Callback< ns3::ObjectBase *, ns3::empty, ns3::empty, ns3::empty, ns3::empty, ns3::empty, ns3::empty, ns3::empty, ns3::empty, ns3::empty >'],) in wrapper public: retval? ???::GetConstructor (params?) const;
  is_const=True)
bindings/python/ns3modulegen-modular.py:27: UserWarning: exception TypeLookupError(['short unsigned int'],) in wrapper None
  warnings.warn("exception %r in wrapper %s" % (exception, wrapper))
/home/tommaso/OldNS3/ns-allinone-3.17/ns-3.17/src/nix-vector-routing/bindings/modulegen__gcc_LP64.py:2768: Warning: exception TypeLookupError(['std::ostream &'],) in wrapper public: virtual retval? ???::Print (params?) const = 0;
  is_pure_virtual=True, is_const=True, is_virtual=True)
/home/tommaso/OldNS3/ns-allinone-3.17/ns-3.17/src/nix-vector-routing/bindings/modulegen__gcc_LP64.py:2796: Warning: exception TypeLookupError(['std::ostream &'],) in wrapper public: virtual retval? ???::Print (params?) const = 0;
  is_pure_virtual=True, is_const=True, is_virtual=True)
/home/tommaso/OldNS3/ns-allinone-3.17/ns-3.17/src/nix-vector-routing/bindings/modulegen__gcc_LP64.py:2912: Warning: exception TypeLookupError(['std::ostream &'],) in wrapper public: virtual retval? ???::Print (params?) const;
  is_const=True, is_virtual=True)
/home/tommaso/OldNS3/ns-allinone-3.17/ns-3.17/src/nix-vector-routing/bindings/modulegen__gcc_LP64.py:2985: Warning: exception TypeConfigurationError('Either caller_owns_return or self.reference_existing_object must be given',) in wrapper public: virtual retval? ???::Copy (params?) const;
  is_const=True, is_virtual=True)
/home/tommaso/OldNS3/ns-allinone-3.17/ns-3.17/src/nix-vector-routing/bindings/modulegen__gcc_LP64.py:3057: Warning: exception TypeLookupError(['std::ostream &'],) in wrapper public: virtual retval? ???::Print (params?) const;
  is_const=True, is_virtual=True)
/home/tommaso/OldNS3/ns-allinone-3.17/ns-3.17/src/nix-vector-routing/bindings/modulegen__gcc_LP64.py:3437: Warning: exception TypeConfigurationError('direction not given',) in wrapper public: retval? ???::Recv (params?);
  [param('uint8_t *', 'buf'), param('uint32_t', 'size'), param('uint32_t', 'flags')])
/home/tommaso/OldNS3/ns-allinone-3.17/ns-3.17/src/nix-vector-routing/bindings/modulegen__gcc_LP64.py:3450: Warning: exception TypeConfigurationError('direction not given',) in wrapper public: retval? ???::RecvFrom (params?);
  [param('uint8_t *', 'buf'), param('uint32_t', 'size'), param('uint32_t', 'flags'), param('ns3::Address &', 'fromAddress')])
/home/tommaso/OldNS3/ns-allinone-3.17/ns-3.17/src/nix-vector-routing/bindings/modulegen__gcc_LP64.py:3463: Warning: exception TypeConfigurationError('direction not given',) in wrapper public: retval? ???::Send (params?);
  [param('uint8_t const *', 'buf'), param('uint32_t', 'size'), param('uint32_t', 'flags')])
/home/tommaso/OldNS3/ns-allinone-3.17/ns-3.17/src/nix-vector-routing/bindings/modulegen__gcc_LP64.py:3472: Warning: exception TypeConfigurationError('direction not given',) in wrapper public: retval? ???::SendTo (params?);
  [param('uint8_t const *', 'buf'), param('uint32_t', 'size'), param('uint32_t', 'flags'), param('ns3::Address const &', 'address')])
/home/tommaso/OldNS3/ns-allinone-3.17/ns-3.17/src/nix-vector-routing/bindings/modulegen__gcc_LP64.py:3656: Warning: exception TypeLookupError(['std::ostream &'],) in wrapper public: virtual retval? ???::Print (params?) const;
  is_const=True, is_virtual=True)
/home/tommaso/OldNS3/ns-allinone-3.17/ns-3.17/src/nix-vector-routing/bindings/modulegen__gcc_LP64.py:3702: Warning: exception TypeLookupError(['std::ostream &'],) in wrapper public: virtual retval? ???::Print (params?) const;
  is_const=True, is_virtual=True)
/home/tommaso/OldNS3/ns-allinone-3.17/ns-3.17/src/nix-vector-routing/bindings/modulegen__gcc_LP64.py:3748: Warning: exception TypeLookupError(['std::ostream &'],) in wrapper public: virtual retval? ???::Print (params?) const;
  is_const=True, is_virtual=True)
/home/tommaso/OldNS3/ns-allinone-3.17/ns-3.17/src/nix-vector-routing/bindings/modulegen__gcc_LP64.py:3794: Warning: exception TypeLookupError(['std::ostream &'],) in wrapper public: virtual retval? ???::Print (params?) const;
  is_const=True, is_virtual=True)
/home/tommaso/OldNS3/ns-allinone-3.17/ns-3.17/src/nix-vector-routing/bindings/modulegen__gcc_LP64.py:3840: Warning: exception TypeLookupError(['std::ostream &'],) in wrapper public: virtual retval? ???::Print (params?) const;
  is_const=True, is_virtual=True)
/home/tommaso/OldNS3/ns-allinone-3.17/ns-3.17/src/nix-vector-routing/bindings/modulegen__gcc_LP64.py:3894: Warning: exception TypeLookupError(['std::ostream &'],) in wrapper public: virtual retval? ???::Print (params?) const;
  is_const=True, is_virtual=True)
/home/tommaso/OldNS3/ns-allinone-3.17/ns-3.17/src/nix-vector-routing/bindings/modulegen__gcc_LP64.py:4110: Warning: exception TypeLookupError(['std::ostream &'],) in wrapper public: virtual retval? ???::Print (params?) const = 0;
  is_pure_virtual=True, is_const=True, is_virtual=True)
/home/tommaso/OldNS3/ns-allinone-3.17/ns-3.17/src/nix-vector-routing/bindings/modulegen__gcc_LP64.py:4338: Warning: exception TypeLookupError(['ns3::Callback< void, ns3::Ptr< ns3::Packet >, ns3::Ipv4Address, ns3::Ipv4Address, unsigned char, ns3::Ptr< ns3::Ipv4Route >, ns3::empty, ns3::empty, ns3::empty, ns3::empty >'],) in wrapper public: virtual retval? ???::GetDownTarget (params?) const = 0;
  is_pure_virtual=True, is_const=True, is_virtual=True)
/home/tommaso/OldNS3/ns-allinone-3.17/ns-3.17/src/nix-vector-routing/bindings/modulegen__gcc_LP64.py:4343: Warning: exception TypeLookupError(['ns3::Callback< void, ns3::Ptr< ns3::Packet >, ns3::Ipv6Address, ns3::Ipv6Address, unsigned char, ns3::Ptr< ns3::Ipv6Route >, ns3::empty, ns3::empty, ns3::empty, ns3::empty >'],) in wrapper public: virtual retval? ???::GetDownTarget6 (params?) const = 0;
  is_pure_virtual=True, is_const=True, is_virtual=True)
/home/tommaso/OldNS3/ns-allinone-3.17/ns-3.17/src/nix-vector-routing/bindings/modulegen__gcc_LP64.py:4358: Warning: exception TypeLookupError(['ns3::Ptr< ns3::Ipv4Interface >', 'ns3::Ipv4Interface *'],) in wrapper public: virtual retval? ???::Receive (params?) = 0;
  is_pure_virtual=True, is_virtual=True)
/home/tommaso/OldNS3/ns-allinone-3.17/ns-3.17/src/nix-vector-routing/bindings/modulegen__gcc_LP64.py:4368: Warning: exception TypeConfigurationError('direction not given',) in wrapper public: virtual retval? ???::ReceiveIcmp (params?);
  is_virtual=True)
/home/tommaso/OldNS3/ns-allinone-3.17/ns-3.17/src/nix-vector-routing/bindings/modulegen__gcc_LP64.py:4373: Warning: exception TypeConfigurationError('direction not given',) in wrapper public: virtual retval? ???::ReceiveIcmp (params?);
  is_virtual=True)
/home/tommaso/OldNS3/ns-allinone-3.17/ns-3.17/src/nix-vector-routing/bindings/modulegen__gcc_LP64.py:4378: Warning: exception TypeLookupError(['ns3::Callback< void, ns3::Ptr< ns3::Packet >, ns3::Ipv4Address, ns3::Ipv4Address, unsigned char, ns3::Ptr< ns3::Ipv4Route >, ns3::empty, ns3::empty, ns3::empty, ns3::empty >'],) in wrapper public: virtual retval? ???::SetDownTarget (params?) = 0;
  is_pure_virtual=True, is_virtual=True)
/home/tommaso/OldNS3/ns-allinone-3.17/ns-3.17/src/nix-vector-routing/bindings/modulegen__gcc_LP64.py:4383: Warning: exception TypeLookupError(['ns3::Callback< void, ns3::Ptr< ns3::Packet >, ns3::Ipv6Address, ns3::Ipv6Address, unsigned char, ns3::Ptr< ns3::Ipv6Route >, ns3::empty, ns3::empty, ns3::empty, ns3::empty >'],) in wrapper public: virtual retval? ???::SetDownTarget6 (params?) = 0;
  is_pure_virtual=True, is_virtual=True)
/home/tommaso/OldNS3/ns-allinone-3.17/ns-3.17/src/nix-vector-routing/bindings/modulegen__gcc_LP64.py:4775: Warning: exception TypeLookupError(['ns3::Callback< void, ns3::Ptr< ns3::Ipv4Route >, ns3::Ptr< ns3::Packet const >, ns3::Ipv4Header const &, ns3::empty, ns3::empty, ns3::empty, ns3::empty, ns3::empty, ns3::empty >'],) in wrapper public: virtual retval? ???::RouteInput (params?) = 0;
  is_pure_virtual=True, is_virtual=True)
/home/tommaso/OldNS3/ns-allinone-3.17/ns-3.17/src/nix-vector-routing/bindings/modulegen__gcc_LP64.py:5058: Warning: exception TypeLookupError(['ns3::Callback< void, ns3::empty, ns3::empty, ns3::empty, ns3::empty, ns3::empty, ns3::empty, ns3::empty, ns3::empty, ns3::empty >'],) in wrapper public: virtual retval? ???::AddLinkChangeCallback (params?) = 0;
  is_pure_virtual=True, is_virtual=True)
/home/tommaso/OldNS3/ns-allinone-3.17/ns-3.17/src/nix-vector-routing/bindings/modulegen__gcc_LP64.py:5235: Warning: exception TypeLookupError(['ns3::Ptr< ns3::Application >', 'ns3::Application *'],) in wrapper public: retval? ???::AddApplication (params?);
  [param('ns3::Ptr< ns3::Application >', 'application')])
/home/tommaso/OldNS3/ns-allinone-3.17/ns-3.17/src/nix-vector-routing/bindings/modulegen__gcc_LP64.py:5249: Warning: exception TypeLookupError(['ns3::Ptr< ns3::Application >', 'ns3::Application *'],) in wrapper public: retval? ???::GetApplication (params?) const;
  is_const=True)
/home/tommaso/OldNS3/ns-allinone-3.17/ns-3.17/src/nix-vector-routing/bindings/modulegen__gcc_LP64.py:5283: Warning: exception TypeLookupError(['ns3::Callback< void, ns3::Ptr< ns3::NetDevice >, ns3::empty, ns3::empty, ns3::empty, ns3::empty, ns3::empty, ns3::empty, ns3::empty, ns3::empty >'],) in wrapper public: retval? ???::RegisterDeviceAdditionListener (params?);
  [param('ns3::Callback< void, ns3::Ptr< ns3::NetDevice >, ns3::empty, ns3::empty, ns3::empty, ns3::empty, ns3::empty, ns3::empty, ns3::empty, ns3::empty >', 'listener')])
/home/tommaso/OldNS3/ns-allinone-3.17/ns-3.17/src/nix-vector-routing/bindings/modulegen__gcc_LP64.py:5291: Warning: exception TypeLookupError(['ns3::Callback< void, ns3::Ptr< ns3::NetDevice >, ns3::empty, ns3::empty, ns3::empty, ns3::empty, ns3::empty, ns3::empty, ns3::empty, ns3::empty >'],) in wrapper public: retval? ???::UnregisterDeviceAdditionListener (params?);
  [param('ns3::Callback< void, ns3::Ptr< ns3::NetDevice >, ns3::empty, ns3::empty, ns3::empty, ns3::empty, ns3::empty, ns3::empty, ns3::empty, ns3::empty >', 'listener')])
/home/tommaso/OldNS3/ns-allinone-3.17/ns-3.17/src/nix-vector-routing/bindings/modulegen__gcc_LP64.py:5354: Warning: exception TypeLookupError(['std::ostream *'],) in wrapper <pybindgen.cppmethod.CppConstructor object at 0x7f2c71b83850>
  cls.add_constructor([param('std::ostream *', 'os')])
/home/tommaso/OldNS3/ns-allinone-3.17/ns-3.17/src/nix-vector-routing/bindings/modulegen__gcc_LP64.py:5358: Warning: exception TypeLookupError(['std::ostream *'],) in wrapper public: retval? ???::GetStream (params?);
  [])
/home/tommaso/OldNS3/ns-allinone-3.17/ns-3.17/src/nix-vector-routing/bindings/modulegen__gcc_LP64.py:5370: Warning: exception TypeConfigurationError('direction not given',) in wrapper <pybindgen.cppmethod.CppConstructor object at 0x7f2c71b0ac90>
  cls.add_constructor([param('uint8_t const *', 'buffer'), param('uint32_t', 'size'), param('bool', 'magic')])
/home/tommaso/OldNS3/ns-allinone-3.17/ns-3.17/src/nix-vector-routing/bindings/modulegen__gcc_LP64.py:5372: Warning: exception TypeConfigurationError('direction not given',) in wrapper <pybindgen.cppmethod.CppConstructor object at 0x7f2c71b0ad10>
  cls.add_constructor([param('uint8_t const *', 'buffer'), param('uint32_t', 'size')])
/home/tommaso/OldNS3/ns-allinone-3.17/ns-3.17/src/nix-vector-routing/bindings/modulegen__gcc_LP64.py:5413: Warning: exception TypeConfigurationError('direction not given',) in wrapper public: retval? ???::CopyData (params?) const;
  is_const=True)
/home/tommaso/OldNS3/ns-allinone-3.17/ns-3.17/src/nix-vector-routing/bindings/modulegen__gcc_LP64.py:5418: Warning: exception TypeLookupError(['std::ostream *'],) in wrapper public: retval? ???::CopyData (params?) const;
  is_const=True)
/home/tommaso/OldNS3/ns-allinone-3.17/ns-3.17/src/nix-vector-routing/bindings/modulegen__gcc_LP64.py:5473: Warning: exception TypeLookupError(['uint8_t *'],) in wrapper public: retval? ???::PeekData (params?) const;
  deprecated=True, is_const=True)
/home/tommaso/OldNS3/ns-allinone-3.17/ns-3.17/src/nix-vector-routing/bindings/modulegen__gcc_LP64.py:5492: Warning: exception TypeLookupError(['std::ostream &'],) in wrapper public: retval? ???::Print (params?) const;
  is_const=True)
/home/tommaso/OldNS3/ns-allinone-3.17/ns-3.17/src/nix-vector-routing/bindings/modulegen__gcc_LP64.py:5497: Warning: exception TypeLookupError(['std::ostream &'],) in wrapper public: retval? ???::PrintByteTags (params?) const;
  is_const=True)
/home/tommaso/OldNS3/ns-allinone-3.17/ns-3.17/src/nix-vector-routing/bindings/modulegen__gcc_LP64.py:5502: Warning: exception TypeLookupError(['std::ostream &'],) in wrapper public: retval? ???::PrintPacketTags (params?) const;
  is_const=True)
/home/tommaso/OldNS3/ns-allinone-3.17/ns-3.17/src/nix-vector-routing/bindings/modulegen__gcc_LP64.py:5535: Warning: exception TypeConfigurationError('direction not given',) in wrapper public: retval? ???::Serialize (params?) const;
  is_const=True)
/home/tommaso/OldNS3/ns-allinone-3.17/ns-3.17/src/nix-vector-routing/bindings/modulegen__gcc_LP64.py:5697: Warning: exception TypeLookupError(['ns3::Callback< void, ns3::empty, ns3::empty, ns3::empty, ns3::empty, ns3::empty, ns3::empty, ns3::empty, ns3::empty, ns3::empty >'],) in wrapper public: virtual retval? ???::AddLinkChangeCallback (params?);
  is_virtual=True)
/home/tommaso/OldNS3/ns-allinone-3.17/ns-3.17/src/nix-vector-routing/bindings/modulegen__gcc_LP64.py:5912: Warning: exception TypeLookupError(['ns3::Callback< void, ns3::Ptr< ns3::Ipv4Route >, ns3::Ptr< ns3::Packet const >, ns3::Ipv4Header const &, ns3::empty, ns3::empty, ns3::empty, ns3::empty, ns3::empty, ns3::empty >'],) in wrapper private: virtual retval? ???::RouteInput (params?);
  visibility='private', is_virtual=True)
