>>>>>>>>>>>>>>>> [['void', 'ns3::Ptr<ns3::Packet const>', 'ns3::Ipv4Header const&', 'ns3::Socket::SocketErrno', 'ns3::empty', 'ns3::empty', 'ns3::empty', 'ns3::empty', 'ns3::empty', 'ns3::empty'], ['void', 'ns3::Ptr<ns3::Ipv4Route>', 'ns3::Ptr<ns3::Packet const>', 'ns3::Ipv4Header const&', 'ns3::empty', 'ns3::empty', 'ns3::empty', 'ns3::empty', 'ns3::empty', 'ns3::empty'], ['void', 'ns3::Ptr<ns3::Socket>', 'ns3::empty', 'ns3::empty', 'ns3::empty', 'ns3::empty', 'ns3::empty', 'ns3::empty', 'ns3::empty', 'ns3::empty'], ['void', 'ns3::Ptr<ns3::Socket>', 'unsigned int', 'ns3::empty', 'ns3::empty', 'ns3::empty', 'ns3::empty', 'ns3::empty', 'ns3::empty', 'ns3::empty'], ['void', 'ns3::Ptr<ns3::Socket>', 'ns3::Address const&', 'ns3::empty', 'ns3::empty', 'ns3::empty', 'ns3::empty', 'ns3::empty', 'ns3::empty', 'ns3::empty'], ['bool', 'ns3::Ptr<ns3::Socket>', 'ns3::Address const&', 'ns3::empty', 'ns3::empty', 'ns3::empty', 'ns3::empty', 'ns3::empty', 'ns3::empty', 'ns3::empty'], ['void', 'ns3::WifiMacHeader const&', 'ns3::empty', 'ns3::empty', 'ns3::empty', 'ns3::empty', 'ns3::empty', 'ns3::empty', 'ns3::empty', 'ns3::empty'], ['void', 'ns3::Ipv4Address', 'ns3::empty', 'ns3::empty', 'ns3::empty', 'ns3::empty', 'ns3::empty', 'ns3::empty', 'ns3::empty', 'ns3::empty'], ['void', 'ns3::Ptr<ns3::ArpCache const>', 'ns3::Ipv4Address', 'ns3::empty', 'ns3::empty', 'ns3::empty', 'ns3::empty', 'ns3::empty', 'ns3::empty', 'ns3::empty'], ['void', 'ns3::Ptr<ns3::NetDevice>', 'ns3::Ptr<ns3::Packet const>', 'unsigned short', 'ns3::Address const&', 'ns3::Address const&', 'ns3::NetDevice::PacketType', 'ns3::empty', 'ns3::empty', 'ns3::empty']]
***** registering callback handler: 'ns3::Callback< void, ns3::Ptr< ns3::Packet const >, ns3::Ipv4Header const &, ns3::Socket::SocketErrno, ns3::empty, ns3::empty, ns3::empty, ns3::empty, ns3::empty, ns3::empty >'
***** registering callback handler: 'ns3::Callback< void, ns3::Ptr< ns3::Ipv4Route >, ns3::Ptr< ns3::Packet const >, ns3::Ipv4Header const &, ns3::empty, ns3::empty, ns3::empty, ns3::empty, ns3::empty, ns3::empty >'
***** registering callback handler: 'ns3::Callback< void, ns3::Ptr< ns3::Socket >, ns3::empty, ns3::empty, ns3::empty, ns3::empty, ns3::empty, ns3::empty, ns3::empty, ns3::empty >'
***** registering callback handler: 'ns3::Callback< void, ns3::Ptr< ns3::Socket >, unsigned int, ns3::empty, ns3::empty, ns3::empty, ns3::empty, ns3::empty, ns3::empty, ns3::empty >'
***** registering callback handler: 'ns3::Callback< void, ns3::Ptr< ns3::Socket >, ns3::Address const &, ns3::empty, ns3::empty, ns3::empty, ns3::empty, ns3::empty, ns3::empty, ns3::empty >'
***** registering callback handler: 'ns3::Callback< bool, ns3::Ptr< ns3::Socket >, ns3::Address const &, ns3::empty, ns3::empty, ns3::empty, ns3::empty, ns3::empty, ns3::empty, ns3::empty >'
***** registering callback handler: 'ns3::Callback< void, ns3::WifiMacHeader const &, ns3::empty, ns3::empty, ns3::empty, ns3::empty, ns3::empty, ns3::empty, ns3::empty, ns3::empty >'
***** registering callback handler: 'ns3::Callback< void, ns3::Ipv4Address, ns3::empty, ns3::empty, ns3::empty, ns3::empty, ns3::empty, ns3::empty, ns3::empty, ns3::empty >'
***** registering callback handler: 'ns3::Callback< void, ns3::Ptr< ns3::ArpCache const >, ns3::Ipv4Address, ns3::empty, ns3::empty, ns3::empty, ns3::empty, ns3::empty, ns3::empty, ns3::empty >'
***** registering callback handler: 'ns3::Callback< void, ns3::Ptr< ns3::NetDevice >, ns3::Ptr< ns3::Packet const >, unsigned short, ns3::Address const &, ns3::Address const &, ns3::NetDevice::PacketType, ns3::empty, ns3::empty, ns3::empty >'
/home/tommaso/OldNS3/ns-allinone-3.17/ns-3.17/src/aodv/bindings/modulegen__gcc_LP64.py:588: Warning: exception TypeConfigurationError('direction not given',) in wrapper <pybindgen.cppmethod.CppConstructor object at 0x7f4f24356490>
  cls.add_constructor([param('uint8_t', 'type'), param('uint8_t const *', 'buffer'), param('uint8_t', 'len')])
/home/tommaso/OldNS3/ns-allinone-3.17/ns-3.17/src/aodv/bindings/modulegen__gcc_LP64.py:599: Warning: exception TypeConfigurationError('direction not given',) in wrapper public: retval? ???::CopyAllFrom (params?);
  [param('uint8_t const *', 'buffer'), param('uint8_t', 'len')])
/home/tommaso/OldNS3/ns-allinone-3.17/ns-3.17/src/aodv/bindings/modulegen__gcc_LP64.py:604: Warning: exception TypeConfigurationError('direction not given',) in wrapper public: retval? ???::CopyAllTo (params?) const;
  is_const=True)
/home/tommaso/OldNS3/ns-allinone-3.17/ns-3.17/src/aodv/bindings/modulegen__gcc_LP64.py:608: Warning: exception TypeConfigurationError('direction not given',) in wrapper public: retval? ???::CopyFrom (params?);
  [param('uint8_t const *', 'buffer'), param('uint8_t', 'len')])
/home/tommaso/OldNS3/ns-allinone-3.17/ns-3.17/src/aodv/bindings/modulegen__gcc_LP64.py:613: Warning: exception TypeConfigurationError('direction not given',) in wrapper public: retval? ???::CopyTo (params?) const;
  is_const=True)
/home/tommaso/OldNS3/ns-allinone-3.17/ns-3.17/src/aodv/bindings/modulegen__gcc_LP64.py:663: Warning: exception TypeLookupError(['std::_List_const_iterator< ns3::AttributeConstructionList::Item >'],) in wrapper public: retval? ???::Begin (params?) const;
  is_const=True)
/home/tommaso/OldNS3/ns-allinone-3.17/ns-3.17/src/aodv/bindings/modulegen__gcc_LP64.py:668: Warning: exception TypeLookupError(['std::_List_const_iterator< ns3::AttributeConstructionList::Item >'],) in wrapper public: retval? ???::End (params?) const;
  is_const=True)
/home/tommaso/OldNS3/ns-allinone-3.17/ns-3.17/src/aodv/bindings/modulegen__gcc_LP64.py:719: Warning: exception TypeLookupError(['std::ostream *'],) in wrapper public: retval? ???::CopyData (params?) const;
  is_const=True)
/home/tommaso/OldNS3/ns-allinone-3.17/ns-3.17/src/aodv/bindings/modulegen__gcc_LP64.py:724: Warning: exception TypeConfigurationError('direction not given',) in wrapper public: retval? ???::CopyData (params?) const;
  is_const=True)
/home/tommaso/OldNS3/ns-allinone-3.17/ns-3.17/src/aodv/bindings/modulegen__gcc_LP64.py:738: Warning: exception TypeConfigurationError('direction not given',) in wrapper public: retval? ???::Deserialize (params?);
  [param('uint8_t const *', 'buffer'), param('uint32_t', 'size')])
/home/tommaso/OldNS3/ns-allinone-3.17/ns-3.17/src/aodv/bindings/modulegen__gcc_LP64.py:768: Warning: exception TypeLookupError(['uint8_t *'],) in wrapper public: retval? ???::PeekData (params?) const;
  is_const=True)
/home/tommaso/OldNS3/ns-allinone-3.17/ns-3.17/src/aodv/bindings/modulegen__gcc_LP64.py:781: Warning: exception TypeConfigurationError('direction not given',) in wrapper public: retval? ???::Serialize (params?) const;
  is_const=True)
/home/tommaso/OldNS3/ns-allinone-3.17/ns-3.17/src/aodv/bindings/modulegen__gcc_LP64.py:836: Warning: exception TypeConfigurationError('direction not given',) in wrapper public: retval? ???::Read (params?);
  [param('uint8_t *', 'buffer'), param('uint32_t', 'size')])
/home/tommaso/OldNS3/ns-allinone-3.17/ns-3.17/src/aodv/bindings/modulegen__gcc_LP64.py:880: Warning: exception TypeConfigurationError('direction not given',) in wrapper public: retval? ???::Write (params?);
  [param('uint8_t const *', 'buffer'), param('uint32_t', 'size')])
/home/tommaso/OldNS3/ns-allinone-3.17/ns-3.17/src/aodv/bindings/modulegen__gcc_LP64.py:1066: Warning: exception TypeLookupError(['ns3::Ptr< ns3::EventImpl > &'],) in wrapper <pybindgen.cppmethod.CppConstructor object at 0x7f4f241e7190>
  cls.add_constructor([param('ns3::Ptr< ns3::EventImpl > const &', 'impl'), param('uint64_t', 'ts'), param('uint32_t', 'context'), param('uint32_t', 'uid')])
/home/tommaso/OldNS3/ns-allinone-3.17/ns-3.17/src/aodv/bindings/modulegen__gcc_LP64.py:1100: Warning: exception TypeConfigurationError('Either caller_owns_return or self.reference_existing_object must be given',) in wrapper public: retval? ???::PeekEventImpl (params?) const;
  is_const=True)
/home/tommaso/OldNS3/ns-allinone-3.17/ns-3.17/src/aodv/bindings/modulegen__gcc_LP64.py:1265: Warning: exception TypeConfigurationError('direction not given',) in wrapper public: retval? ???::Deserialize (params?);
  is_static=True)
/home/tommaso/OldNS3/ns-allinone-3.17/ns-3.17/src/aodv/bindings/modulegen__gcc_LP64.py:1330: Warning: exception TypeLookupError(['std::ostream &'],) in wrapper public: retval? ???::Print (params?) const;
  is_const=True)
/home/tommaso/OldNS3/ns-allinone-3.17/ns-3.17/src/aodv/bindings/modulegen__gcc_LP64.py:1335: Warning: exception TypeConfigurationError('direction not given',) in wrapper public: retval? ???::Serialize (params?) const;
  is_const=True)
/home/tommaso/OldNS3/ns-allinone-3.17/ns-3.17/src/aodv/bindings/modulegen__gcc_LP64.py:1463: Warning: exception TypeLookupError(['std::ostream &'],) in wrapper public: retval? ???::Print (params?) const;
  is_const=True)
/home/tommaso/OldNS3/ns-allinone-3.17/ns-3.17/src/aodv/bindings/modulegen__gcc_LP64.py:1479: Warning: exception TypeConfigurationError('Either caller_owns_return or self.reference_existing_object must be given',) in wrapper public: virtual retval? ???::Copy (params?) const = 0;
  is_pure_virtual=True, is_const=True, is_virtual=True)
/home/tommaso/OldNS3/ns-allinone-3.17/ns-3.17/src/aodv/bindings/modulegen__gcc_LP64.py:1517: Warning: exception TypeConfigurationError('direction not given',) in wrapper <pybindgen.cppmethod.CppConstructor object at 0x7f4f240e4850>
  cls.add_constructor([param('uint8_t *', 'address')])
/home/tommaso/OldNS3/ns-allinone-3.17/ns-3.17/src/aodv/bindings/modulegen__gcc_LP64.py:1535: Warning: exception TypeConfigurationError('direction not given',) in wrapper public: retval? ???::Deserialize (params?);
  is_static=True)
/home/tommaso/OldNS3/ns-allinone-3.17/ns-3.17/src/aodv/bindings/modulegen__gcc_LP64.py:1560: Warning: exception TypeConfigurationError('direction not given',) in wrapper public: retval? ???::GetBytes (params?) const;
  is_const=True)
/home/tommaso/OldNS3/ns-allinone-3.17/ns-3.17/src/aodv/bindings/modulegen__gcc_LP64.py:1664: Warning: exception TypeLookupError(['std::ostream &'],) in wrapper public: retval? ???::Print (params?) const;
  is_const=True)
/home/tommaso/OldNS3/ns-allinone-3.17/ns-3.17/src/aodv/bindings/modulegen__gcc_LP64.py:1669: Warning: exception TypeConfigurationError('direction not given',) in wrapper public: retval? ???::Serialize (params?) const;
  is_const=True)
/home/tommaso/OldNS3/ns-allinone-3.17/ns-3.17/src/aodv/bindings/modulegen__gcc_LP64.py:1677: Warning: exception TypeConfigurationError('direction not given',) in wrapper public: retval? ???::Set (params?);
  [param('uint8_t *', 'address')])
/home/tommaso/OldNS3/ns-allinone-3.17/ns-3.17/src/aodv/bindings/modulegen__gcc_LP64.py:1742: Warning: exception TypeConfigurationError('direction not given',) in wrapper <pybindgen.cppmethod.CppConstructor object at 0x7f4f240d1cd0>
  cls.add_constructor([param('uint8_t *', 'prefix')])
/home/tommaso/OldNS3/ns-allinone-3.17/ns-3.17/src/aodv/bindings/modulegen__gcc_LP64.py:1755: Warning: exception TypeConfigurationError('direction not given',) in wrapper public: retval? ???::GetBytes (params?) const;
  is_const=True)
/home/tommaso/OldNS3/ns-allinone-3.17/ns-3.17/src/aodv/bindings/modulegen__gcc_LP64.py:1790: Warning: exception TypeLookupError(['std::ostream &'],) in wrapper public: retval? ???::Print (params?) const;
  is_const=True)
/home/tommaso/OldNS3/ns-allinone-3.17/ns-3.17/src/aodv/bindings/modulegen__gcc_LP64.py:1817: Warning: exception TypeConfigurationError('direction not given',) in wrapper public: retval? ???::CopyFrom (params?);
  [param('uint8_t const *', 'buffer')])
/home/tommaso/OldNS3/ns-allinone-3.17/ns-3.17/src/aodv/bindings/modulegen__gcc_LP64.py:1822: Warning: exception TypeConfigurationError('direction not given',) in wrapper public: retval? ???::CopyTo (params?) const;
  is_const=True)
/home/tommaso/OldNS3/ns-allinone-3.17/ns-3.17/src/aodv/bindings/modulegen__gcc_LP64.py:1898: Warning: exception TypeLookupError(['__gnu_cxx::__normal_iterator< ns3::Ptr< ns3::Node > const, std::vector< ns3::Ptr< ns3::Node > > >'],) in wrapper public: retval? ???::Begin (params?) const;
  is_const=True)
/home/tommaso/OldNS3/ns-allinone-3.17/ns-3.17/src/aodv/bindings/modulegen__gcc_LP64.py:1911: Warning: exception TypeLookupError(['__gnu_cxx::__normal_iterator< ns3::Ptr< ns3::Node > const, std::vector< ns3::Ptr< ns3::Node > > >'],) in wrapper public: retval? ???::End (params?) const;
  is_const=True)
/home/tommaso/OldNS3/ns-allinone-3.17/ns-3.17/src/aodv/bindings/modulegen__gcc_LP64.py:1999: Warning: exception TypeConfigurationError('Missing transfer_ownership option',) in wrapper public: retval? ???::Delete (params?);
  is_static=True)
/home/tommaso/OldNS3/ns-allinone-3.17/ns-3.17/src/aodv/bindings/modulegen__gcc_LP64.py:2072: Warning: exception TypeConfigurationError('direction not given',) in wrapper public: retval? ???::Deserialize (params?);
  [param('uint8_t const *', 'buffer'), param('uint32_t', 'size')])
/home/tommaso/OldNS3/ns-allinone-3.17/ns-3.17/src/aodv/bindings/modulegen__gcc_LP64.py:2113: Warning: exception TypeConfigurationError('direction not given',) in wrapper public: retval? ???::Serialize (params?) const;
  is_const=True)
bindings/python/ns3modulegen-modular.py:27: UserWarning: exception TypeLookupError(['uint8_t [ 20 ]'],) in wrapper None
  warnings.warn("exception %r in wrapper %s" % (exception, wrapper))
bindings/python/ns3modulegen-modular.py:27: UserWarning: exception TypeConfigurationError('Either caller_owns_return or self.reference_existing_object must be given',) in wrapper None
  warnings.warn("exception %r in wrapper %s" % (exception, wrapper))
/home/tommaso/OldNS3/ns-allinone-3.17/ns-3.17/src/aodv/bindings/modulegen__gcc_LP64.py:2264: Warning: exception TypeLookupError(['ns3::Ptr< ns3::SimulatorImpl >', 'ns3::SimulatorImpl *'],) in wrapper public: retval? ???::GetImplementation (params?);
  is_static=True)
/home/tommaso/OldNS3/ns-allinone-3.17/ns-3.17/src/aodv/bindings/modulegen__gcc_LP64.py:2299: Warning: exception TypeLookupError(['ns3::Ptr< ns3::SimulatorImpl >', 'ns3::SimulatorImpl *'],) in wrapper public: retval? ???::SetImplementation (params?);
  is_static=True)
/home/tommaso/OldNS3/ns-allinone-3.17/ns-3.17/src/aodv/bindings/modulegen__gcc_LP64.py:2341: Warning: exception TypeLookupError(['std::ostream &'],) in wrapper public: virtual retval? ???::Print (params?) const = 0;
  is_pure_virtual=True, is_const=True, is_virtual=True)
/home/tommaso/OldNS3/ns-allinone-3.17/ns-3.17/src/aodv/bindings/modulegen__gcc_LP64.py:2353: Warning: exception TypeConfigurationError('direction not given',) in wrapper <pybindgen.cppmethod.CppConstructor object at 0x7f4f23f55790>
  cls.add_constructor([param('uint8_t *', 'start'), param('uint8_t *', 'end')])
/home/tommaso/OldNS3/ns-allinone-3.17/ns-3.17/src/aodv/bindings/modulegen__gcc_LP64.py:2361: Warning: exception TypeConfigurationError('direction not given',) in wrapper public: retval? ???::Read (params?);
  [param('uint8_t *', 'buffer'), param('uint32_t', 'size')])
/home/tommaso/OldNS3/ns-allinone-3.17/ns-3.17/src/aodv/bindings/modulegen__gcc_LP64.py:2389: Warning: exception TypeConfigurationError('direction not given',) in wrapper public: retval? ???::Write (params?);
  [param('uint8_t const *', 'buffer'), param('uint32_t', 'size')])
/home/tommaso/OldNS3/ns-allinone-3.17/ns-3.17/src/aodv/bindings/modulegen__gcc_LP64.py:2538: Warning: exception TypeLookupError(['ns3::Callback< ns3::ObjectBase *, ns3::empty, ns3::empty, ns3::empty, ns3::empty, ns3::empty, ns3::empty, ns3::empty, ns3::empty, ns3::empty >'],) in wrapper public: retval? ???::GetConstructor (params?) const;
  is_const=True)
bindings/python/ns3modulegen-modular.py:27: UserWarning: exception TypeLookupError(['short unsigned int'],) in wrapper None
  warnings.warn("exception %r in wrapper %s" % (exception, wrapper))
/home/tommaso/OldNS3/ns-allinone-3.17/ns-3.17/src/aodv/bindings/modulegen__gcc_LP64.py:2797: Warning: exception TypeConfigurationError('Either caller_owns_return or self.reference_existing_object must be given',) in wrapper public: virtual retval? ???::Copy (params?) const;
  is_const=True, is_virtual=True)
/home/tommaso/OldNS3/ns-allinone-3.17/ns-3.17/src/aodv/bindings/modulegen__gcc_LP64.py:2828: Warning: exception TypeLookupError(['std::ostream &'],) in wrapper public: virtual retval? ???::Print (params?) const = 0;
  is_pure_virtual=True, is_const=True, is_virtual=True)
/home/tommaso/OldNS3/ns-allinone-3.17/ns-3.17/src/aodv/bindings/modulegen__gcc_LP64.py:2856: Warning: exception TypeLookupError(['std::ostream &'],) in wrapper public: virtual retval? ???::Print (params?) const = 0;
  is_pure_virtual=True, is_const=True, is_virtual=True)
/home/tommaso/OldNS3/ns-allinone-3.17/ns-3.17/src/aodv/bindings/modulegen__gcc_LP64.py:2972: Warning: exception TypeLookupError(['std::ostream &'],) in wrapper public: virtual retval? ???::Print (params?) const;
  is_const=True, is_virtual=True)
/home/tommaso/OldNS3/ns-allinone-3.17/ns-3.17/src/aodv/bindings/modulegen__gcc_LP64.py:3100: Warning: exception TypeLookupError(['std::ostream &'],) in wrapper public: virtual retval? ???::Print (params?) const;
  is_const=True, is_virtual=True)
/home/tommaso/OldNS3/ns-allinone-3.17/ns-3.17/src/aodv/bindings/modulegen__gcc_LP64.py:3242: Warning: exception TypeLookupError(['ns3::RngStream *'],) in wrapper protected: retval? ???::Peek (params?) const;
  is_const=True, visibility='protected')
/home/tommaso/OldNS3/ns-allinone-3.17/ns-3.17/src/aodv/bindings/modulegen__gcc_LP64.py:3563: Warning: exception TypeConfigurationError('direction not given',) in wrapper public: retval? ???::Recv (params?);
  [param('uint8_t *', 'buf'), param('uint32_t', 'size'), param('uint32_t', 'flags')])
/home/tommaso/OldNS3/ns-allinone-3.17/ns-3.17/src/aodv/bindings/modulegen__gcc_LP64.py:3576: Warning: exception TypeConfigurationError('direction not given',) in wrapper public: retval? ???::RecvFrom (params?);
  [param('uint8_t *', 'buf'), param('uint32_t', 'size'), param('uint32_t', 'flags'), param('ns3::Address &', 'fromAddress')])
/home/tommaso/OldNS3/ns-allinone-3.17/ns-3.17/src/aodv/bindings/modulegen__gcc_LP64.py:3589: Warning: exception TypeConfigurationError('direction not given',) in wrapper public: retval? ???::Send (params?);
  [param('uint8_t const *', 'buf'), param('uint32_t', 'size'), param('uint32_t', 'flags')])
/home/tommaso/OldNS3/ns-allinone-3.17/ns-3.17/src/aodv/bindings/modulegen__gcc_LP64.py:3598: Warning: exception TypeConfigurationError('direction not given',) in wrapper public: retval? ???::SendTo (params?);
  [param('uint8_t const *', 'buf'), param('uint32_t', 'size'), param('uint32_t', 'flags'), param('ns3::Address const &', 'address')])
/home/tommaso/OldNS3/ns-allinone-3.17/ns-3.17/src/aodv/bindings/modulegen__gcc_LP64.py:3782: Warning: exception TypeLookupError(['std::ostream &'],) in wrapper public: virtual retval? ???::Print (params?) const;
  is_const=True, is_virtual=True)
/home/tommaso/OldNS3/ns-allinone-3.17/ns-3.17/src/aodv/bindings/modulegen__gcc_LP64.py:3828: Warning: exception TypeLookupError(['std::ostream &'],) in wrapper public: virtual retval? ???::Print (params?) const;
  is_const=True, is_virtual=True)
/home/tommaso/OldNS3/ns-allinone-3.17/ns-3.17/src/aodv/bindings/modulegen__gcc_LP64.py:3874: Warning: exception TypeLookupError(['std::ostream &'],) in wrapper public: virtual retval? ???::Print (params?) const;
  is_const=True, is_virtual=True)
/home/tommaso/OldNS3/ns-allinone-3.17/ns-3.17/src/aodv/bindings/modulegen__gcc_LP64.py:3920: Warning: exception TypeLookupError(['std::ostream &'],) in wrapper public: virtual retval? ???::Print (params?) const;
  is_const=True, is_virtual=True)
/home/tommaso/OldNS3/ns-allinone-3.17/ns-3.17/src/aodv/bindings/modulegen__gcc_LP64.py:3966: Warning: exception TypeLookupError(['std::ostream &'],) in wrapper public: virtual retval? ???::Print (params?) const;
  is_const=True, is_virtual=True)
/home/tommaso/OldNS3/ns-allinone-3.17/ns-3.17/src/aodv/bindings/modulegen__gcc_LP64.py:4020: Warning: exception TypeLookupError(['std::ostream &'],) in wrapper public: virtual retval? ???::Print (params?) const;
  is_const=True, is_virtual=True)
/home/tommaso/OldNS3/ns-allinone-3.17/ns-3.17/src/aodv/bindings/modulegen__gcc_LP64.py:4236: Warning: exception TypeLookupError(['std::ostream &'],) in wrapper public: virtual retval? ???::Print (params?) const = 0;
  is_pure_virtual=True, is_const=True, is_virtual=True)
/home/tommaso/OldNS3/ns-allinone-3.17/ns-3.17/src/aodv/bindings/modulegen__gcc_LP64.py:4627: Warning: exception TypeLookupError(['std::ostream &'],) in wrapper public: virtual retval? ???::Print (params?) const;
  is_const=True, is_virtual=True)
/home/tommaso/OldNS3/ns-allinone-3.17/ns-3.17/src/aodv/bindings/modulegen__gcc_LP64.py:4864: Warning: exception TypeConfigurationError('Either caller_owns_return or self.reference_existing_object must be given',) in wrapper public: retval? ???::Add (params?);
  [param('ns3::Ipv4Address', 'to')])
/home/tommaso/OldNS3/ns-allinone-3.17/ns-3.17/src/aodv/bindings/modulegen__gcc_LP64.py:4902: Warning: exception TypeConfigurationError('Either caller_owns_return or self.reference_existing_object must be given',) in wrapper public: retval? ???::Lookup (params?);
  [param('ns3::Ipv4Address', 'destination')])
/home/tommaso/OldNS3/ns-allinone-3.17/ns-3.17/src/aodv/bindings/modulegen__gcc_LP64.py:4938: Warning: exception TypeConfigurationError('Missing transfer_ownership option',) in wrapper <pybindgen.cppmethod.CppConstructor object at 0x7f4f238a4a50>
  cls.add_constructor([param('ns3::ArpCache *', 'arp')])
/home/tommaso/OldNS3/ns-allinone-3.17/ns-3.17/src/aodv/bindings/modulegen__gcc_LP64.py:5481: Warning: exception TypeLookupError(['ns3::Callback< void, ns3::Ptr< ns3::Packet >, ns3::Ipv4Address, ns3::Ipv4Address, unsigned char, ns3::Ptr< ns3::Ipv4Route >, ns3::empty, ns3::empty, ns3::empty, ns3::empty >'],) in wrapper public: virtual retval? ???::GetDownTarget (params?) const = 0;
  is_pure_virtual=True, is_const=True, is_virtual=True)
/home/tommaso/OldNS3/ns-allinone-3.17/ns-3.17/src/aodv/bindings/modulegen__gcc_LP64.py:5486: Warning: exception TypeLookupError(['ns3::Callback< void, ns3::Ptr< ns3::Packet >, ns3::Ipv6Address, ns3::Ipv6Address, unsigned char, ns3::Ptr< ns3::Ipv6Route >, ns3::empty, ns3::empty, ns3::empty, ns3::empty >'],) in wrapper public: virtual retval? ???::GetDownTarget6 (params?) const = 0;
  is_pure_virtual=True, is_const=True, is_virtual=True)
/home/tommaso/OldNS3/ns-allinone-3.17/ns-3.17/src/aodv/bindings/modulegen__gcc_LP64.py:5511: Warning: exception TypeConfigurationError('direction not given',) in wrapper public: virtual retval? ???::ReceiveIcmp (params?);
  is_virtual=True)
/home/tommaso/OldNS3/ns-allinone-3.17/ns-3.17/src/aodv/bindings/modulegen__gcc_LP64.py:5516: Warning: exception TypeConfigurationError('direction not given',) in wrapper public: virtual retval? ???::ReceiveIcmp (params?);
  is_virtual=True)
/home/tommaso/OldNS3/ns-allinone-3.17/ns-3.17/src/aodv/bindings/modulegen__gcc_LP64.py:5521: Warning: exception TypeLookupError(['ns3::Callback< void, ns3::Ptr< ns3::Packet >, ns3::Ipv4Address, ns3::Ipv4Address, unsigned char, ns3::Ptr< ns3::Ipv4Route >, ns3::empty, ns3::empty, ns3::empty, ns3::empty >'],) in wrapper public: virtual retval? ???::SetDownTarget (params?) = 0;
  is_pure_virtual=True, is_virtual=True)
/home/tommaso/OldNS3/ns-allinone-3.17/ns-3.17/src/aodv/bindings/modulegen__gcc_LP64.py:5526: Warning: exception TypeLookupError(['ns3::Callback< void, ns3::Ptr< ns3::Packet >, ns3::Ipv6Address, ns3::Ipv6Address, unsigned char, ns3::Ptr< ns3::Ipv6Route >, ns3::empty, ns3::empty, ns3::empty, ns3::empty >'],) in wrapper public: virtual retval? ???::SetDownTarget6 (params?) = 0;
  is_pure_virtual=True, is_virtual=True)
/home/tommaso/OldNS3/ns-allinone-3.17/ns-3.17/src/aodv/bindings/modulegen__gcc_LP64.py:6218: Warning: exception TypeLookupError(['ns3::Callback< void, ns3::Ptr< ns3::Ipv4MulticastRoute >, ns3::Ptr< ns3::Packet const >, ns3::Ipv4Header const &, ns3::empty, ns3::empty, ns3::empty, ns3::empty, ns3::empty, ns3::empty >'],) in wrapper public: virtual retval? ???::RouteInput (params?) = 0;
  is_pure_virtual=True, is_virtual=True)
/home/tommaso/OldNS3/ns-allinone-3.17/ns-3.17/src/aodv/bindings/modulegen__gcc_LP64.py:6539: Warning: exception TypeLookupError(['ns3::Callback< void, ns3::empty, ns3::empty, ns3::empty, ns3::empty, ns3::empty, ns3::empty, ns3::empty, ns3::empty, ns3::empty >'],) in wrapper public: virtual retval? ???::AddLinkChangeCallback (params?) = 0;
  is_pure_virtual=True, is_virtual=True)
/home/tommaso/OldNS3/ns-allinone-3.17/ns-3.17/src/aodv/bindings/modulegen__gcc_LP64.py:6554: Warning: exception TypeLookupError(['ns3::Ptr< ns3::Channel >', 'ns3::Channel *'],) in wrapper public: virtual retval? ???::GetChannel (params?) const = 0;
  is_pure_virtual=True, is_const=True, is_virtual=True)
/home/tommaso/OldNS3/ns-allinone-3.17/ns-3.17/src/aodv/bindings/modulegen__gcc_LP64.py:6649: Warning: exception TypeLookupError(['ns3::Callback< bool, ns3::Ptr< ns3::NetDevice >, ns3::Ptr< ns3::Packet const >, short unsigned int, ns3::Address const &, ns3::Address const &, ns3::NetDevice::PacketType, ns3::empty, ns3::empty, ns3::empty >'],) in wrapper public: virtual retval? ???::SetPromiscReceiveCallback (params?) = 0;
  is_pure_virtual=True, is_virtual=True)
/home/tommaso/OldNS3/ns-allinone-3.17/ns-3.17/src/aodv/bindings/modulegen__gcc_LP64.py:6654: Warning: exception TypeLookupError(['ns3::Callback< bool, ns3::Ptr< ns3::NetDevice >, ns3::Ptr< ns3::Packet const >, short unsigned int, ns3::Address const &, ns3::empty, ns3::empty, ns3::empty, ns3::empty, ns3::empty >'],) in wrapper public: virtual retval? ???::SetReceiveCallback (params?) = 0;
  is_pure_virtual=True, is_virtual=True)
/home/tommaso/OldNS3/ns-allinone-3.17/ns-3.17/src/aodv/bindings/modulegen__gcc_LP64.py:6716: Warning: exception TypeLookupError(['ns3::Ptr< ns3::Application >', 'ns3::Application *'],) in wrapper public: retval? ???::AddApplication (params?);
  [param('ns3::Ptr< ns3::Application >', 'application')])
/home/tommaso/OldNS3/ns-allinone-3.17/ns-3.17/src/aodv/bindings/modulegen__gcc_LP64.py:6730: Warning: exception TypeLookupError(['ns3::Ptr< ns3::Application >', 'ns3::Application *'],) in wrapper public: retval? ???::GetApplication (params?) const;
  is_const=True)
/home/tommaso/OldNS3/ns-allinone-3.17/ns-3.17/src/aodv/bindings/modulegen__gcc_LP64.py:6764: Warning: exception TypeLookupError(['ns3::Callback< void, ns3::Ptr< ns3::NetDevice >, ns3::empty, ns3::empty, ns3::empty, ns3::empty, ns3::empty, ns3::empty, ns3::empty, ns3::empty >'],) in wrapper public: retval? ???::RegisterDeviceAdditionListener (params?);
  [param('ns3::Callback< void, ns3::Ptr< ns3::NetDevice >, ns3::empty, ns3::empty, ns3::empty, ns3::empty, ns3::empty, ns3::empty, ns3::empty, ns3::empty >', 'listener')])
/home/tommaso/OldNS3/ns-allinone-3.17/ns-3.17/src/aodv/bindings/modulegen__gcc_LP64.py:6772: Warning: exception TypeLookupError(['ns3::Callback< void, ns3::Ptr< ns3::NetDevice >, ns3::empty, ns3::empty, ns3::empty, ns3::empty, ns3::empty, ns3::empty, ns3::empty, ns3::empty >'],) in wrapper public: retval? ???::UnregisterDeviceAdditionListener (params?);
  [param('ns3::Callback< void, ns3::Ptr< ns3::NetDevice >, ns3::empty, ns3::empty, ns3::empty, ns3::empty, ns3::empty, ns3::empty, ns3::empty, ns3::empty >', 'listener')])
/home/tommaso/OldNS3/ns-allinone-3.17/ns-3.17/src/aodv/bindings/modulegen__gcc_LP64.py:6880: Warning: exception TypeLookupError(['std::ostream *'],) in wrapper <pybindgen.cppmethod.CppConstructor object at 0x7f4f23392150>
  cls.add_constructor([param('std::ostream *', 'os')])
/home/tommaso/OldNS3/ns-allinone-3.17/ns-3.17/src/aodv/bindings/modulegen__gcc_LP64.py:6884: Warning: exception TypeLookupError(['std::ostream *'],) in wrapper public: retval? ???::GetStream (params?);
  [])
/home/tommaso/OldNS3/ns-allinone-3.17/ns-3.17/src/aodv/bindings/modulegen__gcc_LP64.py:6896: Warning: exception TypeConfigurationError('direction not given',) in wrapper <pybindgen.cppmethod.CppConstructor object at 0x7f4f23399610>
  cls.add_constructor([param('uint8_t const *', 'buffer'), param('uint32_t', 'size'), param('bool', 'magic')])
/home/tommaso/OldNS3/ns-allinone-3.17/ns-3.17/src/aodv/bindings/modulegen__gcc_LP64.py:6898: Warning: exception TypeConfigurationError('direction not given',) in wrapper <pybindgen.cppmethod.CppConstructor object at 0x7f4f23399690>
  cls.add_constructor([param('uint8_t const *', 'buffer'), param('uint32_t', 'size')])
/home/tommaso/OldNS3/ns-allinone-3.17/ns-3.17/src/aodv/bindings/modulegen__gcc_LP64.py:6939: Warning: exception TypeConfigurationError('direction not given',) in wrapper public: retval? ???::CopyData (params?) const;
  is_const=True)
/home/tommaso/OldNS3/ns-allinone-3.17/ns-3.17/src/aodv/bindings/modulegen__gcc_LP64.py:6944: Warning: exception TypeLookupError(['std::ostream *'],) in wrapper public: retval? ???::CopyData (params?) const;
  is_const=True)
/home/tommaso/OldNS3/ns-allinone-3.17/ns-3.17/src/aodv/bindings/modulegen__gcc_LP64.py:6999: Warning: exception TypeLookupError(['uint8_t *'],) in wrapper public: retval? ???::PeekData (params?) const;
  deprecated=True, is_const=True)
/home/tommaso/OldNS3/ns-allinone-3.17/ns-3.17/src/aodv/bindings/modulegen__gcc_LP64.py:7018: Warning: exception TypeLookupError(['std::ostream &'],) in wrapper public: retval? ???::Print (params?) const;
  is_const=True)
/home/tommaso/OldNS3/ns-allinone-3.17/ns-3.17/src/aodv/bindings/modulegen__gcc_LP64.py:7023: Warning: exception TypeLookupError(['std::ostream &'],) in wrapper public: retval? ???::PrintByteTags (params?) const;
  is_const=True)
/home/tommaso/OldNS3/ns-allinone-3.17/ns-3.17/src/aodv/bindings/modulegen__gcc_LP64.py:7028: Warning: exception TypeLookupError(['std::ostream &'],) in wrapper public: retval? ???::PrintPacketTags (params?) const;
  is_const=True)
/home/tommaso/OldNS3/ns-allinone-3.17/ns-3.17/src/aodv/bindings/modulegen__gcc_LP64.py:7061: Warning: exception TypeConfigurationError('direction not given',) in wrapper public: retval? ???::Serialize (params?) const;
  is_const=True)
/home/tommaso/OldNS3/ns-allinone-3.17/ns-3.17/src/aodv/bindings/modulegen__gcc_LP64.py:7300: Warning: exception TypeLookupError(['ns3::Callback< void, ns3::Ipv4Address, ns3::empty, ns3::empty, ns3::empty, ns3::empty, ns3::empty, ns3::empty, ns3::empty, ns3::empty >'],) in wrapper public: retval? ???::GetCallback (params?) const;
  is_const=True)
/home/tommaso/OldNS3/ns-allinone-3.17/ns-3.17/src/aodv/bindings/modulegen__gcc_LP64.py:7309: Warning: exception TypeLookupError(['ns3::Callback< void, ns3::WifiMacHeader const &, ns3::empty, ns3::empty, ns3::empty, ns3::empty, ns3::empty, ns3::empty, ns3::empty, ns3::empty >'],) in wrapper public: retval? ???::GetTxErrorCallback (params?) const;
  is_const=True)
/home/tommaso/OldNS3/ns-allinone-3.17/ns-3.17/src/aodv/bindings/modulegen__gcc_LP64.py:7357: Warning: exception TypeLookupError(['ns3::Callback< void, ns3::Ptr< ns3::Packet const >, ns3::Ipv4Header const &, ns3::Socket::SocketErrno, ns3::empty, ns3::empty, ns3::empty, ns3::empty, ns3::empty, ns3::empty >'],) in wrapper public: retval? ???::GetErrorCallback (params?) const;
  is_const=True)
/home/tommaso/OldNS3/ns-allinone-3.17/ns-3.17/src/aodv/bindings/modulegen__gcc_LP64.py:7377: Warning: exception TypeLookupError(['ns3::Callback< void, ns3::Ptr< ns3::Ipv4Route >, ns3::Ptr< ns3::Packet const >, ns3::Ipv4Header const &, ns3::empty, ns3::empty, ns3::empty, ns3::empty, ns3::empty, ns3::empty >'],) in wrapper public: retval? ???::GetUnicastForwardCallback (params?) const;
  is_const=True)
/home/tommaso/OldNS3/ns-allinone-3.17/ns-3.17/src/aodv/bindings/modulegen__gcc_LP64.py:7494: Warning: exception TypeLookupError(['std::ostream &'],) in wrapper public: virtual retval? ???::Print (params?) const;
  is_const=True, is_virtual=True)
/home/tommaso/OldNS3/ns-allinone-3.17/ns-3.17/src/aodv/bindings/modulegen__gcc_LP64.py:7498: Warning: exception TypeLookupError(['std::pair< ns3::Ipv4Address, unsigned int > &'],) in wrapper public: retval? ???::RemoveUnDestination (params?);
  [param('std::pair< ns3::Ipv4Address, unsigned int > &', 'un')])
/home/tommaso/OldNS3/ns-allinone-3.17/ns-3.17/src/aodv/bindings/modulegen__gcc_LP64.py:7588: Warning: exception TypeLookupError(['ns3::Callback< void, ns3::Ptr< ns3::Ipv4MulticastRoute >, ns3::Ptr< ns3::Packet const >, ns3::Ipv4Header const &, ns3::empty, ns3::empty, ns3::empty, ns3::empty, ns3::empty, ns3::empty >'],) in wrapper public: virtual retval? ???::RouteInput (params?);
  is_virtual=True)
/home/tommaso/OldNS3/ns-allinone-3.17/ns-3.17/src/aodv/bindings/modulegen__gcc_LP64.py:7888: Warning: exception TypeLookupError(['std::ostream &'],) in wrapper public: virtual retval? ???::Print (params?) const;
  is_const=True, is_virtual=True)
/home/tommaso/OldNS3/ns-allinone-3.17/ns-3.17/src/aodv/bindings/modulegen__gcc_LP64.py:7962: Warning: exception TypeLookupError(['std::ostream &'],) in wrapper public: virtual retval? ???::Print (params?) const;
  is_const=True, is_virtual=True)
/home/tommaso/OldNS3/ns-allinone-3.17/ns-3.17/src/aodv/bindings/modulegen__gcc_LP64.py:8078: Warning: exception TypeLookupError(['std::ostream &'],) in wrapper public: virtual retval? ???::Print (params?) const;
  is_const=True, is_virtual=True)
/home/tommaso/OldNS3/ns-allinone-3.17/ns-3.17/src/aodv/bindings/modulegen__gcc_LP64.py:8163: Warning: exception TypeLookupError(['std::ostream &'],) in wrapper public: virtual retval? ???::Print (params?) const;
  is_const=True, is_virtual=True)
/home/tommaso/OldNS3/ns-allinone-3.17/pybindgen-0.16.0.825/pybindgen/cppclass_typehandlers.py:1098: UserWarning: Returning shared pointers is dangerous!  The C++ API should be redesigned to avoid this situation.
  warnings.warn("Returning shared pointers is dangerous!"
