>>>>>>>>>>>>>>>> [['void', 'ns3::Mac48Address', 'ns3::Mac48Address', 'unsigned int', 'bool', 'ns3::empty', 'ns3::empty', 'ns3::empty', 'ns3::empty', 'ns3::empty'], ['void', 'unsigned int', 'ns3::Mac48Address', 'ns3::Mac48Address', 'ns3::dot11s::PeerLink::PeerState', 'ns3::dot11s::PeerLink::PeerState', 'ns3::empty', 'ns3::empty', 'ns3::empty', 'ns3::empty'], ['void', 'ns3::Ptr<ns3::NetDevice>', 'ns3::Ptr<ns3::Packet const>', 'unsigned short', 'ns3::Address const&', 'ns3::Address const&', 'ns3::NetDevice::PacketType', 'ns3::empty', 'ns3::empty', 'ns3::empty'], ['std::vector<ns3::Mac48Address, std::allocator<ns3::Mac48Address> >', 'unsigned int', 'ns3::empty', 'ns3::empty', 'ns3::empty', 'ns3::empty', 'ns3::empty', 'ns3::empty', 'ns3::empty', 'ns3::empty'], ['void', 'bool', 'ns3::Ptr<ns3::Packet>', 'ns3::Mac48Address', 'ns3::Mac48Address', 'unsigned short', 'unsigned int', 'ns3::empty', 'ns3::empty', 'ns3::empty'], ['unsigned int', 'ns3::Mac48Address', 'ns3::Ptr<ns3::MeshWifiInterfaceMac>', 'ns3::empty', 'ns3::empty', 'ns3::empty', 'ns3::empty', 'ns3::empty', 'ns3::empty', 'ns3::empty'], ['void', 'ns3::empty', 'ns3::empty', 'ns3::empty', 'ns3::empty', 'ns3::empty', 'ns3::empty', 'ns3::empty', 'ns3::empty', 'ns3::empty'], ['void', 'ns3::WifiMacHeader const&', 'ns3::empty', 'ns3::empty', 'ns3::empty', 'ns3::empty', 'ns3::empty', 'ns3::empty', 'ns3::empty', 'ns3::empty'], ['void', 'ns3::Ptr<ns3::Packet>', 'ns3::Mac48Address', 'ns3::Mac48Address', 'ns3::empty', 'ns3::empty', 'ns3::empty', 'ns3::empty', 'ns3::empty', 'ns3::empty'], ['void', 'ns3::Mac48Address', 'unsigned char', 'ns3::empty', 'ns3::empty', 'ns3::empty', 'ns3::empty', 'ns3::empty', 'ns3::empty', 'ns3::empty'], ['void', 'ns3::Mac48Address', 'unsigned char', 'bool', 'ns3::empty', 'ns3::empty', 'ns3::empty', 'ns3::empty', 'ns3::empty', 'ns3::empty'], ['bool', 'ns3::Ptr<ns3::NetDevice>', 'ns3::Ptr<ns3::Packet const>', 'unsigned short', 'ns3::Address const&', 'ns3::Address const&', 'ns3::NetDevice::PacketType', 'ns3::empty', 'ns3::empty', 'ns3::empty'], ['bool', 'ns3::Ptr<ns3::NetDevice>', 'ns3::Ptr<ns3::Packet const>', 'unsigned short', 'ns3::Address const&', 'ns3::empty', 'ns3::empty', 'ns3::empty', 'ns3::empty', 'ns3::empty']]
bindings/python/ns3modulegen-modular.py:27: UserWarning: exception TypeLookupError(['std::pair< unsigned int, ns3::Mac48Address >'],) in wrapper <pybindgen.Container 'std::vector< std::pair< unsigned int, ns3::Mac48Address > >'>
  warnings.warn("exception %r in wrapper %s" % (exception, wrapper))
***** registering callback handler: 'ns3::Callback< void, ns3::Mac48Address, ns3::Mac48Address, unsigned int, bool, ns3::empty, ns3::empty, ns3::empty, ns3::empty, ns3::empty >'
***** registering callback handler: 'ns3::Callback< void, unsigned int, ns3::Mac48Address, ns3::Mac48Address, ns3::dot11s::PeerLink::PeerState, ns3::dot11s::PeerLink::PeerState, ns3::empty, ns3::empty, ns3::empty, ns3::empty >'
***** registering callback handler: 'ns3::Callback< void, ns3::Ptr< ns3::NetDevice >, ns3::Ptr< ns3::Packet const >, unsigned short, ns3::Address const &, ns3::Address const &, ns3::NetDevice::PacketType, ns3::empty, ns3::empty, ns3::empty >'
/home/tommaso/OldNS3/ns-allinone-3.17/ns-3.17/bindings/python/ns3modulegen_core_customizations.py:206: Warning: ***** Unable to register callback; Return value 'std::vector<ns3::Mac48Address, std::allocator<ns3::Mac48Address> >' error (used in ns3::Callback< std::vector<ns3::Mac48Address, std::allocator<ns3::Mac48Address> >, unsigned int, ns3::empty, ns3::empty, ns3::empty, ns3::empty, ns3::empty, ns3::empty, ns3::empty, ns3::empty >): TypeLookupError(['std::vector< ns3::Mac48Address, std::allocator< ns3::Mac48Address > >'],)
  Warning)
***** registering callback handler: 'ns3::Callback< void, bool, ns3::Ptr< ns3::Packet >, ns3::Mac48Address, ns3::Mac48Address, unsigned short, unsigned int, ns3::empty, ns3::empty, ns3::empty >'
***** registering callback handler: 'ns3::Callback< unsigned int, ns3::Mac48Address, ns3::Ptr< ns3::MeshWifiInterfaceMac >, ns3::empty, ns3::empty, ns3::empty, ns3::empty, ns3::empty, ns3::empty, ns3::empty >'
***** registering callback handler: 'ns3::Callback< void, ns3::empty, ns3::empty, ns3::empty, ns3::empty, ns3::empty, ns3::empty, ns3::empty, ns3::empty, ns3::empty >'
***** registering callback handler: 'ns3::Callback< void, ns3::WifiMacHeader const &, ns3::empty, ns3::empty, ns3::empty, ns3::empty, ns3::empty, ns3::empty, ns3::empty, ns3::empty >'
***** registering callback handler: 'ns3::Callback< void, ns3::Ptr< ns3::Packet >, ns3::Mac48Address, ns3::Mac48Address, ns3::empty, ns3::empty, ns3::empty, ns3::empty, ns3::empty, ns3::empty >'
***** registering callback handler: 'ns3::Callback< void, ns3::Mac48Address, unsigned char, ns3::empty, ns3::empty, ns3::empty, ns3::empty, ns3::empty, ns3::empty, ns3::empty >'
***** registering callback handler: 'ns3::Callback< void, ns3::Mac48Address, unsigned char, bool, ns3::empty, ns3::empty, ns3::empty, ns3::empty, ns3::empty, ns3::empty >'
***** registering callback handler: 'ns3::Callback< bool, ns3::Ptr< ns3::NetDevice >, ns3::Ptr< ns3::Packet const >, unsigned short, ns3::Address const &, ns3::Address const &, ns3::NetDevice::PacketType, ns3::empty, ns3::empty, ns3::empty >'
***** registering callback handler: 'ns3::Callback< bool, ns3::Ptr< ns3::NetDevice >, ns3::Ptr< ns3::Packet const >, unsigned short, ns3::Address const &, ns3::empty, ns3::empty, ns3::empty, ns3::empty, ns3::empty >'
/home/tommaso/OldNS3/ns-allinone-3.17/ns-3.17/src/mesh/bindings/modulegen__gcc_LP64.py:734: Warning: exception TypeConfigurationError('direction not given',) in wrapper <pybindgen.cppmethod.CppConstructor object at 0x7ff5f6807950>
  cls.add_constructor([param('uint8_t', 'type'), param('uint8_t const *', 'buffer'), param('uint8_t', 'len')])
/home/tommaso/OldNS3/ns-allinone-3.17/ns-3.17/src/mesh/bindings/modulegen__gcc_LP64.py:745: Warning: exception TypeConfigurationError('direction not given',) in wrapper public: retval? ???::CopyAllFrom (params?);
  [param('uint8_t const *', 'buffer'), param('uint8_t', 'len')])
/home/tommaso/OldNS3/ns-allinone-3.17/ns-3.17/src/mesh/bindings/modulegen__gcc_LP64.py:750: Warning: exception TypeConfigurationError('direction not given',) in wrapper public: retval? ???::CopyAllTo (params?) const;
  is_const=True)
/home/tommaso/OldNS3/ns-allinone-3.17/ns-3.17/src/mesh/bindings/modulegen__gcc_LP64.py:754: Warning: exception TypeConfigurationError('direction not given',) in wrapper public: retval? ???::CopyFrom (params?);
  [param('uint8_t const *', 'buffer'), param('uint8_t', 'len')])
/home/tommaso/OldNS3/ns-allinone-3.17/ns-3.17/src/mesh/bindings/modulegen__gcc_LP64.py:759: Warning: exception TypeConfigurationError('direction not given',) in wrapper public: retval? ???::CopyTo (params?) const;
  is_const=True)
/home/tommaso/OldNS3/ns-allinone-3.17/ns-3.17/src/mesh/bindings/modulegen__gcc_LP64.py:928: Warning: exception TypeLookupError(['std::_List_const_iterator< ns3::AttributeConstructionList::Item >'],) in wrapper public: retval? ???::Begin (params?) const;
  is_const=True)
/home/tommaso/OldNS3/ns-allinone-3.17/ns-3.17/src/mesh/bindings/modulegen__gcc_LP64.py:933: Warning: exception TypeLookupError(['std::_List_const_iterator< ns3::AttributeConstructionList::Item >'],) in wrapper public: retval? ???::End (params?) const;
  is_const=True)
/home/tommaso/OldNS3/ns-allinone-3.17/ns-3.17/src/mesh/bindings/modulegen__gcc_LP64.py:1142: Warning: exception TypeLookupError(['ns3::Ptr< ns3::WifiMacQueue >', 'ns3::WifiMacQueue *'],) in wrapper public: retval? ???::SetQueue (params?);
  [param('ns3::Ptr< ns3::WifiMacQueue >', 'queue')])
/home/tommaso/OldNS3/ns-allinone-3.17/ns-3.17/src/mesh/bindings/modulegen__gcc_LP64.py:1146: Warning: exception TypeLookupError(['ns3::MacTxMiddle *'],) in wrapper public: retval? ???::SetTxMiddle (params?);
  [param('ns3::MacTxMiddle *', 'txMiddle')])
/home/tommaso/OldNS3/ns-allinone-3.17/ns-3.17/src/mesh/bindings/modulegen__gcc_LP64.py:1199: Warning: exception TypeLookupError(['std::ostream *'],) in wrapper public: retval? ???::CopyData (params?) const;
  is_const=True)
/home/tommaso/OldNS3/ns-allinone-3.17/ns-3.17/src/mesh/bindings/modulegen__gcc_LP64.py:1204: Warning: exception TypeConfigurationError('direction not given',) in wrapper public: retval? ???::CopyData (params?) const;
  is_const=True)
/home/tommaso/OldNS3/ns-allinone-3.17/ns-3.17/src/mesh/bindings/modulegen__gcc_LP64.py:1218: Warning: exception TypeConfigurationError('direction not given',) in wrapper public: retval? ???::Deserialize (params?);
  [param('uint8_t const *', 'buffer'), param('uint32_t', 'size')])
/home/tommaso/OldNS3/ns-allinone-3.17/ns-3.17/src/mesh/bindings/modulegen__gcc_LP64.py:1248: Warning: exception TypeLookupError(['uint8_t *'],) in wrapper public: retval? ???::PeekData (params?) const;
  is_const=True)
/home/tommaso/OldNS3/ns-allinone-3.17/ns-3.17/src/mesh/bindings/modulegen__gcc_LP64.py:1261: Warning: exception TypeConfigurationError('direction not given',) in wrapper public: retval? ???::Serialize (params?) const;
  is_const=True)
/home/tommaso/OldNS3/ns-allinone-3.17/ns-3.17/src/mesh/bindings/modulegen__gcc_LP64.py:1316: Warning: exception TypeConfigurationError('direction not given',) in wrapper public: retval? ???::Read (params?);
  [param('uint8_t *', 'buffer'), param('uint32_t', 'size')])
/home/tommaso/OldNS3/ns-allinone-3.17/ns-3.17/src/mesh/bindings/modulegen__gcc_LP64.py:1360: Warning: exception TypeConfigurationError('direction not given',) in wrapper public: retval? ???::Write (params?);
  [param('uint8_t const *', 'buffer'), param('uint32_t', 'size')])
/home/tommaso/OldNS3/ns-allinone-3.17/ns-3.17/src/mesh/bindings/modulegen__gcc_LP64.py:1585: Warning: exception TypeLookupError(['ns3::Ptr< ns3::EventImpl > &'],) in wrapper <pybindgen.cppmethod.CppConstructor object at 0x7ff5f662f150>
  cls.add_constructor([param('ns3::Ptr< ns3::EventImpl > const &', 'impl'), param('uint64_t', 'ts'), param('uint32_t', 'context'), param('uint32_t', 'uid')])
/home/tommaso/OldNS3/ns-allinone-3.17/ns-3.17/src/mesh/bindings/modulegen__gcc_LP64.py:1619: Warning: exception TypeConfigurationError('Either caller_owns_return or self.reference_existing_object must be given',) in wrapper public: retval? ???::PeekEventImpl (params?) const;
  is_const=True)
/home/tommaso/OldNS3/ns-allinone-3.17/ns-3.17/src/mesh/bindings/modulegen__gcc_LP64.py:1649: Warning: exception TypeConfigurationError('direction not given',) in wrapper public: retval? ???::Deserialize (params?);
  is_static=True)
/home/tommaso/OldNS3/ns-allinone-3.17/ns-3.17/src/mesh/bindings/modulegen__gcc_LP64.py:1714: Warning: exception TypeLookupError(['std::ostream &'],) in wrapper public: retval? ???::Print (params?) const;
  is_const=True)
/home/tommaso/OldNS3/ns-allinone-3.17/ns-3.17/src/mesh/bindings/modulegen__gcc_LP64.py:1719: Warning: exception TypeConfigurationError('direction not given',) in wrapper public: retval? ???::Serialize (params?) const;
  is_const=True)
/home/tommaso/OldNS3/ns-allinone-3.17/ns-3.17/src/mesh/bindings/modulegen__gcc_LP64.py:1786: Warning: exception TypeLookupError(['std::ostream &'],) in wrapper public: retval? ???::Print (params?) const;
  is_const=True)
/home/tommaso/OldNS3/ns-allinone-3.17/ns-3.17/src/mesh/bindings/modulegen__gcc_LP64.py:1803: Warning: exception TypeConfigurationError('direction not given',) in wrapper <pybindgen.cppmethod.CppConstructor object at 0x7ff5f658f810>
  cls.add_constructor([param('uint8_t *', 'address')])
/home/tommaso/OldNS3/ns-allinone-3.17/ns-3.17/src/mesh/bindings/modulegen__gcc_LP64.py:1821: Warning: exception TypeConfigurationError('direction not given',) in wrapper public: retval? ???::Deserialize (params?);
  is_static=True)
/home/tommaso/OldNS3/ns-allinone-3.17/ns-3.17/src/mesh/bindings/modulegen__gcc_LP64.py:1846: Warning: exception TypeConfigurationError('direction not given',) in wrapper public: retval? ???::GetBytes (params?) const;
  is_const=True)
/home/tommaso/OldNS3/ns-allinone-3.17/ns-3.17/src/mesh/bindings/modulegen__gcc_LP64.py:1950: Warning: exception TypeLookupError(['std::ostream &'],) in wrapper public: retval? ???::Print (params?) const;
  is_const=True)
/home/tommaso/OldNS3/ns-allinone-3.17/ns-3.17/src/mesh/bindings/modulegen__gcc_LP64.py:1955: Warning: exception TypeConfigurationError('direction not given',) in wrapper public: retval? ???::Serialize (params?) const;
  is_const=True)
/home/tommaso/OldNS3/ns-allinone-3.17/ns-3.17/src/mesh/bindings/modulegen__gcc_LP64.py:1963: Warning: exception TypeConfigurationError('direction not given',) in wrapper public: retval? ???::Set (params?);
  [param('uint8_t *', 'address')])
/home/tommaso/OldNS3/ns-allinone-3.17/ns-3.17/src/mesh/bindings/modulegen__gcc_LP64.py:1973: Warning: exception TypeConfigurationError('direction not given',) in wrapper <pybindgen.cppmethod.CppConstructor object at 0x7ff5f6566590>
  cls.add_constructor([param('uint8_t *', 'prefix')])
/home/tommaso/OldNS3/ns-allinone-3.17/ns-3.17/src/mesh/bindings/modulegen__gcc_LP64.py:1986: Warning: exception TypeConfigurationError('direction not given',) in wrapper public: retval? ???::GetBytes (params?) const;
  is_const=True)
/home/tommaso/OldNS3/ns-allinone-3.17/ns-3.17/src/mesh/bindings/modulegen__gcc_LP64.py:2021: Warning: exception TypeLookupError(['std::ostream &'],) in wrapper public: retval? ???::Print (params?) const;
  is_const=True)
/home/tommaso/OldNS3/ns-allinone-3.17/ns-3.17/src/mesh/bindings/modulegen__gcc_LP64.py:2048: Warning: exception TypeConfigurationError('direction not given',) in wrapper public: retval? ???::CopyFrom (params?);
  [param('uint8_t const *', 'buffer')])
/home/tommaso/OldNS3/ns-allinone-3.17/ns-3.17/src/mesh/bindings/modulegen__gcc_LP64.py:2053: Warning: exception TypeConfigurationError('direction not given',) in wrapper public: retval? ???::CopyTo (params?) const;
  is_const=True)
/home/tommaso/OldNS3/ns-allinone-3.17/ns-3.17/src/mesh/bindings/modulegen__gcc_LP64.py:2118: Warning: exception TypeLookupError(['ns3::Ptr< ns3::NetDevice > &'],) in wrapper public: retval? ???::Report (params?);
  [param('ns3::Ptr< ns3::NetDevice > const &', 'arg0'), param('std::ostream &', 'arg1')])
/home/tommaso/OldNS3/ns-allinone-3.17/ns-3.17/src/mesh/bindings/modulegen__gcc_LP64.py:2122: Warning: exception TypeLookupError(['ns3::Ptr< ns3::NetDevice > &'],) in wrapper public: retval? ???::ResetStats (params?);
  [param('ns3::Ptr< ns3::NetDevice > const &', 'arg0')])
/home/tommaso/OldNS3/ns-allinone-3.17/ns-3.17/src/mesh/bindings/modulegen__gcc_LP64.py:2205: Warning: exception TypeLookupError(['__gnu_cxx::__normal_iterator< ns3::Ptr< ns3::NetDevice > const, std::vector< ns3::Ptr< ns3::NetDevice > > >'],) in wrapper public: retval? ???::Begin (params?) const;
  is_const=True)
/home/tommaso/OldNS3/ns-allinone-3.17/ns-3.17/src/mesh/bindings/modulegen__gcc_LP64.py:2210: Warning: exception TypeLookupError(['__gnu_cxx::__normal_iterator< ns3::Ptr< ns3::NetDevice > const, std::vector< ns3::Ptr< ns3::NetDevice > > >'],) in wrapper public: retval? ???::End (params?) const;
  is_const=True)
/home/tommaso/OldNS3/ns-allinone-3.17/ns-3.17/src/mesh/bindings/modulegen__gcc_LP64.py:2256: Warning: exception TypeLookupError(['__gnu_cxx::__normal_iterator< ns3::Ptr< ns3::Node > const, std::vector< ns3::Ptr< ns3::Node > > >'],) in wrapper public: retval? ???::Begin (params?) const;
  is_const=True)
/home/tommaso/OldNS3/ns-allinone-3.17/ns-3.17/src/mesh/bindings/modulegen__gcc_LP64.py:2269: Warning: exception TypeLookupError(['__gnu_cxx::__normal_iterator< ns3::Ptr< ns3::Node > const, std::vector< ns3::Ptr< ns3::Node > > >'],) in wrapper public: retval? ???::End (params?) const;
  is_const=True)
/home/tommaso/OldNS3/ns-allinone-3.17/ns-3.17/src/mesh/bindings/modulegen__gcc_LP64.py:2357: Warning: exception TypeConfigurationError('Missing transfer_ownership option',) in wrapper public: retval? ???::Delete (params?);
  is_static=True)
/home/tommaso/OldNS3/ns-allinone-3.17/ns-3.17/src/mesh/bindings/modulegen__gcc_LP64.py:2476: Warning: exception TypeConfigurationError('direction not given',) in wrapper public: retval? ???::Deserialize (params?);
  [param('uint8_t const *', 'buffer'), param('uint32_t', 'size')])
/home/tommaso/OldNS3/ns-allinone-3.17/ns-3.17/src/mesh/bindings/modulegen__gcc_LP64.py:2517: Warning: exception TypeConfigurationError('direction not given',) in wrapper public: retval? ???::Serialize (params?) const;
  is_const=True)
bindings/python/ns3modulegen-modular.py:27: UserWarning: exception TypeLookupError(['uint8_t [ 20 ]'],) in wrapper None
  warnings.warn("exception %r in wrapper %s" % (exception, wrapper))
bindings/python/ns3modulegen-modular.py:27: UserWarning: exception TypeConfigurationError('Either caller_owns_return or self.reference_existing_object must be given',) in wrapper None
  warnings.warn("exception %r in wrapper %s" % (exception, wrapper))
/home/tommaso/OldNS3/ns-allinone-3.17/ns-3.17/src/mesh/bindings/modulegen__gcc_LP64.py:2644: Warning: exception TypeLookupError(['uint32_t &'],) in wrapper public: retval? ???::Diff (params?);
  is_static=True)
/home/tommaso/OldNS3/ns-allinone-3.17/ns-3.17/src/mesh/bindings/modulegen__gcc_LP64.py:2698: Warning: exception TypeConfigurationError('direction not given',) in wrapper public: retval? ???::Read (params?);
  [param('uint8_t * const', 'data'), param('uint32_t', 'maxBytes'), param('uint32_t &', 'tsSec'), param('uint32_t &', 'tsUsec'), param('uint32_t &', 'inclLen'), param('uint32_t &', 'origLen'), param('uint32_t &', 'readLen')])
/home/tommaso/OldNS3/ns-allinone-3.17/ns-3.17/src/mesh/bindings/modulegen__gcc_LP64.py:2702: Warning: exception TypeConfigurationError('direction not given',) in wrapper public: retval? ???::Write (params?);
  [param('uint32_t', 'tsSec'), param('uint32_t', 'tsUsec'), param('uint8_t const * const', 'data'), param('uint32_t', 'totalLen')])
/home/tommaso/OldNS3/ns-allinone-3.17/ns-3.17/src/mesh/bindings/modulegen__gcc_LP64.py:2811: Warning: exception TypeLookupError(['ns3::Ptr< ns3::SimulatorImpl >', 'ns3::SimulatorImpl *'],) in wrapper public: retval? ???::GetImplementation (params?);
  is_static=True)
/home/tommaso/OldNS3/ns-allinone-3.17/ns-3.17/src/mesh/bindings/modulegen__gcc_LP64.py:2846: Warning: exception TypeLookupError(['ns3::Ptr< ns3::SimulatorImpl >', 'ns3::SimulatorImpl *'],) in wrapper public: retval? ???::SetImplementation (params?);
  is_static=True)
/home/tommaso/OldNS3/ns-allinone-3.17/ns-3.17/src/mesh/bindings/modulegen__gcc_LP64.py:2923: Warning: exception TypeLookupError(['std::ostream &'],) in wrapper public: virtual retval? ???::Print (params?) const = 0;
  is_pure_virtual=True, is_const=True, is_virtual=True)
/home/tommaso/OldNS3/ns-allinone-3.17/ns-3.17/src/mesh/bindings/modulegen__gcc_LP64.py:2935: Warning: exception TypeConfigurationError('direction not given',) in wrapper <pybindgen.cppmethod.CppConstructor object at 0x7ff5f62db310>
  cls.add_constructor([param('uint8_t *', 'start'), param('uint8_t *', 'end')])
/home/tommaso/OldNS3/ns-allinone-3.17/ns-3.17/src/mesh/bindings/modulegen__gcc_LP64.py:2943: Warning: exception TypeConfigurationError('direction not given',) in wrapper public: retval? ???::Read (params?);
  [param('uint8_t *', 'buffer'), param('uint32_t', 'size')])
/home/tommaso/OldNS3/ns-allinone-3.17/ns-3.17/src/mesh/bindings/modulegen__gcc_LP64.py:2971: Warning: exception TypeConfigurationError('direction not given',) in wrapper public: retval? ???::Write (params?);
  [param('uint8_t const *', 'buffer'), param('uint32_t', 'size')])
/home/tommaso/OldNS3/ns-allinone-3.17/ns-3.17/src/mesh/bindings/modulegen__gcc_LP64.py:3036: Warning: exception TypeLookupError(['ns3::Callback< ns3::ObjectBase *, ns3::empty, ns3::empty, ns3::empty, ns3::empty, ns3::empty, ns3::empty, ns3::empty, ns3::empty, ns3::empty >'],) in wrapper public: retval? ???::GetConstructor (params?) const;
  is_const=True)
/home/tommaso/OldNS3/ns-allinone-3.17/ns-3.17/src/mesh/bindings/modulegen__gcc_LP64.py:3299: Warning: exception TypeLookupError(['ns3::Ptr< ns3::WifiNetDevice >', 'ns3::WifiNetDevice *'],) in wrapper public: virtual retval? ???::Create (params?) const = 0;
  is_pure_virtual=True, is_const=True, is_virtual=True)
bindings/python/ns3modulegen-modular.py:27: UserWarning: exception TypeLookupError(['short unsigned int'],) in wrapper None
  warnings.warn("exception %r in wrapper %s" % (exception, wrapper))
/home/tommaso/OldNS3/ns-allinone-3.17/ns-3.17/src/mesh/bindings/modulegen__gcc_LP64.py:3520: Warning: exception TypeLookupError(['std::ostream &'],) in wrapper public: virtual retval? ???::Print (params?) const = 0;
  is_pure_virtual=True, is_const=True, is_virtual=True)
/home/tommaso/OldNS3/ns-allinone-3.17/ns-3.17/src/mesh/bindings/modulegen__gcc_LP64.py:3548: Warning: exception TypeLookupError(['std::ostream &'],) in wrapper public: virtual retval? ???::Print (params?) const = 0;
  is_pure_virtual=True, is_const=True, is_virtual=True)
/home/tommaso/OldNS3/ns-allinone-3.17/ns-3.17/src/mesh/bindings/modulegen__gcc_LP64.py:3615: Warning: exception TypeLookupError(['std::ostream &'],) in wrapper public: virtual retval? ???::Print (params?) const;
  is_const=True, is_virtual=True)
/home/tommaso/OldNS3/ns-allinone-3.17/ns-3.17/src/mesh/bindings/modulegen__gcc_LP64.py:3710: Warning: exception TypeLookupError(['std::ostream &'],) in wrapper public: virtual retval? ???::Print (params?) const;
  is_const=True, is_virtual=True)
/home/tommaso/OldNS3/ns-allinone-3.17/ns-3.17/src/mesh/bindings/modulegen__gcc_LP64.py:3790: Warning: exception TypeLookupError(['std::ostream &'],) in wrapper public: virtual retval? ???::Print (params?) const;
  is_const=True, is_virtual=True)
/home/tommaso/OldNS3/ns-allinone-3.17/ns-3.17/src/mesh/bindings/modulegen__gcc_LP64.py:3847: Warning: exception TypeLookupError(['std::ostream &'],) in wrapper public: virtual retval? ???::Print (params?) const;
  is_const=True, is_virtual=True)
/home/tommaso/OldNS3/ns-allinone-3.17/ns-3.17/src/mesh/bindings/modulegen__gcc_LP64.py:3902: Warning: exception TypeLookupError(['std::ostream &'],) in wrapper public: virtual retval? ???::Print (params?) const;
  is_const=True, is_virtual=True)
/home/tommaso/OldNS3/ns-allinone-3.17/ns-3.17/src/mesh/bindings/modulegen__gcc_LP64.py:3961: Warning: exception TypeLookupError(['std::ostream &'],) in wrapper public: virtual retval? ???::Print (params?) const;
  is_const=True, is_virtual=True)
/home/tommaso/OldNS3/ns-allinone-3.17/ns-3.17/src/mesh/bindings/modulegen__gcc_LP64.py:4025: Warning: exception TypeLookupError(['std::ostream &'],) in wrapper public: virtual retval? ???::Print (params?) const;
  is_const=True, is_virtual=True)
/home/tommaso/OldNS3/ns-allinone-3.17/ns-3.17/src/mesh/bindings/modulegen__gcc_LP64.py:4156: Warning: exception TypeConfigurationError('direction not given',) in wrapper public: retval? ???::Write (params?);
  [param('ns3::Time', 't'), param('uint8_t const *', 'buffer'), param('uint32_t', 'length')])
/home/tommaso/OldNS3/ns-allinone-3.17/ns-3.17/src/mesh/bindings/modulegen__gcc_LP64.py:4551: Warning: exception TypeLookupError(['std::ostream &'],) in wrapper public: virtual retval? ???::Print (params?) const = 0;
  is_pure_virtual=True, is_const=True, is_virtual=True)
/home/tommaso/OldNS3/ns-allinone-3.17/ns-3.17/src/mesh/bindings/modulegen__gcc_LP64.py:4596: Warning: exception TypeLookupError(['std::ostream &'],) in wrapper public: virtual retval? ???::Print (params?) const;
  is_const=True, is_virtual=True)
/home/tommaso/OldNS3/ns-allinone-3.17/ns-3.17/src/mesh/bindings/modulegen__gcc_LP64.py:4666: Warning: exception TypeLookupError(['std::ostream &'],) in wrapper public: virtual retval? ???::Print (params?) const;
  is_const=True, is_virtual=True)
/home/tommaso/OldNS3/ns-allinone-3.17/ns-3.17/src/mesh/bindings/modulegen__gcc_LP64.py:4692: Warning: exception TypeLookupError(['__gnu_cxx::__normal_iterator< ns3::Ptr< ns3::WifiInformationElement >, std::vector< ns3::Ptr< ns3::WifiInformationElement > > >'],) in wrapper public: retval? ???::Begin (params?);
  [])
/home/tommaso/OldNS3/ns-allinone-3.17/ns-3.17/src/mesh/bindings/modulegen__gcc_LP64.py:4706: Warning: exception TypeLookupError(['__gnu_cxx::__normal_iterator< ns3::Ptr< ns3::WifiInformationElement >, std::vector< ns3::Ptr< ns3::WifiInformationElement > > >'],) in wrapper public: retval? ???::End (params?);
  [])
/home/tommaso/OldNS3/ns-allinone-3.17/ns-3.17/src/mesh/bindings/modulegen__gcc_LP64.py:4731: Warning: exception TypeLookupError(['std::ostream &'],) in wrapper public: virtual retval? ???::Print (params?) const;
  is_const=True, is_virtual=True)
/home/tommaso/OldNS3/ns-allinone-3.17/ns-3.17/src/mesh/bindings/modulegen__gcc_LP64.py:5222: Warning: exception TypeLookupError(['std::ostream &'],) in wrapper public: virtual retval? ???::Print (params?) const;
  is_const=True, is_virtual=True)
/home/tommaso/OldNS3/ns-allinone-3.17/ns-3.17/src/mesh/bindings/modulegen__gcc_LP64.py:5411: Warning: exception TypeLookupError(['ns3::Ptr< ns3::WifiChannel >', 'ns3::WifiChannel *'],) in wrapper public: virtual retval? ???::GetChannel (params?) const = 0;
  is_pure_virtual=True, is_const=True, is_virtual=True)
/home/tommaso/OldNS3/ns-allinone-3.17/ns-3.17/src/mesh/bindings/modulegen__gcc_LP64.py:5728: Warning: exception TypeConfigurationError('Missing transfer_ownership option',) in wrapper public: virtual retval? ???::RegisterListener (params?) = 0;
  is_pure_virtual=True, is_virtual=True)
/home/tommaso/OldNS3/ns-allinone-3.17/ns-3.17/src/mesh/bindings/modulegen__gcc_LP64.py:5743: Warning: exception TypeLookupError(['ns3::Callback< void, ns3::Ptr< ns3::Packet const >, double, ns3::empty, ns3::empty, ns3::empty, ns3::empty, ns3::empty, ns3::empty, ns3::empty >'],) in wrapper public: virtual retval? ???::SetReceiveErrorCallback (params?) = 0;
  is_pure_virtual=True, is_virtual=True)
/home/tommaso/OldNS3/ns-allinone-3.17/ns-3.17/src/mesh/bindings/modulegen__gcc_LP64.py:5748: Warning: exception TypeLookupError(['ns3::Callback< void, ns3::Ptr< ns3::Packet >, double, ns3::WifiMode, ns3::WifiPreamble, ns3::empty, ns3::empty, ns3::empty, ns3::empty, ns3::empty >'],) in wrapper public: virtual retval? ???::SetReceiveOkCallback (params?) = 0;
  is_pure_virtual=True, is_virtual=True)
/home/tommaso/OldNS3/ns-allinone-3.17/ns-3.17/src/mesh/bindings/modulegen__gcc_LP64.py:5968: Warning: exception TypeConfigurationError('Either caller_owns_return or self.reference_existing_object must be given',) in wrapper private: virtual retval? ???::DoCreateStation (params?) const = 0;
  is_pure_virtual=True, is_const=True, visibility='private', is_virtual=True)
/home/tommaso/OldNS3/ns-allinone-3.17/ns-3.17/src/mesh/bindings/modulegen__gcc_LP64.py:5973: Warning: exception TypeConfigurationError('Missing transfer_ownership option',) in wrapper private: virtual retval? ???::DoGetDataMode (params?) = 0;
  is_pure_virtual=True, visibility='private', is_virtual=True)
/home/tommaso/OldNS3/ns-allinone-3.17/ns-3.17/src/mesh/bindings/modulegen__gcc_LP64.py:5978: Warning: exception TypeConfigurationError('Missing transfer_ownership option',) in wrapper private: virtual retval? ???::DoGetRtsMode (params?) = 0;
  is_pure_virtual=True, visibility='private', is_virtual=True)
/home/tommaso/OldNS3/ns-allinone-3.17/ns-3.17/src/mesh/bindings/modulegen__gcc_LP64.py:5983: Warning: exception TypeConfigurationError('Missing transfer_ownership option',) in wrapper private: virtual retval? ???::DoNeedDataRetransmission (params?);
  visibility='private', is_virtual=True)
/home/tommaso/OldNS3/ns-allinone-3.17/ns-3.17/src/mesh/bindings/modulegen__gcc_LP64.py:5988: Warning: exception TypeConfigurationError('Missing transfer_ownership option',) in wrapper private: virtual retval? ???::DoNeedFragmentation (params?);
  visibility='private', is_virtual=True)
/home/tommaso/OldNS3/ns-allinone-3.17/ns-3.17/src/mesh/bindings/modulegen__gcc_LP64.py:5993: Warning: exception TypeConfigurationError('Missing transfer_ownership option',) in wrapper private: virtual retval? ???::DoNeedRts (params?);
  visibility='private', is_virtual=True)
/home/tommaso/OldNS3/ns-allinone-3.17/ns-3.17/src/mesh/bindings/modulegen__gcc_LP64.py:5998: Warning: exception TypeConfigurationError('Missing transfer_ownership option',) in wrapper private: virtual retval? ???::DoNeedRtsRetransmission (params?);
  visibility='private', is_virtual=True)
/home/tommaso/OldNS3/ns-allinone-3.17/ns-3.17/src/mesh/bindings/modulegen__gcc_LP64.py:6003: Warning: exception TypeConfigurationError('Missing transfer_ownership option',) in wrapper private: virtual retval? ???::DoReportDataFailed (params?) = 0;
  is_pure_virtual=True, visibility='private', is_virtual=True)
/home/tommaso/OldNS3/ns-allinone-3.17/ns-3.17/src/mesh/bindings/modulegen__gcc_LP64.py:6008: Warning: exception TypeConfigurationError('Missing transfer_ownership option',) in wrapper private: virtual retval? ???::DoReportDataOk (params?) = 0;
  is_pure_virtual=True, visibility='private', is_virtual=True)
/home/tommaso/OldNS3/ns-allinone-3.17/ns-3.17/src/mesh/bindings/modulegen__gcc_LP64.py:6013: Warning: exception TypeConfigurationError('Missing transfer_ownership option',) in wrapper private: virtual retval? ???::DoReportFinalDataFailed (params?) = 0;
  is_pure_virtual=True, visibility='private', is_virtual=True)
/home/tommaso/OldNS3/ns-allinone-3.17/ns-3.17/src/mesh/bindings/modulegen__gcc_LP64.py:6018: Warning: exception TypeConfigurationError('Missing transfer_ownership option',) in wrapper private: virtual retval? ???::DoReportFinalRtsFailed (params?) = 0;
  is_pure_virtual=True, visibility='private', is_virtual=True)
/home/tommaso/OldNS3/ns-allinone-3.17/ns-3.17/src/mesh/bindings/modulegen__gcc_LP64.py:6023: Warning: exception TypeConfigurationError('Missing transfer_ownership option',) in wrapper private: virtual retval? ???::DoReportRtsFailed (params?) = 0;
  is_pure_virtual=True, visibility='private', is_virtual=True)
/home/tommaso/OldNS3/ns-allinone-3.17/ns-3.17/src/mesh/bindings/modulegen__gcc_LP64.py:6028: Warning: exception TypeConfigurationError('Missing transfer_ownership option',) in wrapper private: virtual retval? ???::DoReportRtsOk (params?) = 0;
  is_pure_virtual=True, visibility='private', is_virtual=True)
/home/tommaso/OldNS3/ns-allinone-3.17/ns-3.17/src/mesh/bindings/modulegen__gcc_LP64.py:6033: Warning: exception TypeConfigurationError('Missing transfer_ownership option',) in wrapper private: virtual retval? ???::DoReportRxOk (params?) = 0;
  is_pure_virtual=True, visibility='private', is_virtual=True)
/home/tommaso/OldNS3/ns-allinone-3.17/ns-3.17/src/mesh/bindings/modulegen__gcc_LP64.py:6311: Warning: exception TypeLookupError(['std::ostream &'],) in wrapper public: virtual retval? ???::Print (params?) const;
  is_const=True, is_virtual=True)
/home/tommaso/OldNS3/ns-allinone-3.17/ns-3.17/src/mesh/bindings/modulegen__gcc_LP64.py:6349: Warning: exception TypeLookupError(['uint16_t *'],) in wrapper public: retval? ???::GetBitmap (params?) const;
  is_const=True)
/home/tommaso/OldNS3/ns-allinone-3.17/ns-3.17/src/mesh/bindings/modulegen__gcc_LP64.py:6419: Warning: exception TypeLookupError(['std::ostream &'],) in wrapper public: virtual retval? ???::Print (params?) const;
  is_const=True, is_virtual=True)
/home/tommaso/OldNS3/ns-allinone-3.17/ns-3.17/src/mesh/bindings/modulegen__gcc_LP64.py:6550: Warning: exception TypeLookupError(['ns3::Ptr< ns3::MacLow >', 'ns3::MacLow *'],) in wrapper public: retval? ???::SetLow (params?);
  [param('ns3::Ptr< ns3::MacLow >', 'low')])
/home/tommaso/OldNS3/ns-allinone-3.17/ns-3.17/src/mesh/bindings/modulegen__gcc_LP64.py:6554: Warning: exception TypeLookupError(['ns3::MacTxMiddle *'],) in wrapper public: retval? ???::SetTxMiddle (params?);
  [param('ns3::MacTxMiddle *', 'txMiddle')])
/home/tommaso/OldNS3/ns-allinone-3.17/ns-3.17/src/mesh/bindings/modulegen__gcc_LP64.py:6558: Warning: exception TypeLookupError(['ns3::DcfManager *'],) in wrapper public: retval? ???::SetManager (params?);
  [param('ns3::DcfManager *', 'manager')])
/home/tommaso/OldNS3/ns-allinone-3.17/ns-3.17/src/mesh/bindings/modulegen__gcc_LP64.py:6584: Warning: exception TypeLookupError(['ns3::Ptr< ns3::WifiMacQueue >', 'ns3::WifiMacQueue *'],) in wrapper public: retval? ???::GetQueue (params?) const;
  is_const=True)
/home/tommaso/OldNS3/ns-allinone-3.17/ns-3.17/src/mesh/bindings/modulegen__gcc_LP64.py:6618: Warning: exception TypeLookupError(['ns3::Ptr< ns3::MacLow >', 'ns3::MacLow *'],) in wrapper public: retval? ???::Low (params?);
  [])
/home/tommaso/OldNS3/ns-allinone-3.17/ns-3.17/src/mesh/bindings/modulegen__gcc_LP64.py:6623: Warning: exception TypeLookupError(['ns3::Ptr< ns3::MsduAggregator >', 'ns3::MsduAggregator *'],) in wrapper public: retval? ???::GetMsduAggregator (params?) const;
  is_const=True)
/home/tommaso/OldNS3/ns-allinone-3.17/ns-3.17/src/mesh/bindings/modulegen__gcc_LP64.py:6738: Warning: exception TypeConfigurationError('Missing transfer_ownership option',) in wrapper public: retval? ???::GetFragmentPacket (params?);
  [param('ns3::WifiMacHeader *', 'hdr')])
/home/tommaso/OldNS3/ns-allinone-3.17/ns-3.17/src/mesh/bindings/modulegen__gcc_LP64.py:6750: Warning: exception TypeLookupError(['ns3::Ptr< ns3::MsduAggregator >', 'ns3::MsduAggregator *'],) in wrapper public: retval? ???::SetMsduAggregator (params?);
  [param('ns3::Ptr< ns3::MsduAggregator >', 'aggr')])
/home/tommaso/OldNS3/ns-allinone-3.17/ns-3.17/src/mesh/bindings/modulegen__gcc_LP64.py:6917: Warning: exception TypeConfigurationError('Missing transfer_ownership option',) in wrapper <pybindgen.cppmethod.CppConstructor object at 0x7ff5f5936710>
  cls.add_constructor([param('ns3::SupportedRates *', 'rates')])
/home/tommaso/OldNS3/ns-allinone-3.17/ns-3.17/src/mesh/bindings/modulegen__gcc_LP64.py:7240: Warning: exception TypeLookupError(['ns3::Ptr< ns3::MeshPointDevice >'],) in wrapper public: virtual retval? ???::Report (params?) = 0;
  is_pure_virtual=True, is_virtual=True)
/home/tommaso/OldNS3/ns-allinone-3.17/ns-3.17/src/mesh/bindings/modulegen__gcc_LP64.py:7245: Warning: exception TypeLookupError(['ns3::Ptr< ns3::MeshPointDevice >'],) in wrapper public: virtual retval? ???::ResetStats (params?) = 0;
  is_pure_virtual=True, is_virtual=True)
/home/tommaso/OldNS3/ns-allinone-3.17/ns-3.17/src/mesh/bindings/modulegen__gcc_LP64.py:7473: Warning: exception TypeLookupError(['ns3::Ptr< ns3::Application >', 'ns3::Application *'],) in wrapper public: retval? ???::AddApplication (params?);
  [param('ns3::Ptr< ns3::Application >', 'application')])
/home/tommaso/OldNS3/ns-allinone-3.17/ns-3.17/src/mesh/bindings/modulegen__gcc_LP64.py:7487: Warning: exception TypeLookupError(['ns3::Ptr< ns3::Application >', 'ns3::Application *'],) in wrapper public: retval? ???::GetApplication (params?) const;
  is_const=True)
/home/tommaso/OldNS3/ns-allinone-3.17/ns-3.17/src/mesh/bindings/modulegen__gcc_LP64.py:7521: Warning: exception TypeLookupError(['ns3::Callback< void, ns3::Ptr< ns3::NetDevice >, ns3::empty, ns3::empty, ns3::empty, ns3::empty, ns3::empty, ns3::empty, ns3::empty, ns3::empty >'],) in wrapper public: retval? ???::RegisterDeviceAdditionListener (params?);
  [param('ns3::Callback< void, ns3::Ptr< ns3::NetDevice >, ns3::empty, ns3::empty, ns3::empty, ns3::empty, ns3::empty, ns3::empty, ns3::empty, ns3::empty >', 'listener')])
/home/tommaso/OldNS3/ns-allinone-3.17/ns-3.17/src/mesh/bindings/modulegen__gcc_LP64.py:7529: Warning: exception TypeLookupError(['ns3::Callback< void, ns3::Ptr< ns3::NetDevice >, ns3::empty, ns3::empty, ns3::empty, ns3::empty, ns3::empty, ns3::empty, ns3::empty, ns3::empty >'],) in wrapper public: retval? ???::UnregisterDeviceAdditionListener (params?);
  [param('ns3::Callback< void, ns3::Ptr< ns3::NetDevice >, ns3::empty, ns3::empty, ns3::empty, ns3::empty, ns3::empty, ns3::empty, ns3::empty, ns3::empty >', 'listener')])
/home/tommaso/OldNS3/ns-allinone-3.17/ns-3.17/src/mesh/bindings/modulegen__gcc_LP64.py:7592: Warning: exception TypeLookupError(['std::ostream *'],) in wrapper <pybindgen.cppmethod.CppConstructor object at 0x7ff5f5718950>
  cls.add_constructor([param('std::ostream *', 'os')])
/home/tommaso/OldNS3/ns-allinone-3.17/ns-3.17/src/mesh/bindings/modulegen__gcc_LP64.py:7596: Warning: exception TypeLookupError(['std::ostream *'],) in wrapper public: retval? ???::GetStream (params?);
  [])
/home/tommaso/OldNS3/ns-allinone-3.17/ns-3.17/src/mesh/bindings/modulegen__gcc_LP64.py:7608: Warning: exception TypeConfigurationError('direction not given',) in wrapper <pybindgen.cppmethod.CppConstructor object at 0x7ff5f571fd90>
  cls.add_constructor([param('uint8_t const *', 'buffer'), param('uint32_t', 'size'), param('bool', 'magic')])
/home/tommaso/OldNS3/ns-allinone-3.17/ns-3.17/src/mesh/bindings/modulegen__gcc_LP64.py:7610: Warning: exception TypeConfigurationError('direction not given',) in wrapper <pybindgen.cppmethod.CppConstructor object at 0x7ff5f571fe10>
  cls.add_constructor([param('uint8_t const *', 'buffer'), param('uint32_t', 'size')])
/home/tommaso/OldNS3/ns-allinone-3.17/ns-3.17/src/mesh/bindings/modulegen__gcc_LP64.py:7651: Warning: exception TypeConfigurationError('direction not given',) in wrapper public: retval? ???::CopyData (params?) const;
  is_const=True)
/home/tommaso/OldNS3/ns-allinone-3.17/ns-3.17/src/mesh/bindings/modulegen__gcc_LP64.py:7656: Warning: exception TypeLookupError(['std::ostream *'],) in wrapper public: retval? ???::CopyData (params?) const;
  is_const=True)
/home/tommaso/OldNS3/ns-allinone-3.17/ns-3.17/src/mesh/bindings/modulegen__gcc_LP64.py:7711: Warning: exception TypeLookupError(['uint8_t *'],) in wrapper public: retval? ???::PeekData (params?) const;
  deprecated=True, is_const=True)
/home/tommaso/OldNS3/ns-allinone-3.17/ns-3.17/src/mesh/bindings/modulegen__gcc_LP64.py:7730: Warning: exception TypeLookupError(['std::ostream &'],) in wrapper public: retval? ???::Print (params?) const;
  is_const=True)
/home/tommaso/OldNS3/ns-allinone-3.17/ns-3.17/src/mesh/bindings/modulegen__gcc_LP64.py:7735: Warning: exception TypeLookupError(['std::ostream &'],) in wrapper public: retval? ???::PrintByteTags (params?) const;
  is_const=True)
/home/tommaso/OldNS3/ns-allinone-3.17/ns-3.17/src/mesh/bindings/modulegen__gcc_LP64.py:7740: Warning: exception TypeLookupError(['std::ostream &'],) in wrapper public: retval? ???::PrintPacketTags (params?) const;
  is_const=True)
/home/tommaso/OldNS3/ns-allinone-3.17/ns-3.17/src/mesh/bindings/modulegen__gcc_LP64.py:7773: Warning: exception TypeConfigurationError('direction not given',) in wrapper public: retval? ???::Serialize (params?) const;
  is_const=True)
/home/tommaso/OldNS3/ns-allinone-3.17/ns-3.17/src/mesh/bindings/modulegen__gcc_LP64.py:8388: Warning: exception TypeLookupError(['ns3::Ptr< ns3::MacLow >', 'ns3::MacLow *'],) in wrapper public: retval? ???::SetLow (params?);
  [param('ns3::Ptr< ns3::MacLow >', 'low')])
/home/tommaso/OldNS3/ns-allinone-3.17/ns-3.17/src/mesh/bindings/modulegen__gcc_LP64.py:8392: Warning: exception TypeLookupError(['ns3::DcfManager *'],) in wrapper public: retval? ???::SetManager (params?);
  [param('ns3::DcfManager *', 'manager')])
/home/tommaso/OldNS3/ns-allinone-3.17/ns-3.17/src/mesh/bindings/modulegen__gcc_LP64.py:8409: Warning: exception TypeLookupError(['ns3::Ptr< ns3::WifiMacQueue >', 'ns3::WifiMacQueue *'],) in wrapper public: retval? ???::GetQueue (params?) const;
  is_const=True)
/home/tommaso/OldNS3/ns-allinone-3.17/ns-3.17/src/mesh/bindings/modulegen__gcc_LP64.py:8484: Warning: exception TypeLookupError(['ns3::Ptr< ns3::MeshPointDevice >'],) in wrapper public: virtual retval? ???::Report (params?);
  is_virtual=True)
/home/tommaso/OldNS3/ns-allinone-3.17/ns-3.17/src/mesh/bindings/modulegen__gcc_LP64.py:8489: Warning: exception TypeLookupError(['ns3::Ptr< ns3::MeshPointDevice >'],) in wrapper public: virtual retval? ???::ResetStats (params?);
  is_virtual=True)
/home/tommaso/OldNS3/ns-allinone-3.17/ns-3.17/src/mesh/bindings/modulegen__gcc_LP64.py:8516: Warning: exception TypeLookupError(['ns3::Ptr< ns3::MeshPointDevice >'],) in wrapper public: virtual retval? ???::Report (params?);
  is_virtual=True)
/home/tommaso/OldNS3/ns-allinone-3.17/ns-3.17/src/mesh/bindings/modulegen__gcc_LP64.py:8521: Warning: exception TypeLookupError(['ns3::Ptr< ns3::MeshPointDevice >'],) in wrapper public: virtual retval? ???::ResetStats (params?);
  is_virtual=True)
/home/tommaso/OldNS3/ns-allinone-3.17/ns-3.17/src/mesh/bindings/modulegen__gcc_LP64.py:8642: Warning: exception TypeLookupError(['std::ostream &'],) in wrapper public: retval? ???::Report (params?) const;
  is_const=True)
/home/tommaso/OldNS3/ns-allinone-3.17/ns-3.17/src/mesh/bindings/modulegen__gcc_LP64.py:8772: Warning: exception TypeLookupError(['std::ostream &'],) in wrapper public: retval? ???::Report (params?) const;
  is_const=True)
/home/tommaso/OldNS3/ns-allinone-3.17/ns-3.17/src/mesh/bindings/modulegen__gcc_LP64.py:8958: Warning: exception TypeLookupError(['std::ostream &'],) in wrapper public: retval? ???::Report (params?) const;
  is_const=True)
/home/tommaso/OldNS3/ns-allinone-3.17/ns-3.17/src/mesh/bindings/modulegen__gcc_LP64.py:8971: Warning: exception TypeLookupError(['ns3::Callback< std::vector< ns3::Mac48Address >, unsigned int, ns3::empty, ns3::empty, ns3::empty, ns3::empty, ns3::empty, ns3::empty, ns3::empty, ns3::empty >'],) in wrapper public: retval? ???::SetNeighboursCallback (params?);
  [param('ns3::Callback< std::vector< ns3::Mac48Address >, unsigned int, ns3::empty, ns3::empty, ns3::empty, ns3::empty, ns3::empty, ns3::empty, ns3::empty, ns3::empty >', 'cb')])
/home/tommaso/OldNS3/ns-allinone-3.17/ns-3.17/src/mesh/bindings/modulegen__gcc_LP64.py:9035: Warning: exception TypeLookupError(['std::vector< std::pair< unsigned int, ns3::Mac48Address > >'],) in wrapper public: retval? ???::GetPrecursors (params?);
  [param('ns3::Mac48Address', 'destination')])
/home/tommaso/OldNS3/ns-allinone-3.17/ns-3.17/src/mesh/bindings/modulegen__gcc_LP64.py:9131: Warning: exception TypeLookupError(['std::ostream &'],) in wrapper public: virtual retval? ???::Print (params?) const;
  is_const=True, is_virtual=True)
/home/tommaso/OldNS3/ns-allinone-3.17/ns-3.17/src/mesh/bindings/modulegen__gcc_LP64.py:9216: Warning: exception TypeLookupError(['std::ostream &'],) in wrapper public: virtual retval? ???::Print (params?) const;
  is_const=True, is_virtual=True)
/home/tommaso/OldNS3/ns-allinone-3.17/ns-3.17/src/mesh/bindings/modulegen__gcc_LP64.py:9270: Warning: exception TypeLookupError(['std::ostream &'],) in wrapper public: virtual retval? ???::Print (params?) const;
  is_const=True, is_virtual=True)
/home/tommaso/OldNS3/ns-allinone-3.17/ns-3.17/src/mesh/bindings/modulegen__gcc_LP64.py:9325: Warning: exception TypeLookupError(['std::ostream &'],) in wrapper public: virtual retval? ???::Print (params?) const;
  is_const=True, is_virtual=True)
/home/tommaso/OldNS3/ns-allinone-3.17/ns-3.17/src/mesh/bindings/modulegen__gcc_LP64.py:9419: Warning: exception TypeLookupError(['std::ostream &'],) in wrapper public: virtual retval? ???::Print (params?) const;
  is_const=True, is_virtual=True)
/home/tommaso/OldNS3/ns-allinone-3.17/ns-3.17/src/mesh/bindings/modulegen__gcc_LP64.py:9478: Warning: exception TypeLookupError(['std::ostream &'],) in wrapper public: virtual retval? ???::Print (params?) const;
  is_const=True, is_virtual=True)
/home/tommaso/OldNS3/ns-allinone-3.17/ns-3.17/src/mesh/bindings/modulegen__gcc_LP64.py:9535: Warning: exception TypeLookupError(['std::ostream &'],) in wrapper public: virtual retval? ???::Print (params?) const;
  is_const=True, is_virtual=True)
/home/tommaso/OldNS3/ns-allinone-3.17/ns-3.17/src/mesh/bindings/modulegen__gcc_LP64.py:9626: Warning: exception TypeLookupError(['std::ostream &'],) in wrapper public: virtual retval? ???::Print (params?) const;
  is_const=True, is_virtual=True)
/home/tommaso/OldNS3/ns-allinone-3.17/ns-3.17/src/mesh/bindings/modulegen__gcc_LP64.py:9779: Warning: exception TypeLookupError(['std::ostream &'],) in wrapper public: virtual retval? ???::Print (params?) const;
  is_const=True, is_virtual=True)
/home/tommaso/OldNS3/ns-allinone-3.17/ns-3.17/src/mesh/bindings/modulegen__gcc_LP64.py:9885: Warning: exception TypeLookupError(['std::ostream &'],) in wrapper public: virtual retval? ???::Print (params?) const;
  is_const=True, is_virtual=True)
/home/tommaso/OldNS3/ns-allinone-3.17/ns-3.17/src/mesh/bindings/modulegen__gcc_LP64.py:9977: Warning: exception TypeLookupError(['std::ostream &'],) in wrapper public: virtual retval? ???::Print (params?) const;
  is_const=True, is_virtual=True)
/home/tommaso/OldNS3/ns-allinone-3.17/ns-3.17/src/mesh/bindings/modulegen__gcc_LP64.py:10029: Warning: exception TypeLookupError(['ns3::Callback< void, unsigned int, ns3::Mac48Address, bool, ns3::empty, ns3::empty, ns3::empty, ns3::empty, ns3::empty, ns3::empty >'],) in wrapper public: retval? ???::SetLinkStatusCallback (params?);
  [param('ns3::Callback< void, unsigned int, ns3::Mac48Address, bool, ns3::empty, ns3::empty, ns3::empty, ns3::empty, ns3::empty, ns3::empty >', 'cb')])
/home/tommaso/OldNS3/ns-allinone-3.17/ns-3.17/src/mesh/bindings/modulegen__gcc_LP64.py:10112: Warning: exception TypeLookupError(['std::ostream &'],) in wrapper public: retval? ???::Report (params?) const;
  is_const=True)
/home/tommaso/OldNS3/ns-allinone-3.17/ns-3.17/src/mesh/bindings/modulegen__gcc_LP64.py:10148: Warning: exception TypeLookupError(['std::ostream &'],) in wrapper public: virtual retval? ???::Print (params?) const;
  is_const=True, is_virtual=True)
/home/tommaso/OldNS3/ns-allinone-3.17/ns-3.17/src/mesh/bindings/modulegen__gcc_LP64.py:10268: Warning: exception TypeLookupError(['std::ostream &'],) in wrapper public: retval? ???::Report (params?) const;
  is_const=True)
/home/tommaso/OldNS3/ns-allinone-3.17/ns-3.17/src/mesh/bindings/modulegen__gcc_LP64.py:10359: Warning: exception TypeLookupError(['std::ostream &'],) in wrapper public: virtual retval? ???::Print (params?) const;
  is_const=True, is_virtual=True)
/home/tommaso/OldNS3/ns-allinone-3.17/ns-3.17/src/mesh/bindings/modulegen__gcc_LP64.py:10413: Warning: exception TypeLookupError(['std::ostream &'],) in wrapper public: retval? ???::Report (params?) const;
  is_const=True)
/home/tommaso/OldNS3/ns-allinone-3.17/ns-3.17/src/mesh/bindings/modulegen__gcc_LP64.py:10449: Warning: exception TypeLookupError(['std::ostream &'],) in wrapper public: retval? ???::Report (params?) const;
  is_const=True)
/home/tommaso/OldNS3/ns-allinone-3.17/ns-3.17/src/mesh/bindings/modulegen__gcc_LP64.py:10548: Warning: exception TypeLookupError(['std::ostream &'],) in wrapper public: virtual retval? ???::Print (params?) const;
  is_const=True, is_virtual=True)
/home/tommaso/OldNS3/ns-allinone-3.17/ns-3.17/src/mesh/bindings/modulegen__gcc_LP64.py:7219: Warning: exception NotSupportedError('Reverse wrappers for ns3::Callback<...> types (python using callbacks defined in C++) not implemented.',) in wrapper public: virtual bool ns3::MeshL2RoutingProtocol::RequestRoute (uint32_t sourceIface, ns3::Mac48Address const source, ns3::Mac48Address const destination, ns3::Ptr< ns3::Packet const > packet, uint16_t protocolType, ns3::Callback< void, bool, ns3::Ptr< ns3::Packet >, ns3::Mac48Address, ns3::Mac48Address, unsigned short, unsigned int, ns3::empty, ns3::empty, ns3::empty > routeReply) = 0;
  is_pure_virtual=True, is_virtual=True)
/home/tommaso/OldNS3/ns-allinone-3.17/ns-3.17/src/mesh/bindings/modulegen__gcc_LP64.py:8537: Warning: exception NotSupportedError('Reverse wrappers for ns3::Callback<...> types (python using callbacks defined in C++) not implemented.',) in wrapper public: virtual void ns3::MeshPointDevice::AddLinkChangeCallback (ns3::Callback< void, ns3::empty, ns3::empty, ns3::empty, ns3::empty, ns3::empty, ns3::empty, ns3::empty, ns3::empty, ns3::empty > callback);
  is_virtual=True)
/home/tommaso/OldNS3/ns-allinone-3.17/pybindgen-0.16.0.825/pybindgen/cppclass_typehandlers.py:1098: UserWarning: Returning shared pointers is dangerous!  The C++ API should be redesigned to avoid this situation.
  warnings.warn("Returning shared pointers is dangerous!"
/home/tommaso/OldNS3/ns-allinone-3.17/ns-3.17/src/mesh/bindings/modulegen__gcc_LP64.py:8681: Warning: exception NotSupportedError('Reverse wrappers for ns3::Callback<...> types (python using callbacks defined in C++) not implemented.',) in wrapper public: virtual void ns3::MeshPointDevice::SetPromiscReceiveCallback (ns3::Callback< bool, ns3::Ptr< ns3::NetDevice >, ns3::Ptr< ns3::Packet const >, unsigned short, ns3::Address const &, ns3::Address const &, ns3::NetDevice::PacketType, ns3::empty, ns3::empty, ns3::empty > cb);
  is_virtual=True)
/home/tommaso/OldNS3/ns-allinone-3.17/ns-3.17/src/mesh/bindings/modulegen__gcc_LP64.py:8686: Warning: exception NotSupportedError('Reverse wrappers for ns3::Callback<...> types (python using callbacks defined in C++) not implemented.',) in wrapper public: virtual void ns3::MeshPointDevice::SetReceiveCallback (ns3::Callback< bool, ns3::Ptr< ns3::NetDevice >, ns3::Ptr< ns3::Packet const >, unsigned short, ns3::Address const &, ns3::empty, ns3::empty, ns3::empty, ns3::empty, ns3::empty > cb);
  is_virtual=True)
/home/tommaso/OldNS3/ns-allinone-3.17/ns-3.17/src/mesh/bindings/modulegen__gcc_LP64.py:8797: Warning: exception NotSupportedError('Reverse wrappers for ns3::Callback<...> types (python using callbacks defined in C++) not implemented.',) in wrapper public: virtual void ns3::MeshWifiInterfaceMac::SetLinkUpCallback (ns3::Callback< void, ns3::empty, ns3::empty, ns3::empty, ns3::empty, ns3::empty, ns3::empty, ns3::empty, ns3::empty, ns3::empty > linkUp);
  is_virtual=True)
bindings/python/ns3modulegen-modular.py:27: UserWarning: exception NotSupportedError('Reverse wrappers for ns3::Callback<...> types (python using callbacks defined in C++) not implemented.',) in wrapper public: virtual void ns3::RegularWifiMac::SetForwardUpCallback (ns3::Callback< void, ns3::Ptr< ns3::Packet >, ns3::Mac48Address, ns3::Mac48Address, ns3::empty, ns3::empty, ns3::empty, ns3::empty, ns3::empty, ns3::empty > upCallback);
  warnings.warn("exception %r in wrapper %s" % (exception, wrapper))
bindings/python/ns3modulegen-modular.py:27: UserWarning: exception NotSupportedError('Reverse wrappers for ns3::Callback<...> types (python using callbacks defined in C++) not implemented.',) in wrapper public: virtual void ns3::RegularWifiMac::SetLinkDownCallback (ns3::Callback< void, ns3::empty, ns3::empty, ns3::empty, ns3::empty, ns3::empty, ns3::empty, ns3::empty, ns3::empty, ns3::empty > linkDown);
  warnings.warn("exception %r in wrapper %s" % (exception, wrapper))
/home/tommaso/OldNS3/ns-allinone-3.17/ns-3.17/src/mesh/bindings/modulegen__gcc_LP64.py:8963: Warning: exception NotSupportedError('Reverse wrappers for ns3::Callback<...> types (python using callbacks defined in C++) not implemented.',) in wrapper public: virtual bool ns3::dot11s::HwmpProtocol::RequestRoute (uint32_t sourceIface, ns3::Mac48Address const source, ns3::Mac48Address const destination, ns3::Ptr< ns3::Packet const > packet, uint16_t protocolType, ns3::Callback< void, bool, ns3::Ptr< ns3::Packet >, ns3::Mac48Address, ns3::Mac48Address, unsigned short, unsigned int, ns3::empty, ns3::empty, ns3::empty > routeReply);
  is_virtual=True)
/home/tommaso/OldNS3/ns-allinone-3.17/ns-3.17/src/mesh/bindings/modulegen__gcc_LP64.py:10418: Warning: exception NotSupportedError('Reverse wrappers for ns3::Callback<...> types (python using callbacks defined in C++) not implemented.',) in wrapper public: virtual bool ns3::flame::FlameProtocol::RequestRoute (uint32_t sourceIface, ns3::Mac48Address const source, ns3::Mac48Address const destination, ns3::Ptr< ns3::Packet const > packet, uint16_t protocolType, ns3::Callback< void, bool, ns3::Ptr< ns3::Packet >, ns3::Mac48Address, ns3::Mac48Address, unsigned short, unsigned int, ns3::empty, ns3::empty, ns3::empty > routeReply);
  is_virtual=True)
/home/tommaso/OldNS3/ns-allinone-3.17/ns-3.17/src/mesh/bindings/modulegen__gcc_LP64.py:696: Warning: exception NotSupportedError('Reverse wrappers for ns3::Callback<...> types (python using callbacks defined in C++) not implemented.',) in wrapper public: virtual bool ns3::dot11s::HwmpProtocol::RequestRoute (uint32_t sourceIface, ns3::Mac48Address const source, ns3::Mac48Address const destination, ns3::Ptr< ns3::Packet const > packet, uint16_t protocolType, ns3::Callback< void, bool, ns3::Ptr< ns3::Packet >, ns3::Mac48Address, ns3::Mac48Address, unsigned short, unsigned int, ns3::empty, ns3::empty, ns3::empty > routeReply);
  register_Ns3Dot11sHwmpProtocol_methods(root_module, root_module['ns3::dot11s::HwmpProtocol'])
bindings/python/ns3modulegen-modular.py:27: UserWarning: exception CodeGenerationError('ns3::dot11s::IeMeshIdChecker cannot be constructed (have pure virtual methods but no helper class)',) in wrapper <pybindgen.CppClass 'ns3::dot11s::IeMeshIdChecker'>
  warnings.warn("exception %r in wrapper %s" % (exception, wrapper))
/home/tommaso/OldNS3/ns-allinone-3.17/ns-3.17/src/mesh/bindings/modulegen__gcc_LP64.py:719: Warning: exception NotSupportedError('Reverse wrappers for ns3::Callback<...> types (python using callbacks defined in C++) not implemented.',) in wrapper public: virtual bool ns3::flame::FlameProtocol::RequestRoute (uint32_t sourceIface, ns3::Mac48Address const source, ns3::Mac48Address const destination, ns3::Ptr< ns3::Packet const > packet, uint16_t protocolType, ns3::Callback< void, bool, ns3::Ptr< ns3::Packet >, ns3::Mac48Address, ns3::Mac48Address, unsigned short, unsigned int, ns3::empty, ns3::empty, ns3::empty > routeReply);
  register_Ns3FlameFlameProtocol_methods(root_module, root_module['ns3::flame::FlameProtocol'])
bindings/python/ns3modulegen-modular.py:27: UserWarning: exception CodeGenerationError('ns3::MeshL2RoutingProtocol cannot be constructed (have pure virtual methods but no helper class)',) in wrapper <pybindgen.CppClass 'ns3::MeshL2RoutingProtocol'>
  warnings.warn("exception %r in wrapper %s" % (exception, wrapper))
bindings/python/ns3modulegen-modular.py:27: UserWarning: exception CodeGenerationError('ns3::MeshStack cannot be constructed (have pure virtual methods but no helper class)',) in wrapper <pybindgen.CppClass 'ns3::MeshStack'>
  warnings.warn("exception %r in wrapper %s" % (exception, wrapper))
bindings/python/ns3modulegen-modular.py:27: UserWarning: exception CodeGenerationError('ns3::MeshWifiInterfaceMacPlugin cannot be constructed (have pure virtual methods but no helper class)',) in wrapper <pybindgen.CppClass 'ns3::MeshWifiInterfaceMacPlugin'>
  warnings.warn("exception %r in wrapper %s" % (exception, wrapper))
/home/tommaso/OldNS3/ns-allinone-3.17/ns-3.17/src/mesh/bindings/modulegen__gcc_LP64.py:692: Warning: exception NotSupportedError('Reverse wrappers for ns3::Callback<...> types (python using callbacks defined in C++) not implemented.',) in wrapper public: virtual void ns3::MeshPointDevice::AddLinkChangeCallback (ns3::Callback< void, ns3::empty, ns3::empty, ns3::empty, ns3::empty, ns3::empty, ns3::empty, ns3::empty, ns3::empty, ns3::empty > callback);
  register_Ns3MeshPointDevice_methods(root_module, root_module['ns3::MeshPointDevice'])
/home/tommaso/OldNS3/ns-allinone-3.17/ns-3.17/src/mesh/bindings/modulegen__gcc_LP64.py:692: Warning: exception NotSupportedError('Reverse wrappers for ns3::Callback<...> types (python using callbacks defined in C++) not implemented.',) in wrapper public: virtual void ns3::MeshPointDevice::SetPromiscReceiveCallback (ns3::Callback< bool, ns3::Ptr< ns3::NetDevice >, ns3::Ptr< ns3::Packet const >, unsigned short, ns3::Address const &, ns3::Address const &, ns3::NetDevice::PacketType, ns3::empty, ns3::empty, ns3::empty > cb);
  register_Ns3MeshPointDevice_methods(root_module, root_module['ns3::MeshPointDevice'])
/home/tommaso/OldNS3/ns-allinone-3.17/ns-3.17/src/mesh/bindings/modulegen__gcc_LP64.py:692: Warning: exception NotSupportedError('Reverse wrappers for ns3::Callback<...> types (python using callbacks defined in C++) not implemented.',) in wrapper public: virtual void ns3::MeshPointDevice::SetReceiveCallback (ns3::Callback< bool, ns3::Ptr< ns3::NetDevice >, ns3::Ptr< ns3::Packet const >, unsigned short, ns3::Address const &, ns3::empty, ns3::empty, ns3::empty, ns3::empty, ns3::empty > cb);
  register_Ns3MeshPointDevice_methods(root_module, root_module['ns3::MeshPointDevice'])
/home/tommaso/OldNS3/ns-allinone-3.17/ns-3.17/src/mesh/bindings/modulegen__gcc_LP64.py:693: Warning: exception NotSupportedError('Reverse wrappers for ns3::Callback<...> types (python using callbacks defined in C++) not implemented.',) in wrapper public: virtual void ns3::MeshWifiInterfaceMac::SetLinkUpCallback (ns3::Callback< void, ns3::empty, ns3::empty, ns3::empty, ns3::empty, ns3::empty, ns3::empty, ns3::empty, ns3::empty, ns3::empty > linkUp);
  register_Ns3MeshWifiInterfaceMac_methods(root_module, root_module['ns3::MeshWifiInterfaceMac'])
