>>>>>>>>>>>>>>>> [['void', 'ns3::Ptr<ns3::Socket>', 'ns3::empty', 'ns3::empty', 'ns3::empty', 'ns3::empty', 'ns3::empty', 'ns3::empty', 'ns3::empty', 'ns3::empty'], ['void', 'ns3::Ptr<ns3::Socket>', 'unsigned int', 'ns3::empty', 'ns3::empty', 'ns3::empty', 'ns3::empty', 'ns3::empty', 'ns3::empty', 'ns3::empty'], ['void', 'ns3::Ptr<ns3::Socket>', 'ns3::Address const&', 'ns3::empty', 'ns3::empty', 'ns3::empty', 'ns3::empty', 'ns3::empty', 'ns3::empty', 'ns3::empty'], ['bool', 'ns3::Ptr<ns3::Socket>', 'ns3::Address const&', 'ns3::empty', 'ns3::empty', 'ns3::empty', 'ns3::empty', 'ns3::empty', 'ns3::empty', 'ns3::empty'], ['void', 'ns3::Ptr<ns3::NetDevice>', 'ns3::Ptr<ns3::Packet const>', 'unsigned short', 'ns3::Address const&', 'ns3::Address const&', 'ns3::NetDevice::PacketType', 'ns3::empty', 'ns3::empty', 'ns3::empty']]
***** registering callback handler: 'ns3::Callback< void, ns3::Ptr< ns3::Socket >, ns3::empty, ns3::empty, ns3::empty, ns3::empty, ns3::empty, ns3::empty, ns3::empty, ns3::empty >'
***** registering callback handler: 'ns3::Callback< void, ns3::Ptr< ns3::Socket >, unsigned int, ns3::empty, ns3::empty, ns3::empty, ns3::empty, ns3::empty, ns3::empty, ns3::empty >'
***** registering callback handler: 'ns3::Callback< void, ns3::Ptr< ns3::Socket >, ns3::Address const &, ns3::empty, ns3::empty, ns3::empty, ns3::empty, ns3::empty, ns3::empty, ns3::empty >'
***** registering callback handler: 'ns3::Callback< bool, ns3::Ptr< ns3::Socket >, ns3::Address const &, ns3::empty, ns3::empty, ns3::empty, ns3::empty, ns3::empty, ns3::empty, ns3::empty >'
***** registering callback handler: 'ns3::Callback< void, ns3::Ptr< ns3::NetDevice >, ns3::Ptr< ns3::Packet const >, unsigned short, ns3::Address const &, ns3::Address const &, ns3::NetDevice::PacketType, ns3::empty, ns3::empty, ns3::empty >'
/home/tommaso/OldNS3/ns-allinone-3.17/ns-3.17/src/flow-monitor/bindings/modulegen__gcc_LP64.py:486: Warning: exception TypeConfigurationError('direction not given',) in wrapper <pybindgen.cppmethod.CppConstructor object at 0x7f53d0ac3dd0>
  cls.add_constructor([param('uint8_t', 'type'), param('uint8_t const *', 'buffer'), param('uint8_t', 'len')])
/home/tommaso/OldNS3/ns-allinone-3.17/ns-3.17/src/flow-monitor/bindings/modulegen__gcc_LP64.py:497: Warning: exception TypeConfigurationError('direction not given',) in wrapper public: retval? ???::CopyAllFrom (params?);
  [param('uint8_t const *', 'buffer'), param('uint8_t', 'len')])
/home/tommaso/OldNS3/ns-allinone-3.17/ns-3.17/src/flow-monitor/bindings/modulegen__gcc_LP64.py:502: Warning: exception TypeConfigurationError('direction not given',) in wrapper public: retval? ???::CopyAllTo (params?) const;
  is_const=True)
/home/tommaso/OldNS3/ns-allinone-3.17/ns-3.17/src/flow-monitor/bindings/modulegen__gcc_LP64.py:506: Warning: exception TypeConfigurationError('direction not given',) in wrapper public: retval? ???::CopyFrom (params?);
  [param('uint8_t const *', 'buffer'), param('uint8_t', 'len')])
/home/tommaso/OldNS3/ns-allinone-3.17/ns-3.17/src/flow-monitor/bindings/modulegen__gcc_LP64.py:511: Warning: exception TypeConfigurationError('direction not given',) in wrapper public: retval? ???::CopyTo (params?) const;
  is_const=True)
/home/tommaso/OldNS3/ns-allinone-3.17/ns-3.17/src/flow-monitor/bindings/modulegen__gcc_LP64.py:561: Warning: exception TypeLookupError(['std::_List_const_iterator< ns3::AttributeConstructionList::Item >'],) in wrapper public: retval? ???::Begin (params?) const;
  is_const=True)
/home/tommaso/OldNS3/ns-allinone-3.17/ns-3.17/src/flow-monitor/bindings/modulegen__gcc_LP64.py:566: Warning: exception TypeLookupError(['std::_List_const_iterator< ns3::AttributeConstructionList::Item >'],) in wrapper public: retval? ???::End (params?) const;
  is_const=True)
/home/tommaso/OldNS3/ns-allinone-3.17/ns-3.17/src/flow-monitor/bindings/modulegen__gcc_LP64.py:617: Warning: exception TypeLookupError(['std::ostream *'],) in wrapper public: retval? ???::CopyData (params?) const;
  is_const=True)
/home/tommaso/OldNS3/ns-allinone-3.17/ns-3.17/src/flow-monitor/bindings/modulegen__gcc_LP64.py:622: Warning: exception TypeConfigurationError('direction not given',) in wrapper public: retval? ???::CopyData (params?) const;
  is_const=True)
/home/tommaso/OldNS3/ns-allinone-3.17/ns-3.17/src/flow-monitor/bindings/modulegen__gcc_LP64.py:636: Warning: exception TypeConfigurationError('direction not given',) in wrapper public: retval? ???::Deserialize (params?);
  [param('uint8_t const *', 'buffer'), param('uint32_t', 'size')])
/home/tommaso/OldNS3/ns-allinone-3.17/ns-3.17/src/flow-monitor/bindings/modulegen__gcc_LP64.py:666: Warning: exception TypeLookupError(['uint8_t *'],) in wrapper public: retval? ???::PeekData (params?) const;
  is_const=True)
/home/tommaso/OldNS3/ns-allinone-3.17/ns-3.17/src/flow-monitor/bindings/modulegen__gcc_LP64.py:679: Warning: exception TypeConfigurationError('direction not given',) in wrapper public: retval? ???::Serialize (params?) const;
  is_const=True)
/home/tommaso/OldNS3/ns-allinone-3.17/ns-3.17/src/flow-monitor/bindings/modulegen__gcc_LP64.py:734: Warning: exception TypeConfigurationError('direction not given',) in wrapper public: retval? ???::Read (params?);
  [param('uint8_t *', 'buffer'), param('uint32_t', 'size')])
/home/tommaso/OldNS3/ns-allinone-3.17/ns-3.17/src/flow-monitor/bindings/modulegen__gcc_LP64.py:778: Warning: exception TypeConfigurationError('direction not given',) in wrapper public: retval? ???::Write (params?);
  [param('uint8_t const *', 'buffer'), param('uint32_t', 'size')])
/home/tommaso/OldNS3/ns-allinone-3.17/ns-3.17/src/flow-monitor/bindings/modulegen__gcc_LP64.py:964: Warning: exception TypeLookupError(['ns3::Ptr< ns3::EventImpl > &'],) in wrapper <pybindgen.cppmethod.CppConstructor object at 0x7f53d09d5610>
  cls.add_constructor([param('ns3::Ptr< ns3::EventImpl > const &', 'impl'), param('uint64_t', 'ts'), param('uint32_t', 'context'), param('uint32_t', 'uid')])
/home/tommaso/OldNS3/ns-allinone-3.17/ns-3.17/src/flow-monitor/bindings/modulegen__gcc_LP64.py:998: Warning: exception TypeConfigurationError('Either caller_owns_return or self.reference_existing_object must be given',) in wrapper public: retval? ???::PeekEventImpl (params?) const;
  is_const=True)
/home/tommaso/OldNS3/ns-allinone-3.17/ns-3.17/src/flow-monitor/bindings/modulegen__gcc_LP64.py:1069: Warning: exception TypeLookupError(['std::ostream &'],) in wrapper public: retval? ???::SerializeToXmlStream (params?) const;
  is_const=True)
/home/tommaso/OldNS3/ns-allinone-3.17/ns-3.17/src/flow-monitor/bindings/modulegen__gcc_LP64.py:1238: Warning: exception TypeConfigurationError('direction not given',) in wrapper public: retval? ???::Deserialize (params?);
  is_static=True)
/home/tommaso/OldNS3/ns-allinone-3.17/ns-3.17/src/flow-monitor/bindings/modulegen__gcc_LP64.py:1303: Warning: exception TypeLookupError(['std::ostream &'],) in wrapper public: retval? ???::Print (params?) const;
  is_const=True)
/home/tommaso/OldNS3/ns-allinone-3.17/ns-3.17/src/flow-monitor/bindings/modulegen__gcc_LP64.py:1308: Warning: exception TypeConfigurationError('direction not given',) in wrapper public: retval? ???::Serialize (params?) const;
  is_const=True)
/home/tommaso/OldNS3/ns-allinone-3.17/ns-3.17/src/flow-monitor/bindings/modulegen__gcc_LP64.py:1436: Warning: exception TypeLookupError(['std::ostream &'],) in wrapper public: retval? ???::Print (params?) const;
  is_const=True)
/home/tommaso/OldNS3/ns-allinone-3.17/ns-3.17/src/flow-monitor/bindings/modulegen__gcc_LP64.py:1453: Warning: exception TypeConfigurationError('direction not given',) in wrapper <pybindgen.cppmethod.CppConstructor object at 0x7f53d08707d0>
  cls.add_constructor([param('uint8_t *', 'address')])
/home/tommaso/OldNS3/ns-allinone-3.17/ns-3.17/src/flow-monitor/bindings/modulegen__gcc_LP64.py:1471: Warning: exception TypeConfigurationError('direction not given',) in wrapper public: retval? ???::Deserialize (params?);
  is_static=True)
/home/tommaso/OldNS3/ns-allinone-3.17/ns-3.17/src/flow-monitor/bindings/modulegen__gcc_LP64.py:1496: Warning: exception TypeConfigurationError('direction not given',) in wrapper public: retval? ???::GetBytes (params?) const;
  is_const=True)
/home/tommaso/OldNS3/ns-allinone-3.17/ns-3.17/src/flow-monitor/bindings/modulegen__gcc_LP64.py:1580: Warning: exception TypeLookupError(['ns3::Mac48Address'],) in wrapper public: retval? ???::MakeAutoconfiguredAddress (params?);
  is_static=True)
/home/tommaso/OldNS3/ns-allinone-3.17/ns-3.17/src/flow-monitor/bindings/modulegen__gcc_LP64.py:1585: Warning: exception TypeLookupError(['ns3::Mac48Address'],) in wrapper public: retval? ???::MakeAutoconfiguredLinkLocalAddress (params?);
  is_static=True)
/home/tommaso/OldNS3/ns-allinone-3.17/ns-3.17/src/flow-monitor/bindings/modulegen__gcc_LP64.py:1600: Warning: exception TypeLookupError(['std::ostream &'],) in wrapper public: retval? ???::Print (params?) const;
  is_const=True)
/home/tommaso/OldNS3/ns-allinone-3.17/ns-3.17/src/flow-monitor/bindings/modulegen__gcc_LP64.py:1605: Warning: exception TypeConfigurationError('direction not given',) in wrapper public: retval? ???::Serialize (params?) const;
  is_const=True)
/home/tommaso/OldNS3/ns-allinone-3.17/ns-3.17/src/flow-monitor/bindings/modulegen__gcc_LP64.py:1613: Warning: exception TypeConfigurationError('direction not given',) in wrapper public: retval? ???::Set (params?);
  [param('uint8_t *', 'address')])
/home/tommaso/OldNS3/ns-allinone-3.17/ns-3.17/src/flow-monitor/bindings/modulegen__gcc_LP64.py:1678: Warning: exception TypeConfigurationError('direction not given',) in wrapper <pybindgen.cppmethod.CppConstructor object at 0x7f53d0857a90>
  cls.add_constructor([param('uint8_t *', 'prefix')])
/home/tommaso/OldNS3/ns-allinone-3.17/ns-3.17/src/flow-monitor/bindings/modulegen__gcc_LP64.py:1691: Warning: exception TypeConfigurationError('direction not given',) in wrapper public: retval? ???::GetBytes (params?) const;
  is_const=True)
/home/tommaso/OldNS3/ns-allinone-3.17/ns-3.17/src/flow-monitor/bindings/modulegen__gcc_LP64.py:1726: Warning: exception TypeLookupError(['std::ostream &'],) in wrapper public: retval? ???::Print (params?) const;
  is_const=True)
/home/tommaso/OldNS3/ns-allinone-3.17/ns-3.17/src/flow-monitor/bindings/modulegen__gcc_LP64.py:1762: Warning: exception TypeLookupError(['__gnu_cxx::__normal_iterator< ns3::Ptr< ns3::Node > const, std::vector< ns3::Ptr< ns3::Node > > >'],) in wrapper public: retval? ???::Begin (params?) const;
  is_const=True)
/home/tommaso/OldNS3/ns-allinone-3.17/ns-3.17/src/flow-monitor/bindings/modulegen__gcc_LP64.py:1775: Warning: exception TypeLookupError(['__gnu_cxx::__normal_iterator< ns3::Ptr< ns3::Node > const, std::vector< ns3::Ptr< ns3::Node > > >'],) in wrapper public: retval? ???::End (params?) const;
  is_const=True)
/home/tommaso/OldNS3/ns-allinone-3.17/ns-3.17/src/flow-monitor/bindings/modulegen__gcc_LP64.py:1863: Warning: exception TypeConfigurationError('Missing transfer_ownership option',) in wrapper public: retval? ???::Delete (params?);
  is_static=True)
/home/tommaso/OldNS3/ns-allinone-3.17/ns-3.17/src/flow-monitor/bindings/modulegen__gcc_LP64.py:1936: Warning: exception TypeConfigurationError('direction not given',) in wrapper public: retval? ???::Deserialize (params?);
  [param('uint8_t const *', 'buffer'), param('uint32_t', 'size')])
/home/tommaso/OldNS3/ns-allinone-3.17/ns-3.17/src/flow-monitor/bindings/modulegen__gcc_LP64.py:1977: Warning: exception TypeConfigurationError('direction not given',) in wrapper public: retval? ???::Serialize (params?) const;
  is_const=True)
bindings/python/ns3modulegen-modular.py:27: UserWarning: exception TypeLookupError(['uint8_t [ 20 ]'],) in wrapper None
  warnings.warn("exception %r in wrapper %s" % (exception, wrapper))
bindings/python/ns3modulegen-modular.py:27: UserWarning: exception TypeConfigurationError('Either caller_owns_return or self.reference_existing_object must be given',) in wrapper None
  warnings.warn("exception %r in wrapper %s" % (exception, wrapper))
/home/tommaso/OldNS3/ns-allinone-3.17/ns-3.17/src/flow-monitor/bindings/modulegen__gcc_LP64.py:2128: Warning: exception TypeLookupError(['ns3::Ptr< ns3::SimulatorImpl >', 'ns3::SimulatorImpl *'],) in wrapper public: retval? ???::GetImplementation (params?);
  is_static=True)
/home/tommaso/OldNS3/ns-allinone-3.17/ns-3.17/src/flow-monitor/bindings/modulegen__gcc_LP64.py:2163: Warning: exception TypeLookupError(['ns3::Ptr< ns3::SimulatorImpl >', 'ns3::SimulatorImpl *'],) in wrapper public: retval? ???::SetImplementation (params?);
  is_static=True)
/home/tommaso/OldNS3/ns-allinone-3.17/ns-3.17/src/flow-monitor/bindings/modulegen__gcc_LP64.py:2205: Warning: exception TypeLookupError(['std::ostream &'],) in wrapper public: virtual retval? ???::Print (params?) const = 0;
  is_pure_virtual=True, is_const=True, is_virtual=True)
/home/tommaso/OldNS3/ns-allinone-3.17/ns-3.17/src/flow-monitor/bindings/modulegen__gcc_LP64.py:2217: Warning: exception TypeConfigurationError('direction not given',) in wrapper <pybindgen.cppmethod.CppConstructor object at 0x7f53d06aa350>
  cls.add_constructor([param('uint8_t *', 'start'), param('uint8_t *', 'end')])
/home/tommaso/OldNS3/ns-allinone-3.17/ns-3.17/src/flow-monitor/bindings/modulegen__gcc_LP64.py:2225: Warning: exception TypeConfigurationError('direction not given',) in wrapper public: retval? ???::Read (params?);
  [param('uint8_t *', 'buffer'), param('uint32_t', 'size')])
/home/tommaso/OldNS3/ns-allinone-3.17/ns-3.17/src/flow-monitor/bindings/modulegen__gcc_LP64.py:2253: Warning: exception TypeConfigurationError('direction not given',) in wrapper public: retval? ???::Write (params?);
  [param('uint8_t const *', 'buffer'), param('uint32_t', 'size')])
/home/tommaso/OldNS3/ns-allinone-3.17/ns-3.17/src/flow-monitor/bindings/modulegen__gcc_LP64.py:2402: Warning: exception TypeLookupError(['ns3::Callback< ns3::ObjectBase *, ns3::empty, ns3::empty, ns3::empty, ns3::empty, ns3::empty, ns3::empty, ns3::empty, ns3::empty, ns3::empty >'],) in wrapper public: retval? ???::GetConstructor (params?) const;
  is_const=True)
bindings/python/ns3modulegen-modular.py:27: UserWarning: exception TypeLookupError(['short unsigned int'],) in wrapper None
  warnings.warn("exception %r in wrapper %s" % (exception, wrapper))
/home/tommaso/OldNS3/ns-allinone-3.17/ns-3.17/src/flow-monitor/bindings/modulegen__gcc_LP64.py:2667: Warning: exception TypeLookupError(['std::ostream &'],) in wrapper public: virtual retval? ???::Print (params?) const = 0;
  is_pure_virtual=True, is_const=True, is_virtual=True)
/home/tommaso/OldNS3/ns-allinone-3.17/ns-3.17/src/flow-monitor/bindings/modulegen__gcc_LP64.py:2695: Warning: exception TypeLookupError(['std::ostream &'],) in wrapper public: virtual retval? ???::Print (params?) const = 0;
  is_pure_virtual=True, is_const=True, is_virtual=True)
/home/tommaso/OldNS3/ns-allinone-3.17/ns-3.17/src/flow-monitor/bindings/modulegen__gcc_LP64.py:2811: Warning: exception TypeLookupError(['std::ostream &'],) in wrapper public: virtual retval? ???::Print (params?) const;
  is_const=True, is_virtual=True)
/home/tommaso/OldNS3/ns-allinone-3.17/ns-3.17/src/flow-monitor/bindings/modulegen__gcc_LP64.py:2939: Warning: exception TypeLookupError(['std::ostream &'],) in wrapper public: virtual retval? ???::Print (params?) const;
  is_const=True, is_virtual=True)
/home/tommaso/OldNS3/ns-allinone-3.17/ns-3.17/src/flow-monitor/bindings/modulegen__gcc_LP64.py:3331: Warning: exception TypeConfigurationError('direction not given',) in wrapper public: retval? ???::Recv (params?);
  [param('uint8_t *', 'buf'), param('uint32_t', 'size'), param('uint32_t', 'flags')])
/home/tommaso/OldNS3/ns-allinone-3.17/ns-3.17/src/flow-monitor/bindings/modulegen__gcc_LP64.py:3344: Warning: exception TypeConfigurationError('direction not given',) in wrapper public: retval? ???::RecvFrom (params?);
  [param('uint8_t *', 'buf'), param('uint32_t', 'size'), param('uint32_t', 'flags'), param('ns3::Address &', 'fromAddress')])
/home/tommaso/OldNS3/ns-allinone-3.17/ns-3.17/src/flow-monitor/bindings/modulegen__gcc_LP64.py:3357: Warning: exception TypeConfigurationError('direction not given',) in wrapper public: retval? ???::Send (params?);
  [param('uint8_t const *', 'buf'), param('uint32_t', 'size'), param('uint32_t', 'flags')])
/home/tommaso/OldNS3/ns-allinone-3.17/ns-3.17/src/flow-monitor/bindings/modulegen__gcc_LP64.py:3366: Warning: exception TypeConfigurationError('direction not given',) in wrapper public: retval? ???::SendTo (params?);
  [param('uint8_t const *', 'buf'), param('uint32_t', 'size'), param('uint32_t', 'flags'), param('ns3::Address const &', 'address')])
/home/tommaso/OldNS3/ns-allinone-3.17/ns-3.17/src/flow-monitor/bindings/modulegen__gcc_LP64.py:3550: Warning: exception TypeLookupError(['std::ostream &'],) in wrapper public: virtual retval? ???::Print (params?) const;
  is_const=True, is_virtual=True)
/home/tommaso/OldNS3/ns-allinone-3.17/ns-3.17/src/flow-monitor/bindings/modulegen__gcc_LP64.py:3596: Warning: exception TypeLookupError(['std::ostream &'],) in wrapper public: virtual retval? ???::Print (params?) const;
  is_const=True, is_virtual=True)
/home/tommaso/OldNS3/ns-allinone-3.17/ns-3.17/src/flow-monitor/bindings/modulegen__gcc_LP64.py:3642: Warning: exception TypeLookupError(['std::ostream &'],) in wrapper public: virtual retval? ???::Print (params?) const;
  is_const=True, is_virtual=True)
/home/tommaso/OldNS3/ns-allinone-3.17/ns-3.17/src/flow-monitor/bindings/modulegen__gcc_LP64.py:3688: Warning: exception TypeLookupError(['std::ostream &'],) in wrapper public: virtual retval? ???::Print (params?) const;
  is_const=True, is_virtual=True)
/home/tommaso/OldNS3/ns-allinone-3.17/ns-3.17/src/flow-monitor/bindings/modulegen__gcc_LP64.py:3734: Warning: exception TypeLookupError(['std::ostream &'],) in wrapper public: virtual retval? ???::Print (params?) const;
  is_const=True, is_virtual=True)
/home/tommaso/OldNS3/ns-allinone-3.17/ns-3.17/src/flow-monitor/bindings/modulegen__gcc_LP64.py:3788: Warning: exception TypeLookupError(['std::ostream &'],) in wrapper public: virtual retval? ???::Print (params?) const;
  is_const=True, is_virtual=True)
/home/tommaso/OldNS3/ns-allinone-3.17/ns-3.17/src/flow-monitor/bindings/modulegen__gcc_LP64.py:4004: Warning: exception TypeLookupError(['std::ostream &'],) in wrapper public: virtual retval? ???::Print (params?) const = 0;
  is_pure_virtual=True, is_const=True, is_virtual=True)
/home/tommaso/OldNS3/ns-allinone-3.17/ns-3.17/src/flow-monitor/bindings/modulegen__gcc_LP64.py:4203: Warning: exception TypeLookupError(['std::ostream &'],) in wrapper public: virtual retval? ???::SerializeToXmlStream (params?) const = 0;
  is_pure_virtual=True, is_const=True, is_virtual=True)
/home/tommaso/OldNS3/ns-allinone-3.17/ns-3.17/src/flow-monitor/bindings/modulegen__gcc_LP64.py:4271: Warning: exception TypeLookupError(['std::ostream &'],) in wrapper public: retval? ???::SerializeToXmlStream (params?);
  [param('std::ostream &', 'os'), param('int', 'indent'), param('bool', 'enableHistograms'), param('bool', 'enableProbes')])
/home/tommaso/OldNS3/ns-allinone-3.17/ns-3.17/src/flow-monitor/bindings/modulegen__gcc_LP64.py:4371: Warning: exception TypeLookupError(['std::ostream &'],) in wrapper public: retval? ???::SerializeToXmlStream (params?) const;
  is_const=True)
/home/tommaso/OldNS3/ns-allinone-3.17/ns-3.17/src/flow-monitor/bindings/modulegen__gcc_LP64.py:4408: Warning: exception TypeLookupError(['ns3::Callback< void, ns3::Ptr< ns3::Packet >, ns3::Ipv4Address, ns3::Ipv4Address, unsigned char, ns3::Ptr< ns3::Ipv4Route >, ns3::empty, ns3::empty, ns3::empty, ns3::empty >'],) in wrapper public: virtual retval? ???::GetDownTarget (params?) const = 0;
  is_pure_virtual=True, is_const=True, is_virtual=True)
/home/tommaso/OldNS3/ns-allinone-3.17/ns-3.17/src/flow-monitor/bindings/modulegen__gcc_LP64.py:4413: Warning: exception TypeLookupError(['ns3::Callback< void, ns3::Ptr< ns3::Packet >, ns3::Ipv6Address, ns3::Ipv6Address, unsigned char, ns3::Ptr< ns3::Ipv6Route >, ns3::empty, ns3::empty, ns3::empty, ns3::empty >'],) in wrapper public: virtual retval? ???::GetDownTarget6 (params?) const = 0;
  is_pure_virtual=True, is_const=True, is_virtual=True)
/home/tommaso/OldNS3/ns-allinone-3.17/ns-3.17/src/flow-monitor/bindings/modulegen__gcc_LP64.py:4428: Warning: exception TypeLookupError(['ns3::Ptr< ns3::Ipv4Interface >', 'ns3::Ipv4Interface *'],) in wrapper public: virtual retval? ???::Receive (params?) = 0;
  is_pure_virtual=True, is_virtual=True)
/home/tommaso/OldNS3/ns-allinone-3.17/ns-3.17/src/flow-monitor/bindings/modulegen__gcc_LP64.py:4438: Warning: exception TypeConfigurationError('direction not given',) in wrapper public: virtual retval? ???::ReceiveIcmp (params?);
  is_virtual=True)
/home/tommaso/OldNS3/ns-allinone-3.17/ns-3.17/src/flow-monitor/bindings/modulegen__gcc_LP64.py:4443: Warning: exception TypeConfigurationError('direction not given',) in wrapper public: virtual retval? ???::ReceiveIcmp (params?);
  is_virtual=True)
/home/tommaso/OldNS3/ns-allinone-3.17/ns-3.17/src/flow-monitor/bindings/modulegen__gcc_LP64.py:4448: Warning: exception TypeLookupError(['ns3::Callback< void, ns3::Ptr< ns3::Packet >, ns3::Ipv4Address, ns3::Ipv4Address, unsigned char, ns3::Ptr< ns3::Ipv4Route >, ns3::empty, ns3::empty, ns3::empty, ns3::empty >'],) in wrapper public: virtual retval? ???::SetDownTarget (params?) = 0;
  is_pure_virtual=True, is_virtual=True)
/home/tommaso/OldNS3/ns-allinone-3.17/ns-3.17/src/flow-monitor/bindings/modulegen__gcc_LP64.py:4453: Warning: exception TypeLookupError(['ns3::Callback< void, ns3::Ptr< ns3::Packet >, ns3::Ipv6Address, ns3::Ipv6Address, unsigned char, ns3::Ptr< ns3::Ipv6Route >, ns3::empty, ns3::empty, ns3::empty, ns3::empty >'],) in wrapper public: virtual retval? ???::SetDownTarget6 (params?) = 0;
  is_pure_virtual=True, is_virtual=True)
/home/tommaso/OldNS3/ns-allinone-3.17/ns-3.17/src/flow-monitor/bindings/modulegen__gcc_LP64.py:4686: Warning: exception TypeLookupError(['std::ostream &'],) in wrapper public: virtual retval? ???::SerializeToXmlStream (params?) const;
  is_const=True, is_virtual=True)
/home/tommaso/OldNS3/ns-allinone-3.17/ns-3.17/src/flow-monitor/bindings/modulegen__gcc_LP64.py:4750: Warning: exception TypeLookupError(['ns3::Ptr< ns3::Ipv4Interface >', 'ns3::Ipv4Interface *'],) in wrapper public: retval? ???::GetInterface (params?) const;
  is_const=True)
/home/tommaso/OldNS3/ns-allinone-3.17/ns-3.17/src/flow-monitor/bindings/modulegen__gcc_LP64.py:5096: Warning: exception TypeLookupError(['ns3::Callback< void, ns3::Ptr< ns3::Ipv4Route >, ns3::Ptr< ns3::Packet const >, ns3::Ipv4Header const &, ns3::empty, ns3::empty, ns3::empty, ns3::empty, ns3::empty, ns3::empty >'],) in wrapper public: virtual retval? ???::RouteInput (params?) = 0;
  is_pure_virtual=True, is_virtual=True)
/home/tommaso/OldNS3/ns-allinone-3.17/ns-3.17/src/flow-monitor/bindings/modulegen__gcc_LP64.py:5339: Warning: exception TypeLookupError(['ns3::Callback< void, ns3::empty, ns3::empty, ns3::empty, ns3::empty, ns3::empty, ns3::empty, ns3::empty, ns3::empty, ns3::empty >'],) in wrapper public: virtual retval? ???::AddLinkChangeCallback (params?) = 0;
  is_pure_virtual=True, is_virtual=True)
/home/tommaso/OldNS3/ns-allinone-3.17/ns-3.17/src/flow-monitor/bindings/modulegen__gcc_LP64.py:5354: Warning: exception TypeLookupError(['ns3::Ptr< ns3::Channel >', 'ns3::Channel *'],) in wrapper public: virtual retval? ???::GetChannel (params?) const = 0;
  is_pure_virtual=True, is_const=True, is_virtual=True)
/home/tommaso/OldNS3/ns-allinone-3.17/ns-3.17/src/flow-monitor/bindings/modulegen__gcc_LP64.py:5449: Warning: exception TypeLookupError(['ns3::Callback< bool, ns3::Ptr< ns3::NetDevice >, ns3::Ptr< ns3::Packet const >, short unsigned int, ns3::Address const &, ns3::Address const &, ns3::NetDevice::PacketType, ns3::empty, ns3::empty, ns3::empty >'],) in wrapper public: virtual retval? ???::SetPromiscReceiveCallback (params?) = 0;
  is_pure_virtual=True, is_virtual=True)
/home/tommaso/OldNS3/ns-allinone-3.17/ns-3.17/src/flow-monitor/bindings/modulegen__gcc_LP64.py:5454: Warning: exception TypeLookupError(['ns3::Callback< bool, ns3::Ptr< ns3::NetDevice >, ns3::Ptr< ns3::Packet const >, short unsigned int, ns3::Address const &, ns3::empty, ns3::empty, ns3::empty, ns3::empty, ns3::empty >'],) in wrapper public: virtual retval? ???::SetReceiveCallback (params?) = 0;
  is_pure_virtual=True, is_virtual=True)
/home/tommaso/OldNS3/ns-allinone-3.17/ns-3.17/src/flow-monitor/bindings/modulegen__gcc_LP64.py:5516: Warning: exception TypeLookupError(['ns3::Ptr< ns3::Application >', 'ns3::Application *'],) in wrapper public: retval? ???::AddApplication (params?);
  [param('ns3::Ptr< ns3::Application >', 'application')])
/home/tommaso/OldNS3/ns-allinone-3.17/ns-3.17/src/flow-monitor/bindings/modulegen__gcc_LP64.py:5530: Warning: exception TypeLookupError(['ns3::Ptr< ns3::Application >', 'ns3::Application *'],) in wrapper public: retval? ???::GetApplication (params?) const;
  is_const=True)
/home/tommaso/OldNS3/ns-allinone-3.17/ns-3.17/src/flow-monitor/bindings/modulegen__gcc_LP64.py:5564: Warning: exception TypeLookupError(['ns3::Callback< void, ns3::Ptr< ns3::NetDevice >, ns3::empty, ns3::empty, ns3::empty, ns3::empty, ns3::empty, ns3::empty, ns3::empty, ns3::empty >'],) in wrapper public: retval? ???::RegisterDeviceAdditionListener (params?);
  [param('ns3::Callback< void, ns3::Ptr< ns3::NetDevice >, ns3::empty, ns3::empty, ns3::empty, ns3::empty, ns3::empty, ns3::empty, ns3::empty, ns3::empty >', 'listener')])
/home/tommaso/OldNS3/ns-allinone-3.17/ns-3.17/src/flow-monitor/bindings/modulegen__gcc_LP64.py:5572: Warning: exception TypeLookupError(['ns3::Callback< void, ns3::Ptr< ns3::NetDevice >, ns3::empty, ns3::empty, ns3::empty, ns3::empty, ns3::empty, ns3::empty, ns3::empty, ns3::empty >'],) in wrapper public: retval? ???::UnregisterDeviceAdditionListener (params?);
  [param('ns3::Callback< void, ns3::Ptr< ns3::NetDevice >, ns3::empty, ns3::empty, ns3::empty, ns3::empty, ns3::empty, ns3::empty, ns3::empty, ns3::empty >', 'listener')])
/home/tommaso/OldNS3/ns-allinone-3.17/ns-3.17/src/flow-monitor/bindings/modulegen__gcc_LP64.py:5635: Warning: exception TypeLookupError(['std::ostream *'],) in wrapper <pybindgen.cppmethod.CppConstructor object at 0x7f53cfd40090>
  cls.add_constructor([param('std::ostream *', 'os')])
/home/tommaso/OldNS3/ns-allinone-3.17/ns-3.17/src/flow-monitor/bindings/modulegen__gcc_LP64.py:5639: Warning: exception TypeLookupError(['std::ostream *'],) in wrapper public: retval? ???::GetStream (params?);
  [])
/home/tommaso/OldNS3/ns-allinone-3.17/ns-3.17/src/flow-monitor/bindings/modulegen__gcc_LP64.py:5651: Warning: exception TypeConfigurationError('direction not given',) in wrapper <pybindgen.cppmethod.CppConstructor object at 0x7f53cfd40f10>
  cls.add_constructor([param('uint8_t const *', 'buffer'), param('uint32_t', 'size'), param('bool', 'magic')])
/home/tommaso/OldNS3/ns-allinone-3.17/ns-3.17/src/flow-monitor/bindings/modulegen__gcc_LP64.py:5653: Warning: exception TypeConfigurationError('direction not given',) in wrapper <pybindgen.cppmethod.CppConstructor object at 0x7f53cfd40f90>
  cls.add_constructor([param('uint8_t const *', 'buffer'), param('uint32_t', 'size')])
/home/tommaso/OldNS3/ns-allinone-3.17/ns-3.17/src/flow-monitor/bindings/modulegen__gcc_LP64.py:5694: Warning: exception TypeConfigurationError('direction not given',) in wrapper public: retval? ???::CopyData (params?) const;
  is_const=True)
/home/tommaso/OldNS3/ns-allinone-3.17/ns-3.17/src/flow-monitor/bindings/modulegen__gcc_LP64.py:5699: Warning: exception TypeLookupError(['std::ostream *'],) in wrapper public: retval? ???::CopyData (params?) const;
  is_const=True)
/home/tommaso/OldNS3/ns-allinone-3.17/ns-3.17/src/flow-monitor/bindings/modulegen__gcc_LP64.py:5754: Warning: exception TypeLookupError(['uint8_t *'],) in wrapper public: retval? ???::PeekData (params?) const;
  deprecated=True, is_const=True)
/home/tommaso/OldNS3/ns-allinone-3.17/ns-3.17/src/flow-monitor/bindings/modulegen__gcc_LP64.py:5773: Warning: exception TypeLookupError(['std::ostream &'],) in wrapper public: retval? ???::Print (params?) const;
  is_const=True)
/home/tommaso/OldNS3/ns-allinone-3.17/ns-3.17/src/flow-monitor/bindings/modulegen__gcc_LP64.py:5778: Warning: exception TypeLookupError(['std::ostream &'],) in wrapper public: retval? ???::PrintByteTags (params?) const;
  is_const=True)
/home/tommaso/OldNS3/ns-allinone-3.17/ns-3.17/src/flow-monitor/bindings/modulegen__gcc_LP64.py:5783: Warning: exception TypeLookupError(['std::ostream &'],) in wrapper public: retval? ???::PrintPacketTags (params?) const;
  is_const=True)
/home/tommaso/OldNS3/ns-allinone-3.17/ns-3.17/src/flow-monitor/bindings/modulegen__gcc_LP64.py:5816: Warning: exception TypeConfigurationError('direction not given',) in wrapper public: retval? ???::Serialize (params?) const;
  is_const=True)
/home/tommaso/OldNS3/ns-allinone-3.17/pybindgen-0.16.0.825/pybindgen/cppclass_typehandlers.py:1098: UserWarning: Returning shared pointers is dangerous!  The C++ API should be redesigned to avoid this situation.
  warnings.warn("Returning shared pointers is dangerous!"
